#
# A fatal error has been detected by the Java Runtime Environment:
#
#  SIGSEGV (0xb) at pc=0x0000000104d900b0, pid=31470, tid=43019
#
# JRE version: Java(TM) SE Runtime Environment (17.0+35) (build 17+35-LTS-2724)
# Java VM: Java HotSpot(TM) 64-Bit Server VM (17+35-LTS-2724, mixed mode, sharing, tiered, compressed oops, compressed class ptrs, g1 gc, bsd-amd64)
# Problematic frame:
# V  [libjvm.dylib+0x9ab0b0]  SystemDictionary::resolve_instance_class_or_null(Symbol*, Handle, Handle, JavaThread*)+0x170
#
# No core dump will be written. Core dumps have been disabled. To enable core dumping, try "ulimit -c unlimited" before starting Java again
#
# If you would like to submit a bug report, please visit:
#   https://bugreport.java.com/bugreport/crash.jsp
#

---------------  S U M M A R Y ------------

Command Line: -Dfile.encoding=UTF-8 -Duser.country=FR -Duser.language=fr -Duser.variant --module-path=/Users/benjamin/Dropbox/Travail/Etudes/BTS SIO - SLAM/ANNÉE 2/Matières spécialisées/Projets/AP4 - GSB/GSB - Médecins/gsb_medecins/build/libs/gsb_medecin_mac-1.0-SNAPSHOT.jar:/Users/benjamin/Dropbox/Travail/Etudes/BTS SIO - SLAM/ANNÉE 2/Matières spécialisées/Projets/AP4 - GSB/GSB - Médecins/gsb_medecins/build/classes/java/main:/Users/benjamin/.gradle/caches/modules-2/files-2.1/org.openjfx/javafx-fxml/17.0.1/4ec9abf3948b347b5ce0e09813add3f25a6dbc0b/javafx-fxml-17.0.1-mac.jar:/Users/benjamin/.gradle/caches/modules-2/files-2.1/org.openjfx/javafx-controls/17.0.1/9c4e3c7ee4fe3f2d71cb94811910695f43040dc5/javafx-controls-17.0.1-mac.jar:/Users/benjamin/.gradle/caches/modules-2/files-2.1/org.openjfx/javafx-controls/17.0.1/4aa202089425f7b3bac4566e98da4b94ad10ee00/javafx-controls-17.0.1.jar:/Users/benjamin/.gradle/caches/modules-2/files-2.1/org.openjfx/javafx-graphics/17.0.1/60505369f7528056d4d8c5ea080df5447bdb0264/javafx-graphics-17.0.1-mac.jar:/Users/benjamin/.gradle/caches/modules-2/files-2.1/org.openjfx/javafx-graphics/17.0.1/324fd0f6c9c55330fc64a44dde0887d9646e800a/javafx-graphics-17.0.1.jar:/Users/benjamin/.gradle/caches/modules-2/files-2.1/org.openjfx/javafx-base/17.0.1/75cfa6f780ea3b3fd4ae336161e9e136ebb91ef2/javafx-base-17.0.1-mac.jar:/Users/benjamin/.gradle/caches/modules-2/files-2.1/org.openjfx/javafx-base/17.0.1/2c53dcf0d89ff42a63b09d941cab75c5a052ef32/javafx-base-17.0.1.jar:/Users/benjamin/.gradle/caches/modules-2/files-2.1/com.dlsc.formsfx/formsfx-core/11.4.2/64a96bb0ec2ad4ab7be1df09070f0af3901a7db6/formsfx-core-11.4.2.jar:/Users/benjamin/.gradle/caches/modules-2/files-2.1/com.google.protobuf/protobuf-java/3.11.4/7ec0925cc3aef0335bbc7d57edfd42b0f86f8267/protobuf-java-3.11.4.jar -Djdk.module.main=fr.skaayz.project fr.skaayz.project/fr.skaayz.gsb_medecin_mac.Main

Host: "MacBookAir7,2" x86_64 1800 MHz, 4 cores, 8G, Darwin 21.2.0, macOS 12.1 (21C52)
Time: Wed Mar 30 10:49:14 2022 CEST elapsed time: 29.835271 seconds (0d 0h 0m 29s)

---------------  T H R E A D  ---------------

Current thread (0x00007fc6fb11bc00):  JavaThread "Glass/Prism Shutdown Hook" [_thread_in_vm, id=43019, stack(0x000070000d45e000,0x000070000d55e000)]

Stack: [0x000070000d45e000,0x000070000d55e000],  sp=0x000070000d55d730,  free space=1021k
Native frames: (J=compiled Java code, j=interpreted, Vv=VM code, C=native code)
V  [libjvm.dylib+0x9ab0b0]  SystemDictionary::resolve_instance_class_or_null(Symbol*, Handle, Handle, JavaThread*)+0x170
V  [libjvm.dylib+0x9aaa14]  SystemDictionary::resolve_or_fail(Symbol*, Handle, Handle, bool, JavaThread*)+0x64
V  [libjvm.dylib+0x33d987]  ConstantPool::klass_at_impl(constantPoolHandle const&, int, JavaThread*)+0x1a7
V  [libjvm.dylib+0x33e559]  ConstantPool::klass_ref_at(int, JavaThread*)+0xa9
V  [libjvm.dylib+0x70f3dc]  LinkInfo::LinkInfo(constantPoolHandle const&, int, JavaThread*)+0x3c
V  [libjvm.dylib+0x71461b]  LinkResolver::resolve_invokevirtual(CallInfo&, Handle, constantPoolHandle const&, int, JavaThread*)+0x2b
V  [libjvm.dylib+0x4fc5a9]  InterpreterRuntime::resolve_invoke(JavaThread*, Bytecodes::Code)+0x339
V  [libjvm.dylib+0x4fcc49]  InterpreterRuntime::resolve_from_cache(JavaThread*, Bytecodes::Code)+0x59
j  com.sun.javafx.tk.quantum.QuantumToolkit$1.run()V+4 javafx.graphics
v  ~StubRoutines::call_stub
V  [libjvm.dylib+0x503091]  JavaCalls::call_helper(JavaValue*, methodHandle const&, JavaCallArguments*, JavaThread*)+0x2a1
V  [libjvm.dylib+0x502107]  JavaCalls::call_virtual(JavaValue*, Klass*, Symbol*, Symbol*, JavaCallArguments*, JavaThread*)+0x147
V  [libjvm.dylib+0x5021d3]  JavaCalls::call_virtual(JavaValue*, Handle, Klass*, Symbol*, Symbol*, JavaThread*)+0x63
V  [libjvm.dylib+0x5aaab4]  thread_entry(JavaThread*, JavaThread*)+0xb4
V  [libjvm.dylib+0x9ee092]  JavaThread::thread_main_inner()+0x142
V  [libjvm.dylib+0x9ec68a]  Thread::call_run()+0x11a
V  [libjvm.dylib+0x880fd8]  thread_native_entry(Thread*)+0x148
C  [libsystem_pthread.dylib+0x64f4]  _pthread_start+0x7d
C  [libsystem_pthread.dylib+0x200f]  thread_start+0xf

Java frames: (J=compiled Java code, j=interpreted, Vv=VM code)
j  com.sun.javafx.tk.quantum.QuantumToolkit$1.run()V+4 javafx.graphics
v  ~StubRoutines::call_stub

siginfo: si_signo: 11 (SIGSEGV), si_code: 1 (SEGV_MAPERR), si_addr: 0x0000000000000056

Register to memory mapping:

RAX=0xfffffffffffffffe is an unknown value
RBX=0x0000600000fa4280 points into unknown readable memory: 0x0000000000000002 | 02 00 00 00 00 00 00 00
RCX=0x0000000105028806: _ZN16LogTagSetMappingILN6LogTag4typeE43ELS1_46ELS1_39ELS1_0ELS1_0ELS1_0EE7_tagsetE+0x4e in /Library/Java/JavaVirtualMachines/jdk-17.jdk/Contents/Home/lib/server/libjvm.dylib at 0x00000001043e5000
RDX=0x0000000800000000 is pointing into metadata
RSP=0x000070000d55d730 is pointing into the stack for thread: 0x00007fc6fb11bc00
RBP=0x000070000d55d830 is pointing into the stack for thread: 0x00007fc6fb11bc00
RSI=0x00000008000807e0 is a pointer to class: 
jdk.internal.loader.ClassLoaders$AppClassLoader {0x00000008000807e0}
 - instance size:     13
 - klass size:        104
 - access:            synchronized 
 - state:             fully_initialized
 - name:              'jdk/internal/loader/ClassLoaders$AppClassLoader'
 - super:             'jdk/internal/loader/BuiltinClassLoader'
 - sub:               
 - arrays:            NULL
 - methods:           Array<T>(0x00000008006556b8)
 - method ordering:   Array<T>(0x0000000800655808)
 - default_methods:   Array<T>(0x0000000000000000)
 - local interfaces:  Array<T>(0x00000008005bf648)
 - trans. interfaces: Array<T>(0x00000008005bf648)
 - constants:         constant pool [119] {0x0000000800652eb8} for 'jdk/internal/loader/ClassLoaders$AppClassLoader' cache=0x0000000800080bf8
 - class loader data:  loader data: 0x0000600002bf8280 of 'bootstrap'
 - source file:       'ClassLoaders.java'
 - class annotations:       Array<T>(0x0000000000000000)
 - class type annotations:  Array<T>(0x0000000000000000)
 - field annotations:       Array<T>(0x0000000000000000)
 - field type annotations:  Array<T>(0x0000000000000000)
 - inner classes:     Array<T>(0x00000008006556a0)
 - nest members:     Array<T>(0x00000008005bf5d8)
 - permitted subclasses:     Array<T>(0x00000008005bf5d8)
 - java mirror:       a 'java/lang/Class'{0x00000007ffe03e38} = 'jdk/internal/loader/ClassLoaders$AppClassLoader'
 - vtable length      43  (start addr: 0x00000008000809b0)
 - itable length      2 (start addr: 0x0000000800080b08)
 - ---- static fields (0 words):
 - ---- non-static fields (23 words):
 - private 'defaultAssertionStatus' 'Z' @12 
 - private final 'parent' 'Ljava/lang/ClassLoader;' @24 
 - private final 'name' 'Ljava/lang/String;' @28 
 - private final 'unnamedModule' 'Ljava/lang/Module;' @32 
 - private final 'nameAndId' 'Ljava/lang/String;' @36 
 - private final 'parallelLockMap' 'Ljava/util/concurrent/ConcurrentHashMap;' @40 
 - private final 'package2certs' 'Ljava/util/concurrent/ConcurrentHashMap;' @44 
 - private final 'classes' 'Ljava/util/ArrayList;' @48 
 - private final 'defaultDomain' 'Ljava/security/ProtectionDomain;' @52 
 - private final 'packages' 'Ljava/util/concurrent/ConcurrentHashMap;' @56 
 - private final 'libraries' 'Ljdk/internal/loader/NativeLibraries;' @60 
 - final 'assertionLock' 'Ljava/lang/Object;' @64 
 - private 'packageAssertionStatus' 'Ljava/util/Map;' @68 
 - 'classAssertionStatus' 'Ljava/util/Map;' @72 
 - private volatile 'classLoaderValueMap' 'Ljava/util/concurrent/ConcurrentHashMap;' @76 
 - private final 'pdcache' 'Ljava/util/Map;' @80 
 - private final 'parent' 'Ljdk/internal/loader/BuiltinClassLoader;' @84 
 - private synchronized 'ucp' 'Ljdk/internal/loader/URLClassPath;' @88 
 - private final 'nameToModule' 'Ljava/util/Map;' @92 
 - private final 'moduleToReader' 'Ljava/util/Map;' @96 
 - private volatile 'resourceCache' 'Ljava/lang/ref/SoftReference;' @100 
 - non-static oop maps: 24-100 
RDI=0x0000018000053b09 is an unknown value
R8 =0x0000000780000000 points into unknown readable memory: 0x0000000000000000 | 00 00 00 00 00 00 00 00
R9 =0x00007fc6fb11bc00 is a thread
R10=0x0000000105088f40: _ZN19TemplateInterpreter13_active_tableE+0x4800 in /Library/Java/JavaVirtualMachines/jdk-17.jdk/Contents/Home/lib/server/libjvm.dylib at 0x00000001043e5000
R11=0x0 is NULL
R12=0x00006000025fd3e0 points into unknown readable memory: 0x0000000787f1cc50 | 50 cc f1 87 07 00 00 00
R13=0x00006000025fd3d8 points into unknown readable memory: 0x0000000787b5ef50 | 50 ef b5 87 07 00 00 00
R14=0x0000000787f1cc50 is an oop: jdk.internal.loader.ClassLoaders$AppClassLoader 
{0x0000000787f1cc50} - klass: 'jdk/internal/loader/ClassLoaders$AppClassLoader'
 - ---- fields (total size 13 words):
 - private 'defaultAssertionStatus' 'Z' @12  true (a)
 - private final 'parent' 'Ljava/lang/ClassLoader;' @24  a 'java/lang/Class'{0x000000078760eb58} = 'com/sun/glass/ui/Screen' (f0ec1d6b)
 - private final 'name' 'Ljava/lang/String;' @28  "app"{0x00000007fff0bb20} (fffe1764)
 - private final 'unnamedModule' 'Ljava/lang/Module;' @32  a 'java/lang/Module'{0x0000000787f1cde0} (f0fe39bc)
 - private final 'nameAndId' 'Ljava/lang/String;' @36  a 'java/lang/invoke/ResolvedMethodName'{0x000000078750ba38} (f0ea1747)
 - private final 'parallelLockMap' 'Ljava/util/concurrent/ConcurrentHashMap;' @40  a 'java/util/concurrent/ConcurrentHashMap'{0x0000000787f1ce18} (f0fe39c3)
 - private final 'package2certs' 'Ljava/util/concurrent/ConcurrentHashMap;' @44  a 'java/util/concurrent/ConcurrentHashMap'{0x0000000787f1ce68} (f0fe39cd)
 - private final 'classes' 'Ljava/util/ArrayList;' @48  a 'java/util/ArrayList'{0x0000000787f1ccb8} (f0fe3997)
 - private final 'defaultDomain' 'Ljava/security/ProtectionDomain;' @52  a 'java/security/ProtectionDomain'{0x0000000787f1ccd0} (f0fe399a)
 - private final 'packages' 'Ljava/util/concurrent/ConcurrentHashMap;' @56  a 'java/util/concurrent/ConcurrentHashMap'{0x0000000787f1cd40} (f0fe39a8)
 - private final 'libraries' 'Ljdk/internal/loader/NativeLibraries;' @60  a 'jdk/internal/loader/NativeLibraries'{0x0000000787f1cd80} (f0fe39b0)
 - final 'assertionLock' 'Ljava/lang/Object;' @64  a 'java/lang/Object'{0x0000000787f1ce58} (f0fe39cb)
 - private 'packageAssertionStatus' 'Ljava/util/Map;' @68  NULL (0)
 - 'classAssertionStatus' 'Ljava/util/Map;' @72  NULL (0)
 - private volatile 'classLoaderValueMap' 'Ljava/util/concurrent/ConcurrentHashMap;' @76  a 'java/util/concurrent/ConcurrentHashMap'{0x0000000787f1d250} (f0fe3a4a)
 - private final 'pdcache' 'Ljava/util/Map;' @80  a 'java/util/concurrent/ConcurrentHashMap'{0x0000000787f1cf10} (f0fe39e2)
 - private final 'parent' 'Ljdk/internal/loader/BuiltinClassLoader;' @84  a 'jdk/internal/loader/ClassLoaders$PlatformClassLoader'{0x0000000787f1b5e0} (f0fe36bc)
 - private synchronized 'ucp' 'Ljdk/internal/loader/URLClassPath;' @88  a 'jdk/internal/loader/URLClassPath'{0x0000000787f1bc38} (f0fe3787)
 - private final 'nameToModule' 'Ljava/util/Map;' @92  a 'java/util/concurrent/ConcurrentHashMap'{0x0000000787f1cf50} (f0fe39ea)
 - private final 'moduleToReader' 'Ljava/util/Map;' @96  a 'java/util/concurrent/ConcurrentHashMap'{0x0000000787f1cf90} (f0fe39f2)
 - private volatile 'resourceCache' 'Ljava/lang/ref/SoftReference;' @100  NULL (0)
R15=0x00006000014ec240 points into unknown readable memory: 0x6f6300288a2d0016 | 16 00 2d 8a 28 00 63 6f


Registers:
RAX=0xfffffffffffffffe, RBX=0x0000600000fa4280, RCX=0x0000000105028806, RDX=0x0000000800000000
RSP=0x000070000d55d730, RBP=0x000070000d55d830, RSI=0x00000008000807e0, RDI=0x0000018000053b09
R8 =0x0000000780000000, R9 =0x00007fc6fb11bc00, R10=0x0000000105088f40, R11=0x0000000000000000
R12=0x00006000025fd3e0, R13=0x00006000025fd3d8, R14=0x0000000787f1cc50, R15=0x00006000014ec240
RIP=0x0000000104d900b0, EFLAGS=0x0000000000010206, ERR=0x0000000000000004
  TRAPNO=0x000000000000000e

Top of Stack: (sp=0x000070000d55d730)
0x000070000d55d730:   0000000000000000 00007fc6fb11bc00
0x000070000d55d740:   0000600000fa4280 00006000025fd3b0
0x000070000d55d750:   00006000025fd3e0 00006000025fd498
0x000070000d55d760:   00000000000000d8 000070000d55dc00
0x000070000d55d770:   0000000000000000 0000000000000000
0x000070000d55d780:   0000000000000001 0000000104f16376
0x000070000d55d790:   0000000000000000 0000000000000000
0x000070000d55d7a0:   0000000000000000 0000000000000000
0x000070000d55d7b0:   0000000000000019 000000000000001f
0x000070000d55d7c0:   00006000025fd3d8 000070000d55db78
0x000070000d55d7d0:   000070000d55d7e0 0000000000000000
0x000070000d55d7e0:   0000000104f16123 00007fc6fb11bc00
0x000070000d55d7f0:   00007fc600000000 00006000025fd3e0
0x000070000d55d800:   0000000104f1639a 00006000025fd3d0
0x000070000d55d810:   00006000014ec240 00006000025fd3d8
0x000070000d55d820:   0000000000000001 00007fc6fb11bc00
0x000070000d55d830:   000070000d55d870 0000000104d8fa14
0x000070000d55d840:   000000010506afcf 000000000000000e
0x000070000d55d850:   000070000d55d8e0 00006000025fd3d8
0x000070000d55d860:   00007fc6fb11bc00 0000000787b5ef50
0x000070000d55d870:   000070000d55d8d0 0000000104722987
0x000070000d55d880:   00006000014ec240 0000000000000002
0x000070000d55d890:   000000000000000e 00006000025fd3d0
0x000070000d55d8a0:   0000000e00000000 0000600001aab2a0
0x000070000d55d8b0:   000000000000000e 0000000000000000
0x000070000d55d8c0:   00007fc6fb11bc00 000070000d55d8e0
0x000070000d55d8d0:   000070000d55d910 0000000104723559
0x000070000d55d8e0:   000000010d063038 00007fc6fb11bc00
0x000070000d55d8f0:   000070000d55d968 00007fc6fb11bc00
0x000070000d55d900:   000070000d55daa8 0000000000000002
0x000070000d55d910:   000070000d55d950 0000000104af43dc
0x000070000d55d920:   000000080043c068 000070000d55d9b8 

Instructions: (pc=0x0000000104d900b0)
0x0000000104d8ffb0:   fc 41 b6 ff 48 85 c0 4c 89 65 b8 75 19 e9 c7 00
0x0000000104d8ffc0:   00 00 31 ff e8 e7 41 b6 ff 48 85 c0 4c 89 65 b8
0x0000000104d8ffd0:   0f 84 b3 00 00 00 49 89 c6 49 8b 9c 24 38 02 00
0x0000000104d8ffe0:   00 4c 8b 63 18 49 83 fc f8 72 18 48 8d 15 77 17
0x0000000104d8fff0:   13 00 be 08 00 00 00 48 89 df e8 61 d0 7a ff 4c
0x0000000104d90000:   8b 63 18 49 8d 44 24 08 48 3b 43 20 76 6e be 08
0x0000000104d90010:   00 00 00 48 89 df 31 d2 e8 73 d0 7a ff 49 89 c4
0x0000000104d90020:   4d 89 34 24 4d 85 e4 74 60 4c 89 f7 31 f6 e8 2d
0x0000000104d90030:   61 ec ff 84 c0 75 26 48 8d 3d fb 1e 19 00 48 8d
0x0000000104d90040:   15 35 1f 19 00 48 8d 0d 6e 1f 19 00 be 23 00 00
0x0000000104d90050:   00 31 c0 e8 c8 23 9a ff e8 b3 5b ed ff 49 8b 3c
0x0000000104d90060:   24 e8 da 3d b6 ff 48 85 c0 4c 89 65 c8 0f 84 ef
0x0000000104d90070:   01 00 00 c7 45 c0 00 00 00 00 eb 22 48 89 43 18
0x0000000104d90080:   4d 89 34 24 4d 85 e4 75 a0 48 8d 05 10 f8 2c 00
0x0000000104d90090:   48 8b 00 b1 01 89 4d c0 31 c9 48 89 4d c8 48 8d
0x0000000104d900a0:   0d 57 88 29 00 8a 09 80 c1 03 4c 89 ff 48 d3 ef
0x0000000104d900b0:   4c 8b 68 58 41 8b 0f 49 89 c4 41 8b 57 04 c1 e2
0x0000000104d900c0:   08 41 0f b6 77 06 c1 e6 08 45 0f b6 77 07 41 09
0x0000000104d900d0:   f6 41 31 d6 41 31 fe 41 0f a4 ce 10 4c 89 ef 44
0x0000000104d900e0:   89 f6 4c 89 fa 48 8b 4d 90 e8 42 0b a1 ff 48 89
0x0000000104d900f0:   c3 48 85 c0 0f 85 88 03 00 00 4c 89 6d a8 4c 89
0x0000000104d90100:   65 b0 80 7d c0 00 74 04 31 f6 eb 20 48 8d 05 f3
0x0000000104d90110:   80 2d 00 80 38 00 4c 8b 65 c8 75 0d 49 8b 3c 24
0x0000000104d90120:   e8 9b 3f b6 ff 84 c0 75 df 4c 89 e6 48 8b 5d b8
0x0000000104d90130:   4d 89 fc 48 8d bd 40 ff ff ff 48 89 b5 58 ff ff
0x0000000104d90140:   ff 48 89 da e8 a7 cb ff ff 48 8d 05 30 a2 2e 00
0x0000000104d90150:   4c 8b 28 4d 85 ed 74 0b 4c 89 ef 48 89 de e8 1d
0x0000000104d90160:   49 ea ff 48 8b 7d a8 44 89 f6 4c 89 e2 e8 7e 0b
0x0000000104d90170:   a1 ff 48 85 c0 48 89 45 c0 0f 84 f9 00 00 00 48
0x0000000104d90180:   89 c2 31 f6 45 31 ff 4d 85 ed 74 12 4c 89 ef 48
0x0000000104d90190:   89 f3 e8 79 4a ea ff 48 89 de 48 8b 55 c0 45 84
0x0000000104d901a0:   ff 4c 8b 6d b8 4d 89 e7 74 28 4c 89 ff 48 8b 55 


Stack slot to memory mapping:
stack at sp + 0 slots: 0x0 is NULL
stack at sp + 1 slots: 0x00007fc6fb11bc00 is a thread
stack at sp + 2 slots: 0x0000600000fa4280 points into unknown readable memory: 0x0000000000000002 | 02 00 00 00 00 00 00 00
stack at sp + 3 slots: 0x00006000025fd3b0 points into unknown readable memory: 0x0000000000000000 | 00 00 00 00 00 00 00 00
stack at sp + 4 slots: 0x00006000025fd3e0 points into unknown readable memory: 0x0000000787f1cc50 | 50 cc f1 87 07 00 00 00
stack at sp + 5 slots: 0x00006000025fd498 points into unknown readable memory: 0x0000000000000000 | 00 00 00 00 00 00 00 00
stack at sp + 6 slots: 0x00000000000000d8 is an unknown value
stack at sp + 7 slots: 0x000070000d55dc00 is pointing into the stack for thread: 0x00007fc6fb11bc00


---------------  P R O C E S S  ---------------

Threads class SMR info:
_java_thread_list=0x0000600001aab040, length=16, elements={
0x00007fc6fa00b200, 0x00007fc6f900c400, 0x00007fc6fb03c600, 0x00007fc6fb03cc00,
0x00007fc6fa812000, 0x00007fc6fa082a00, 0x00007fc6fa815e00, 0x00007fc6f900e000,
0x00007fc6fa083000, 0x00007fc6f900e600, 0x00007fc6fa815800, 0x00007fc6fb035600,
0x00007fc6fa07e600, 0x00007fc6fb1c0c00, 0x00007fc6f91b4c00, 0x00007fc6fb11bc00
}

Java Threads: ( => current thread )
  0x00007fc6fa00b200 JavaThread "main" [_thread_blocked, id=9475, stack(0x000070000be16000,0x000070000bf16000)]
  0x00007fc6f900c400 JavaThread "Reference Handler" daemon [_thread_blocked, id=15875, stack(0x000070000c52b000,0x000070000c62b000)]
  0x00007fc6fb03c600 JavaThread "Finalizer" daemon [_thread_blocked, id=14595, stack(0x000070000c62e000,0x000070000c72e000)]
  0x00007fc6fb03cc00 JavaThread "Signal Dispatcher" daemon [_thread_blocked, id=42243, stack(0x000070000c837000,0x000070000c937000)]
  0x00007fc6fa812000 JavaThread "Service Thread" daemon [_thread_blocked, id=41731, stack(0x000070000c93a000,0x000070000ca3a000)]
  0x00007fc6fa082a00 JavaThread "Monitor Deflation Thread" daemon [_thread_blocked, id=41219, stack(0x000070000ca3d000,0x000070000cb3d000)]
  0x00007fc6fa815e00 JavaThread "C2 CompilerThread0" daemon [_thread_blocked, id=40707, stack(0x000070000cb40000,0x000070000cc40000)]
  0x00007fc6f900e000 JavaThread "C1 CompilerThread0" daemon [_thread_blocked, id=40195, stack(0x000070000cc43000,0x000070000cd43000)]
  0x00007fc6fa083000 JavaThread "Sweeper thread" daemon [_thread_blocked, id=22787, stack(0x000070000cd46000,0x000070000ce46000)]
  0x00007fc6f900e600 JavaThread "Common-Cleaner" daemon [_thread_blocked, id=39427, stack(0x000070000ce49000,0x000070000cf49000)]
  0x00007fc6fa815800 JavaThread "Notification Thread" daemon [_thread_blocked, id=39171, stack(0x000070000cf4c000,0x000070000d04c000)]
  0x00007fc6fb035600 JavaThread "QuantumRenderer-0" daemon [_thread_blocked, id=38403, stack(0x000070000d152000,0x000070000d252000)]
  0x00007fc6fa07e600 JavaThread "InvokeLaterDispatcher" daemon [_thread_blocked, id=34059, stack(0x000070000d255000,0x000070000d355000)]
  0x00007fc6fb1c0c00 JavaThread "Thread-1" [_thread_in_native, id=259, stack(0x00007ff7bc469000,0x00007ff7bcc69000)]
  0x00007fc6f91b4c00 JavaThread "SIGTERM handler" daemon [_thread_blocked, id=14855, stack(0x000070000c731000,0x000070000c831000)]
=>0x00007fc6fb11bc00 JavaThread "Glass/Prism Shutdown Hook" [_thread_in_vm, id=43019, stack(0x000070000d45e000,0x000070000d55e000)]

Other Threads:
  0x00007fc6f9806950 VMThread "VM Thread" [stack: 0x000070000c428000,0x000070000c528000] [id=14083]
  0x00007fc6f8f0a350 WatcherThread [stack: 0x000070000d04f000,0x000070000d14f000] [id=38659]
  0x00007fc6f9b051f0 GCTaskThread "GC Thread#0" [stack: 0x000070000bf19000,0x000070000c019000] [id=19971]
  0x00007fc6f9b05890 ConcurrentGCThread "G1 Main Marker" [stack: 0x000070000c01c000,0x000070000c11c000] [id=19459]
  0x00007fc6f9905370 ConcurrentGCThread "G1 Conc#0" [stack: 0x000070000c11f000,0x000070000c21f000] [id=18435]
  0x00007fc6f9906bd0 ConcurrentGCThread "G1 Refine#0" [stack: 0x000070000c222000,0x000070000c322000] [id=13059]
  0x00007fc6f9804e90 ConcurrentGCThread "G1 Service" [stack: 0x000070000c325000,0x000070000c425000] [id=17923]

Threads with active compile tasks:

VM state: not at safepoint (normal execution)

VM Mutex/Monitor currently owned by a thread: None

Heap address: 0x0000000780000000, size: 2048 MB, Compressed Oops mode: Zero based, Oop shift amount: 3

CDS archive(s) mapped at: [0x0000000800000000-0x0000000800bd0000-0x0000000800bd0000), size 12386304, SharedBaseAddress: 0x0000000800000000, ArchiveRelocationMode: 0.
Compressed class space mapped at: 0x0000000800c00000-0x0000000840c00000, reserved size: 1073741824
Narrow klass base: 0x0000000800000000, Narrow klass shift: 0, Narrow klass range: 0x100000000

GC Precious Log:
 CPUs: 4 total, 4 available
 Memory: 8192M
 Large Page Support: Disabled
 NUMA Support: Disabled
 Compressed Oops: Enabled (Zero based)
 Heap Region Size: 1M
 Heap Min Capacity: 8M
 Heap Initial Capacity: 128M
 Heap Max Capacity: 2G
 Pre-touch: Disabled
 Parallel Workers: 4
 Concurrent Workers: 1
 Concurrent Refinement Workers: 4
 Periodic GC: Disabled

Heap:
 garbage-first heap   total 133120K, used 12244K [0x0000000780000000, 0x0000000800000000)
  region size 1024K, 12 young (12288K), 0 survivors (0K)
 Metaspace       used 2983K, committed 3136K, reserved 1056768K
  class space    used 336K, committed 448K, reserved 1048576K

Heap Regions: E=young(eden), S=young(survivor), O=old, HS=humongous(starts), HC=humongous(continues), CS=collection set, F=free, OA=open archive, CA=closed archive, TAMS=top-at-mark-start (previous, next)
|   0|0x0000000780000000, 0x0000000780000000, 0x0000000780100000|  0%| F|  |TAMS 0x0000000780000000, 0x0000000780000000| Untracked 
|   1|0x0000000780100000, 0x0000000780100000, 0x0000000780200000|  0%| F|  |TAMS 0x0000000780100000, 0x0000000780100000| Untracked 
|   2|0x0000000780200000, 0x0000000780200000, 0x0000000780300000|  0%| F|  |TAMS 0x0000000780200000, 0x0000000780200000| Untracked 
|   3|0x0000000780300000, 0x0000000780300000, 0x0000000780400000|  0%| F|  |TAMS 0x0000000780300000, 0x0000000780300000| Untracked 
|   4|0x0000000780400000, 0x0000000780400000, 0x0000000780500000|  0%| F|  |TAMS 0x0000000780400000, 0x0000000780400000| Untracked 
|   5|0x0000000780500000, 0x0000000780500000, 0x0000000780600000|  0%| F|  |TAMS 0x0000000780500000, 0x0000000780500000| Untracked 
|   6|0x0000000780600000, 0x0000000780600000, 0x0000000780700000|  0%| F|  |TAMS 0x0000000780600000, 0x0000000780600000| Untracked 
|   7|0x0000000780700000, 0x0000000780700000, 0x0000000780800000|  0%| F|  |TAMS 0x0000000780700000, 0x0000000780700000| Untracked 
|   8|0x0000000780800000, 0x0000000780800000, 0x0000000780900000|  0%| F|  |TAMS 0x0000000780800000, 0x0000000780800000| Untracked 
|   9|0x0000000780900000, 0x0000000780900000, 0x0000000780a00000|  0%| F|  |TAMS 0x0000000780900000, 0x0000000780900000| Untracked 
|  10|0x0000000780a00000, 0x0000000780a00000, 0x0000000780b00000|  0%| F|  |TAMS 0x0000000780a00000, 0x0000000780a00000| Untracked 
|  11|0x0000000780b00000, 0x0000000780b00000, 0x0000000780c00000|  0%| F|  |TAMS 0x0000000780b00000, 0x0000000780b00000| Untracked 
|  12|0x0000000780c00000, 0x0000000780c00000, 0x0000000780d00000|  0%| F|  |TAMS 0x0000000780c00000, 0x0000000780c00000| Untracked 
|  13|0x0000000780d00000, 0x0000000780d00000, 0x0000000780e00000|  0%| F|  |TAMS 0x0000000780d00000, 0x0000000780d00000| Untracked 
|  14|0x0000000780e00000, 0x0000000780e00000, 0x0000000780f00000|  0%| F|  |TAMS 0x0000000780e00000, 0x0000000780e00000| Untracked 
|  15|0x0000000780f00000, 0x0000000780f00000, 0x0000000781000000|  0%| F|  |TAMS 0x0000000780f00000, 0x0000000780f00000| Untracked 
|  16|0x0000000781000000, 0x0000000781000000, 0x0000000781100000|  0%| F|  |TAMS 0x0000000781000000, 0x0000000781000000| Untracked 
|  17|0x0000000781100000, 0x0000000781100000, 0x0000000781200000|  0%| F|  |TAMS 0x0000000781100000, 0x0000000781100000| Untracked 
|  18|0x0000000781200000, 0x0000000781200000, 0x0000000781300000|  0%| F|  |TAMS 0x0000000781200000, 0x0000000781200000| Untracked 
|  19|0x0000000781300000, 0x0000000781300000, 0x0000000781400000|  0%| F|  |TAMS 0x0000000781300000, 0x0000000781300000| Untracked 
|  20|0x0000000781400000, 0x0000000781400000, 0x0000000781500000|  0%| F|  |TAMS 0x0000000781400000, 0x0000000781400000| Untracked 
|  21|0x0000000781500000, 0x0000000781500000, 0x0000000781600000|  0%| F|  |TAMS 0x0000000781500000, 0x0000000781500000| Untracked 
|  22|0x0000000781600000, 0x0000000781600000, 0x0000000781700000|  0%| F|  |TAMS 0x0000000781600000, 0x0000000781600000| Untracked 
|  23|0x0000000781700000, 0x0000000781700000, 0x0000000781800000|  0%| F|  |TAMS 0x0000000781700000, 0x0000000781700000| Untracked 
|  24|0x0000000781800000, 0x0000000781800000, 0x0000000781900000|  0%| F|  |TAMS 0x0000000781800000, 0x0000000781800000| Untracked 
|  25|0x0000000781900000, 0x0000000781900000, 0x0000000781a00000|  0%| F|  |TAMS 0x0000000781900000, 0x0000000781900000| Untracked 
|  26|0x0000000781a00000, 0x0000000781a00000, 0x0000000781b00000|  0%| F|  |TAMS 0x0000000781a00000, 0x0000000781a00000| Untracked 
|  27|0x0000000781b00000, 0x0000000781b00000, 0x0000000781c00000|  0%| F|  |TAMS 0x0000000781b00000, 0x0000000781b00000| Untracked 
|  28|0x0000000781c00000, 0x0000000781c00000, 0x0000000781d00000|  0%| F|  |TAMS 0x0000000781c00000, 0x0000000781c00000| Untracked 
|  29|0x0000000781d00000, 0x0000000781d00000, 0x0000000781e00000|  0%| F|  |TAMS 0x0000000781d00000, 0x0000000781d00000| Untracked 
|  30|0x0000000781e00000, 0x0000000781e00000, 0x0000000781f00000|  0%| F|  |TAMS 0x0000000781e00000, 0x0000000781e00000| Untracked 
|  31|0x0000000781f00000, 0x0000000781f00000, 0x0000000782000000|  0%| F|  |TAMS 0x0000000781f00000, 0x0000000781f00000| Untracked 
|  32|0x0000000782000000, 0x0000000782000000, 0x0000000782100000|  0%| F|  |TAMS 0x0000000782000000, 0x0000000782000000| Untracked 
|  33|0x0000000782100000, 0x0000000782100000, 0x0000000782200000|  0%| F|  |TAMS 0x0000000782100000, 0x0000000782100000| Untracked 
|  34|0x0000000782200000, 0x0000000782200000, 0x0000000782300000|  0%| F|  |TAMS 0x0000000782200000, 0x0000000782200000| Untracked 
|  35|0x0000000782300000, 0x0000000782300000, 0x0000000782400000|  0%| F|  |TAMS 0x0000000782300000, 0x0000000782300000| Untracked 
|  36|0x0000000782400000, 0x0000000782400000, 0x0000000782500000|  0%| F|  |TAMS 0x0000000782400000, 0x0000000782400000| Untracked 
|  37|0x0000000782500000, 0x0000000782500000, 0x0000000782600000|  0%| F|  |TAMS 0x0000000782500000, 0x0000000782500000| Untracked 
|  38|0x0000000782600000, 0x0000000782600000, 0x0000000782700000|  0%| F|  |TAMS 0x0000000782600000, 0x0000000782600000| Untracked 
|  39|0x0000000782700000, 0x0000000782700000, 0x0000000782800000|  0%| F|  |TAMS 0x0000000782700000, 0x0000000782700000| Untracked 
|  40|0x0000000782800000, 0x0000000782800000, 0x0000000782900000|  0%| F|  |TAMS 0x0000000782800000, 0x0000000782800000| Untracked 
|  41|0x0000000782900000, 0x0000000782900000, 0x0000000782a00000|  0%| F|  |TAMS 0x0000000782900000, 0x0000000782900000| Untracked 
|  42|0x0000000782a00000, 0x0000000782a00000, 0x0000000782b00000|  0%| F|  |TAMS 0x0000000782a00000, 0x0000000782a00000| Untracked 
|  43|0x0000000782b00000, 0x0000000782b00000, 0x0000000782c00000|  0%| F|  |TAMS 0x0000000782b00000, 0x0000000782b00000| Untracked 
|  44|0x0000000782c00000, 0x0000000782c00000, 0x0000000782d00000|  0%| F|  |TAMS 0x0000000782c00000, 0x0000000782c00000| Untracked 
|  45|0x0000000782d00000, 0x0000000782d00000, 0x0000000782e00000|  0%| F|  |TAMS 0x0000000782d00000, 0x0000000782d00000| Untracked 
|  46|0x0000000782e00000, 0x0000000782e00000, 0x0000000782f00000|  0%| F|  |TAMS 0x0000000782e00000, 0x0000000782e00000| Untracked 
|  47|0x0000000782f00000, 0x0000000782f00000, 0x0000000783000000|  0%| F|  |TAMS 0x0000000782f00000, 0x0000000782f00000| Untracked 
|  48|0x0000000783000000, 0x0000000783000000, 0x0000000783100000|  0%| F|  |TAMS 0x0000000783000000, 0x0000000783000000| Untracked 
|  49|0x0000000783100000, 0x0000000783100000, 0x0000000783200000|  0%| F|  |TAMS 0x0000000783100000, 0x0000000783100000| Untracked 
|  50|0x0000000783200000, 0x0000000783200000, 0x0000000783300000|  0%| F|  |TAMS 0x0000000783200000, 0x0000000783200000| Untracked 
|  51|0x0000000783300000, 0x0000000783300000, 0x0000000783400000|  0%| F|  |TAMS 0x0000000783300000, 0x0000000783300000| Untracked 
|  52|0x0000000783400000, 0x0000000783400000, 0x0000000783500000|  0%| F|  |TAMS 0x0000000783400000, 0x0000000783400000| Untracked 
|  53|0x0000000783500000, 0x0000000783500000, 0x0000000783600000|  0%| F|  |TAMS 0x0000000783500000, 0x0000000783500000| Untracked 
|  54|0x0000000783600000, 0x0000000783600000, 0x0000000783700000|  0%| F|  |TAMS 0x0000000783600000, 0x0000000783600000| Untracked 
|  55|0x0000000783700000, 0x0000000783700000, 0x0000000783800000|  0%| F|  |TAMS 0x0000000783700000, 0x0000000783700000| Untracked 
|  56|0x0000000783800000, 0x0000000783800000, 0x0000000783900000|  0%| F|  |TAMS 0x0000000783800000, 0x0000000783800000| Untracked 
|  57|0x0000000783900000, 0x0000000783900000, 0x0000000783a00000|  0%| F|  |TAMS 0x0000000783900000, 0x0000000783900000| Untracked 
|  58|0x0000000783a00000, 0x0000000783a00000, 0x0000000783b00000|  0%| F|  |TAMS 0x0000000783a00000, 0x0000000783a00000| Untracked 
|  59|0x0000000783b00000, 0x0000000783b00000, 0x0000000783c00000|  0%| F|  |TAMS 0x0000000783b00000, 0x0000000783b00000| Untracked 
|  60|0x0000000783c00000, 0x0000000783c00000, 0x0000000783d00000|  0%| F|  |TAMS 0x0000000783c00000, 0x0000000783c00000| Untracked 
|  61|0x0000000783d00000, 0x0000000783d00000, 0x0000000783e00000|  0%| F|  |TAMS 0x0000000783d00000, 0x0000000783d00000| Untracked 
|  62|0x0000000783e00000, 0x0000000783e00000, 0x0000000783f00000|  0%| F|  |TAMS 0x0000000783e00000, 0x0000000783e00000| Untracked 
|  63|0x0000000783f00000, 0x0000000783f00000, 0x0000000784000000|  0%| F|  |TAMS 0x0000000783f00000, 0x0000000783f00000| Untracked 
|  64|0x0000000784000000, 0x0000000784000000, 0x0000000784100000|  0%| F|  |TAMS 0x0000000784000000, 0x0000000784000000| Untracked 
|  65|0x0000000784100000, 0x0000000784100000, 0x0000000784200000|  0%| F|  |TAMS 0x0000000784100000, 0x0000000784100000| Untracked 
|  66|0x0000000784200000, 0x0000000784200000, 0x0000000784300000|  0%| F|  |TAMS 0x0000000784200000, 0x0000000784200000| Untracked 
|  67|0x0000000784300000, 0x0000000784300000, 0x0000000784400000|  0%| F|  |TAMS 0x0000000784300000, 0x0000000784300000| Untracked 
|  68|0x0000000784400000, 0x0000000784400000, 0x0000000784500000|  0%| F|  |TAMS 0x0000000784400000, 0x0000000784400000| Untracked 
|  69|0x0000000784500000, 0x0000000784500000, 0x0000000784600000|  0%| F|  |TAMS 0x0000000784500000, 0x0000000784500000| Untracked 
|  70|0x0000000784600000, 0x0000000784600000, 0x0000000784700000|  0%| F|  |TAMS 0x0000000784600000, 0x0000000784600000| Untracked 
|  71|0x0000000784700000, 0x0000000784700000, 0x0000000784800000|  0%| F|  |TAMS 0x0000000784700000, 0x0000000784700000| Untracked 
|  72|0x0000000784800000, 0x0000000784800000, 0x0000000784900000|  0%| F|  |TAMS 0x0000000784800000, 0x0000000784800000| Untracked 
|  73|0x0000000784900000, 0x0000000784900000, 0x0000000784a00000|  0%| F|  |TAMS 0x0000000784900000, 0x0000000784900000| Untracked 
|  74|0x0000000784a00000, 0x0000000784a00000, 0x0000000784b00000|  0%| F|  |TAMS 0x0000000784a00000, 0x0000000784a00000| Untracked 
|  75|0x0000000784b00000, 0x0000000784b00000, 0x0000000784c00000|  0%| F|  |TAMS 0x0000000784b00000, 0x0000000784b00000| Untracked 
|  76|0x0000000784c00000, 0x0000000784c00000, 0x0000000784d00000|  0%| F|  |TAMS 0x0000000784c00000, 0x0000000784c00000| Untracked 
|  77|0x0000000784d00000, 0x0000000784d00000, 0x0000000784e00000|  0%| F|  |TAMS 0x0000000784d00000, 0x0000000784d00000| Untracked 
|  78|0x0000000784e00000, 0x0000000784e00000, 0x0000000784f00000|  0%| F|  |TAMS 0x0000000784e00000, 0x0000000784e00000| Untracked 
|  79|0x0000000784f00000, 0x0000000784f00000, 0x0000000785000000|  0%| F|  |TAMS 0x0000000784f00000, 0x0000000784f00000| Untracked 
|  80|0x0000000785000000, 0x0000000785000000, 0x0000000785100000|  0%| F|  |TAMS 0x0000000785000000, 0x0000000785000000| Untracked 
|  81|0x0000000785100000, 0x0000000785100000, 0x0000000785200000|  0%| F|  |TAMS 0x0000000785100000, 0x0000000785100000| Untracked 
|  82|0x0000000785200000, 0x0000000785200000, 0x0000000785300000|  0%| F|  |TAMS 0x0000000785200000, 0x0000000785200000| Untracked 
|  83|0x0000000785300000, 0x0000000785300000, 0x0000000785400000|  0%| F|  |TAMS 0x0000000785300000, 0x0000000785300000| Untracked 
|  84|0x0000000785400000, 0x0000000785400000, 0x0000000785500000|  0%| F|  |TAMS 0x0000000785400000, 0x0000000785400000| Untracked 
|  85|0x0000000785500000, 0x0000000785500000, 0x0000000785600000|  0%| F|  |TAMS 0x0000000785500000, 0x0000000785500000| Untracked 
|  86|0x0000000785600000, 0x0000000785600000, 0x0000000785700000|  0%| F|  |TAMS 0x0000000785600000, 0x0000000785600000| Untracked 
|  87|0x0000000785700000, 0x0000000785700000, 0x0000000785800000|  0%| F|  |TAMS 0x0000000785700000, 0x0000000785700000| Untracked 
|  88|0x0000000785800000, 0x0000000785800000, 0x0000000785900000|  0%| F|  |TAMS 0x0000000785800000, 0x0000000785800000| Untracked 
|  89|0x0000000785900000, 0x0000000785900000, 0x0000000785a00000|  0%| F|  |TAMS 0x0000000785900000, 0x0000000785900000| Untracked 
|  90|0x0000000785a00000, 0x0000000785a00000, 0x0000000785b00000|  0%| F|  |TAMS 0x0000000785a00000, 0x0000000785a00000| Untracked 
|  91|0x0000000785b00000, 0x0000000785b00000, 0x0000000785c00000|  0%| F|  |TAMS 0x0000000785b00000, 0x0000000785b00000| Untracked 
|  92|0x0000000785c00000, 0x0000000785c00000, 0x0000000785d00000|  0%| F|  |TAMS 0x0000000785c00000, 0x0000000785c00000| Untracked 
|  93|0x0000000785d00000, 0x0000000785d00000, 0x0000000785e00000|  0%| F|  |TAMS 0x0000000785d00000, 0x0000000785d00000| Untracked 
|  94|0x0000000785e00000, 0x0000000785e00000, 0x0000000785f00000|  0%| F|  |TAMS 0x0000000785e00000, 0x0000000785e00000| Untracked 
|  95|0x0000000785f00000, 0x0000000785f00000, 0x0000000786000000|  0%| F|  |TAMS 0x0000000785f00000, 0x0000000785f00000| Untracked 
|  96|0x0000000786000000, 0x0000000786000000, 0x0000000786100000|  0%| F|  |TAMS 0x0000000786000000, 0x0000000786000000| Untracked 
|  97|0x0000000786100000, 0x0000000786100000, 0x0000000786200000|  0%| F|  |TAMS 0x0000000786100000, 0x0000000786100000| Untracked 
|  98|0x0000000786200000, 0x0000000786200000, 0x0000000786300000|  0%| F|  |TAMS 0x0000000786200000, 0x0000000786200000| Untracked 
|  99|0x0000000786300000, 0x0000000786300000, 0x0000000786400000|  0%| F|  |TAMS 0x0000000786300000, 0x0000000786300000| Untracked 
| 100|0x0000000786400000, 0x0000000786400000, 0x0000000786500000|  0%| F|  |TAMS 0x0000000786400000, 0x0000000786400000| Untracked 
| 101|0x0000000786500000, 0x0000000786500000, 0x0000000786600000|  0%| F|  |TAMS 0x0000000786500000, 0x0000000786500000| Untracked 
| 102|0x0000000786600000, 0x0000000786600000, 0x0000000786700000|  0%| F|  |TAMS 0x0000000786600000, 0x0000000786600000| Untracked 
| 103|0x0000000786700000, 0x0000000786700000, 0x0000000786800000|  0%| F|  |TAMS 0x0000000786700000, 0x0000000786700000| Untracked 
| 104|0x0000000786800000, 0x0000000786800000, 0x0000000786900000|  0%| F|  |TAMS 0x0000000786800000, 0x0000000786800000| Untracked 
| 105|0x0000000786900000, 0x0000000786900000, 0x0000000786a00000|  0%| F|  |TAMS 0x0000000786900000, 0x0000000786900000| Untracked 
| 106|0x0000000786a00000, 0x0000000786a00000, 0x0000000786b00000|  0%| F|  |TAMS 0x0000000786a00000, 0x0000000786a00000| Untracked 
| 107|0x0000000786b00000, 0x0000000786b00000, 0x0000000786c00000|  0%| F|  |TAMS 0x0000000786b00000, 0x0000000786b00000| Untracked 
| 108|0x0000000786c00000, 0x0000000786c00000, 0x0000000786d00000|  0%| F|  |TAMS 0x0000000786c00000, 0x0000000786c00000| Untracked 
| 109|0x0000000786d00000, 0x0000000786d00000, 0x0000000786e00000|  0%| F|  |TAMS 0x0000000786d00000, 0x0000000786d00000| Untracked 
| 110|0x0000000786e00000, 0x0000000786e00000, 0x0000000786f00000|  0%| F|  |TAMS 0x0000000786e00000, 0x0000000786e00000| Untracked 
| 111|0x0000000786f00000, 0x0000000786f00000, 0x0000000787000000|  0%| F|  |TAMS 0x0000000786f00000, 0x0000000786f00000| Untracked 
| 112|0x0000000787000000, 0x0000000787000000, 0x0000000787100000|  0%| F|  |TAMS 0x0000000787000000, 0x0000000787000000| Untracked 
| 113|0x0000000787100000, 0x0000000787100000, 0x0000000787200000|  0%| F|  |TAMS 0x0000000787100000, 0x0000000787100000| Untracked 
| 114|0x0000000787200000, 0x0000000787200000, 0x0000000787300000|  0%| F|  |TAMS 0x0000000787200000, 0x0000000787200000| Untracked 
| 115|0x0000000787300000, 0x0000000787300000, 0x0000000787400000|  0%| F|  |TAMS 0x0000000787300000, 0x0000000787300000| Untracked 
| 116|0x0000000787400000, 0x0000000787400800, 0x0000000787500000|  0%| E|  |TAMS 0x0000000787400000, 0x0000000787400000| Complete 
| 117|0x0000000787500000, 0x0000000787600000, 0x0000000787600000|100%| E|CS|TAMS 0x0000000787500000, 0x0000000787500000| Complete 
| 118|0x0000000787600000, 0x0000000787700000, 0x0000000787700000|100%| E|CS|TAMS 0x0000000787600000, 0x0000000787600000| Complete 
| 119|0x0000000787700000, 0x0000000787800000, 0x0000000787800000|100%| E|CS|TAMS 0x0000000787700000, 0x0000000787700000| Complete 
| 120|0x0000000787800000, 0x0000000787900000, 0x0000000787900000|100%| E|CS|TAMS 0x0000000787800000, 0x0000000787800000| Complete 
| 121|0x0000000787900000, 0x0000000787a00000, 0x0000000787a00000|100%| E|CS|TAMS 0x0000000787900000, 0x0000000787900000| Complete 
| 122|0x0000000787a00000, 0x0000000787b00000, 0x0000000787b00000|100%| E|CS|TAMS 0x0000000787a00000, 0x0000000787a00000| Complete 
| 123|0x0000000787b00000, 0x0000000787c00000, 0x0000000787c00000|100%| E|CS|TAMS 0x0000000787b00000, 0x0000000787b00000| Complete 
| 124|0x0000000787c00000, 0x0000000787d00000, 0x0000000787d00000|100%| E|CS|TAMS 0x0000000787c00000, 0x0000000787c00000| Complete 
| 125|0x0000000787d00000, 0x0000000787e00000, 0x0000000787e00000|100%| E|CS|TAMS 0x0000000787d00000, 0x0000000787d00000| Complete 
| 126|0x0000000787e00000, 0x0000000787f00000, 0x0000000787f00000|100%| E|CS|TAMS 0x0000000787e00000, 0x0000000787e00000| Complete 
| 127|0x0000000787f00000, 0x0000000788000000, 0x0000000788000000|100%| E|CS|TAMS 0x0000000787f00000, 0x0000000787f00000| Complete 
|2046|0x00000007ffe00000, 0x00000007ffe76000, 0x00000007fff00000| 46%|OA|  |TAMS 0x00000007ffe00000, 0x00000007ffe00000| Untracked 
|2047|0x00000007fff00000, 0x00000007fff7f000, 0x0000000800000000| 49%|CA|  |TAMS 0x00000007fff00000, 0x00000007fff00000| Untracked 

Card table byte_map: [0x0000000103a73000,0x0000000103e73000] _byte_map_base: 0x00000000ffe73000

Marking Bits (Prev, Next): (CMBitMap*) 0x00007fc6fb021c10, (CMBitMap*) 0x00007fc6fb021c50
 Prev Bits: [0x000000011d123000, 0x000000011f123000)
 Next Bits: [0x000000011f123000, 0x0000000121123000)

Polling page: 0x00000001033be000

Metaspace:

Usage:
  Non-class:      2.58 MB used.
      Class:    336.76 KB used.
       Both:      2.91 MB used.

Virtual space:
  Non-class space:        8.00 MB reserved,       2.62 MB ( 33%) committed,  1 nodes.
      Class space:        1.00 GB reserved,     448.00 KB ( <1%) committed,  1 nodes.
             Both:        1.01 GB reserved,       3.06 MB ( <1%) committed. 

Chunk freelists:
   Non-Class:  2.88 MB
       Class:  3.55 MB
        Both:  6.42 MB

MaxMetaspaceSize: unlimited
CompressedClassSpaceSize: 1.00 GB
Initial GC threshold: 21.00 MB
Current GC threshold: 21.00 MB
CDS: on
MetaspaceReclaimPolicy: balanced
 - commit_granule_bytes: 65536.
 - commit_granule_words: 8192.
 - virtual_space_node_default_size: 1048576.
 - enlarge_chunks_in_place: 1.
 - new_chunks_are_fully_committed: 0.
 - uncommit_free_chunks: 1.
 - use_allocation_guard: 0.
 - handle_deallocations: 1.


Internal statistics:

num_allocs_failed_limit: 0.
num_arena_births: 74.
num_arena_deaths: 0.
num_vsnodes_births: 2.
num_vsnodes_deaths: 0.
num_space_committed: 49.
num_space_uncommitted: 0.
num_chunks_returned_to_freelist: 0.
num_chunks_taken_from_freelist: 148.
num_chunk_merges: 0.
num_chunk_splits: 96.
num_chunks_enlarged: 68.
num_purges: 0.
num_inconsistent_stats: 0.

CodeHeap 'non-profiled nmethods': size=120032Kb used=215Kb max_used=215Kb free=119816Kb
 bounds [0x0000000115beb000, 0x0000000115e5b000, 0x000000011d123000]
CodeHeap 'profiled nmethods': size=120028Kb used=1043Kb max_used=1043Kb free=118984Kb
 bounds [0x000000010e6b4000, 0x000000010e924000, 0x0000000115beb000]
CodeHeap 'non-nmethods': size=5700Kb used=1172Kb max_used=1187Kb free=4527Kb
 bounds [0x000000010e123000, 0x000000010e393000, 0x000000010e6b4000]
 total_blobs=1159 nmethods=686 adapters=387
 compilation: enabled
              stopped_count=0, restarted_count=0
 full_count=0

Compilation events (20 events):
Event: 0.528 Thread 0x00007fc6fa815e00  677       4       sun.security.provider.MD5::implCompress (13 bytes)
Event: 0.529 Thread 0x00007fc6fa815e00 nmethod 677 0x0000000115c1f990 code [0x0000000115c1fb20, 0x0000000115c1fc18]
Event: 0.529 Thread 0x00007fc6fa815e00  678       4       sun.security.provider.MD5::implCompress0 (1407 bytes)
Event: 0.530 Thread 0x00007fc6f900e000  679       3       sun.security.provider.DigestBase::implCompressMultiBlock0 (23 bytes)
Event: 0.530 Thread 0x00007fc6f900e000 nmethod 679 0x000000010e7b3310 code [0x000000010e7b34c0, 0x000000010e7b3760]
Event: 0.537 Thread 0x00007fc6f900e000  680       3       java.lang.String::concat (15 bytes)
Event: 0.539 Thread 0x00007fc6f900e000 nmethod 680 0x000000010e7b3890 code [0x000000010e7b3bc0, 0x000000010e7b5030]
Event: 0.540 Thread 0x00007fc6f900e000  681       3       jdk.internal.org.objectweb.asm.Label::resolve (219 bytes)
Event: 0.540 Thread 0x00007fc6f900e000 nmethod 681 0x000000010e7b5790 code [0x000000010e7b5980, 0x000000010e7b5eb0]
Event: 0.556 Thread 0x00007fc6fa815e00 nmethod 678 0x0000000115c1fd10 code [0x0000000115c1fea0, 0x0000000115c20b98]
Event: 0.640 Thread 0x00007fc6f900e000  683       3       java.lang.invoke.MethodTypeForm::cachedLambdaForm (23 bytes)
Event: 0.641 Thread 0x00007fc6f900e000 nmethod 683 0x000000010e7b6190 code [0x000000010e7b6360, 0x000000010e7b66c0]
Event: 0.641 Thread 0x00007fc6f900e000  682       3       java.lang.invoke.DirectMethodHandle::<init> (148 bytes)
Event: 0.643 Thread 0x00007fc6f900e000 nmethod 682 0x000000010e7b6810 code [0x000000010e7b6ae0, 0x000000010e7b7a40]
Event: 0.732 Thread 0x00007fc6f900e000  684       3       jdk.internal.org.objectweb.asm.Handler::getExceptionTableSize (10 bytes)
Event: 0.732 Thread 0x00007fc6f900e000 nmethod 684 0x000000010e7b7f10 code [0x000000010e7b80c0, 0x000000010e7b82b0]
Event: 0.740 Thread 0x00007fc6f900e000  685       3       java.util.Collections$UnmodifiableCollection$1::hasNext (10 bytes)
Event: 0.740 Thread 0x00007fc6f900e000 nmethod 685 0x000000010e7b8410 code [0x000000010e7b85c0, 0x000000010e7b87a0]
Event: 0.740 Thread 0x00007fc6f900e000  686       3       java.util.Collections$UnmodifiableCollection$1::next (10 bytes)
Event: 0.741 Thread 0x00007fc6f900e000 nmethod 686 0x000000010e7b8890 code [0x000000010e7b8a40, 0x000000010e7b8c20]

GC Heap History (0 events):
No events

Deoptimization events (20 events):
Event: 0.248 Thread 0x00007fc6fa00b200 DEOPT PACKING pc=0x000000010e6f7bcb sp=0x000070000bf147f0
Event: 0.248 Thread 0x00007fc6fa00b200 DEOPT UNPACKING pc=0x000000010e17582f sp=0x000070000bf13c70 mode 0
Event: 0.248 Thread 0x00007fc6fa00b200 DEOPT PACKING pc=0x000000010e6e5455 sp=0x000070000bf147a0
Event: 0.248 Thread 0x00007fc6fa00b200 DEOPT UNPACKING pc=0x000000010e17582f sp=0x000070000bf13c60 mode 0
Event: 0.260 Thread 0x00007fc6fa00b200 Uncommon trap: trap_request=0xffffff45 fr.pc=0x0000000115bff5f0 relative=0x00000000000003d0
Event: 0.260 Thread 0x00007fc6fa00b200 Uncommon trap: reason=unstable_if action=reinterpret pc=0x0000000115bff5f0 method=java.lang.StringLatin1.newString([BII)Ljava/lang/String; @ 1 c2
Event: 0.260 Thread 0x00007fc6fa00b200 DEOPT PACKING pc=0x0000000115bff5f0 sp=0x000070000bf15290
Event: 0.260 Thread 0x00007fc6fa00b200 DEOPT UNPACKING pc=0x000000010e175099 sp=0x000070000bf15258 mode 2
Event: 0.276 Thread 0x00007fc6fa00b200 Uncommon trap: trap_request=0xfffffff4 fr.pc=0x0000000115c00c48 relative=0x00000000000001a8
Event: 0.276 Thread 0x00007fc6fa00b200 Uncommon trap: reason=null_check action=make_not_entrant pc=0x0000000115c00c48 method=java.lang.String.equals(Ljava/lang/Object;)Z @ 8 c2
Event: 0.276 Thread 0x00007fc6fa00b200 DEOPT PACKING pc=0x0000000115c00c48 sp=0x000070000bf158d0
Event: 0.276 Thread 0x00007fc6fa00b200 DEOPT UNPACKING pc=0x000000010e175099 sp=0x000070000bf15898 mode 2
Event: 0.392 Thread 0x00007fc6fb035600 Uncommon trap: trap_request=0xffffff45 fr.pc=0x0000000115bfc0f0 relative=0x0000000000000790
Event: 0.392 Thread 0x00007fc6fb035600 Uncommon trap: reason=unstable_if action=reinterpret pc=0x0000000115bfc0f0 method=java.lang.String.isEmpty()Z @ 5 c2
Event: 0.392 Thread 0x00007fc6fb035600 DEOPT PACKING pc=0x0000000115bfc0f0 sp=0x000070000d250da0
Event: 0.392 Thread 0x00007fc6fb035600 DEOPT UNPACKING pc=0x000000010e175099 sp=0x000070000d250d00 mode 2
Event: 0.404 Thread 0x00007fc6fb035600 Uncommon trap: trap_request=0xffffff45 fr.pc=0x0000000115c10f4c relative=0x000000000000012c
Event: 0.404 Thread 0x00007fc6fb035600 Uncommon trap: reason=unstable_if action=reinterpret pc=0x0000000115c10f4c method=java.lang.String.startsWith(Ljava/lang/String;I)Z @ 1 c2
Event: 0.404 Thread 0x00007fc6fb035600 DEOPT PACKING pc=0x0000000115c10f4c sp=0x000070000d2503a0
Event: 0.404 Thread 0x00007fc6fb035600 DEOPT UNPACKING pc=0x000000010e175099 sp=0x000070000d250328 mode 2

Classes unloaded (0 events):
No events

Classes redefined (0 events):
No events

Internal exceptions (10 events):
Event: 0.159 Thread 0x00007fc6fa00b200 Exception <a 'java/lang/NoSuchMethodError'{0x0000000787fcc5a8}: 'void java.lang.invoke.DirectMethodHandle$Holder.invokeVirtual(java.lang.Object, java.lang.Object)'> (0x0000000787fcc5a8) 
thrown [open/src/hotspot/share/interpreter/linkResolver.cpp, line 766]
Event: 0.276 Thread 0x00007fc6fa00b200 Implicit null exception at 0x0000000115c00ad5 to 0x0000000115c00c38
Event: 0.277 Thread 0x00007fc6fa00b200 Exception <a 'java/lang/NoSuchMethodError'{0x0000000787bd40b8}: 'java.lang.Object java.lang.invoke.DirectMethodHandle$Holder.invokeStaticInit(java.lang.Object)'> (0x0000000787bd40b8) 
thrown [open/src/hotspot/share/interpreter/linkResolver.cpp, line 766]
Event: 0.280 Thread 0x00007fc6fa00b200 Exception <a 'java/lang/NoSuchMethodError'{0x0000000787be1d28}: 'void java.lang.invoke.DirectMethodHandle$Holder.invokeStatic(java.lang.Object, java.lang.Object)'> (0x0000000787be1d28) 
thrown [open/src/hotspot/share/interpreter/linkResolver.cpp, line 766]
Event: 0.353 Thread 0x00007fc6fa00b200 Exception <a 'java/lang/NoSuchMethodError'{0x0000000787874df8}: 'void java.lang.invoke.DirectMethodHandle$Holder.invokeSpecial(java.lang.Object, java.lang.Object, java.lang.Object)'> (0x0000000787874df8) 
thrown [open/src/hotspot/share/interpreter/linkResolver.cpp, line 766]
Event: 0.366 Thread 0x00007fc6fa00b200 Exception <a 'java/lang/NoSuchMethodError'{0x00000007878b2610}: 'void java.lang.invoke.DirectMethodHandle$Holder.invokeStatic(java.lang.Object, java.lang.Object, java.lang.Object)'> (0x00000007878b2610) 
thrown [open/src/hotspot/share/interpreter/linkResolver.cpp, line 766]
Event: 0.509 Thread 0x00007fc6fa00b200 Exception <a 'java/lang/NoSuchMethodError'{0x0000000787648480}: 'int java.lang.invoke.DirectMethodHandle$Holder.invokeStaticInit(java.lang.Object, java.lang.Object, java.lang.Object)'> (0x0000000787648480) 
thrown [open/src/hotspot/share/interpreter/linkResolver.cpp, line 766]
Event: 0.735 Thread 0x00007fc6fb1c0c00 Exception <a 'java/lang/ClassCastException'{0x000000078750bbd8}> (0x000000078750bbd8) 
thrown [open/src/hotspot/share/runtime/sharedRuntime.cpp, line 628]
Event: 0.735 Thread 0x00007fc6fb1c0c00 Exception <a 'java/lang/BootstrapMethodError'{0x000000078750bea8}> (0x000000078750bea8) 
thrown [open/src/hotspot/share/utilities/exceptions.cpp, line 452]
Event: 0.735 Thread 0x00007fc6fb1c0c00 Exception <a 'java/lang/BootstrapMethodError'{0x000000078750bea8}> (0x000000078750bea8) 
thrown [open/src/hotspot/share/oops/instanceKlass.cpp, line 1163]

VM Operations (6 events):
Event: 0.216 Executing VM operation: HandshakeAllThreads
Event: 0.216 Executing VM operation: HandshakeAllThreads done
Event: 0.252 Executing VM operation: HandshakeAllThreads
Event: 0.252 Executing VM operation: HandshakeAllThreads done
Event: 1.254 Executing VM operation: Cleanup
Event: 1.254 Executing VM operation: Cleanup done

Events (20 events):
Event: 0.542 Protecting memory [0x00007ff7bc469000,0x00007ff7bc46d000] with protection modes 0
Event: 0.542 Thread 0x00007fc6fb1c0c00 Thread added: 0x00007fc6fb1c0c00
Event: 0.641 Thread 0x00007fc6fa17e800 Thread added: 0x00007fc6fa17e800
Event: 0.644 Protecting memory [0x000070000d3db000,0x000070000d3df000] with protection modes 0
Event: 0.732 loading class java/util/concurrent/LinkedBlockingDeque$Node
Event: 0.732 loading class java/util/concurrent/LinkedBlockingDeque$Node done
Event: 0.732 Protecting memory [0x000070000d3db000,0x000070000d3df000] with protection modes 3
Event: 0.733 Thread 0x00007fc6fa17e800 Thread exited: 0x00007fc6fa17e800
Event: 0.735 loading class java/lang/Throwable$WrappedPrintStream
Event: 0.735 loading class java/lang/Throwable$PrintStreamOrWriter
Event: 0.735 loading class java/lang/Throwable$PrintStreamOrWriter done
Event: 0.735 loading class java/lang/Throwable$WrappedPrintStream done
Event: 0.736 loading class java/lang/StackTraceElement$HashedModules
Event: 0.736 loading class java/lang/StackTraceElement$HashedModules done
Event: 29.824 loading class jdk/internal/misc/Signal$1
Event: 29.824 loading class jdk/internal/misc/Signal$1 done
Event: 29.824 Thread 0x00007fc6f91b4c00 Thread added: 0x00007fc6f91b4c00
Event: 29.824 Protecting memory [0x000070000c731000,0x000070000c735000] with protection modes 0
Event: 29.825 Thread 0x00007fc6fb11bc00 Thread added: 0x00007fc6fb11bc00
Event: 29.825 Protecting memory [0x000070000d45e000,0x000070000d462000] with protection modes 0


Dynamic libraries:
0x00000001033c0000 	/Library/Java/JavaVirtualMachines/jdk-17.jdk/Contents/Home/lib/libjli.dylib
0x00007ff82859e000 	/usr/lib/libz.1.dylib
0x00007ff82867e000 	/usr/lib/libSystem.B.dylib
0x00007ff828679000 	/usr/lib/system/libcache.dylib
0x00007ff828635000 	/usr/lib/system/libcommonCrypto.dylib
0x00007ff82865e000 	/usr/lib/system/libcompiler_rt.dylib
0x00007ff828654000 	/usr/lib/system/libcopyfile.dylib
0x00007ff81d69a000 	/usr/lib/system/libcorecrypto.dylib
0x00007ff81d759000 	/usr/lib/system/libdispatch.dylib
0x00007ff81d918000 	/usr/lib/system/libdyld.dylib
0x00007ff828670000 	/usr/lib/system/libkeymgr.dylib
0x00007ff828613000 	/usr/lib/system/libmacho.dylib
0x00007ff827ca3000 	/usr/lib/system/libquarantine.dylib
0x00007ff82866e000 	/usr/lib/system/libremovefile.dylib
0x00007ff82287c000 	/usr/lib/system/libsystem_asl.dylib
0x00007ff81d648000 	/usr/lib/system/libsystem_blocks.dylib
0x00007ff81d7dd000 	/usr/lib/system/libsystem_c.dylib
0x00007ff828666000 	/usr/lib/system/libsystem_collections.dylib
0x00007ff826f4b000 	/usr/lib/system/libsystem_configuration.dylib
0x00007ff82620c000 	/usr/lib/system/libsystem_containermanager.dylib
0x00007ff828350000 	/usr/lib/system/libsystem_coreservices.dylib
0x00007ff81ff42000 	/usr/lib/system/libsystem_darwin.dylib
0x00007ff828671000 	/usr/lib/system/libsystem_dnssd.dylib
0x00007ff81d7da000 	/usr/lib/system/libsystem_featureflags.dylib
0x00007ff81d92e000 	/usr/lib/system/libsystem_info.dylib
0x00007ff8285b1000 	/usr/lib/system/libsystem_m.dylib
0x00007ff81d72d000 	/usr/lib/system/libsystem_malloc.dylib
0x00007ff822819000 	/usr/lib/system/libsystem_networkextension.dylib
0x00007ff82036a000 	/usr/lib/system/libsystem_notify.dylib
0x00007ff82e7ed000 	/usr/lib/system/libsystem_product_info_filter.dylib
0x00007ff826f4f000 	/usr/lib/system/libsystem_sandbox.dylib
0x00007ff82866b000 	/usr/lib/system/libsystem_secinit.dylib
0x00007ff81d8d5000 	/usr/lib/system/libsystem_kernel.dylib
0x00007ff81d924000 	/usr/lib/system/libsystem_platform.dylib
0x00007ff81d90c000 	/usr/lib/system/libsystem_pthread.dylib
0x00007ff8240d1000 	/usr/lib/system/libsystem_symptoms.dylib
0x00007ff81d681000 	/usr/lib/system/libsystem_trace.dylib
0x00007ff828641000 	/usr/lib/system/libunwind.dylib
0x00007ff81d64a000 	/usr/lib/system/libxpc.dylib
0x00007ff81d8bf000 	/usr/lib/libc++abi.dylib
0x00007ff81d7a0000 	/usr/lib/libobjc.A.dylib
0x00007ff82864c000 	/usr/lib/liboah.dylib
0x00007ff81d866000 	/usr/lib/libc++.1.dylib
0x00007ff834543000 	/System/Library/Frameworks/Cocoa.framework/Versions/A/Cocoa
0x00007ff8203c8000 	/System/Library/Frameworks/AppKit.framework/Versions/C/AppKit
0x00007ff8238be000 	/System/Library/Frameworks/CoreData.framework/Versions/A/CoreData
0x00007ff81e7df000 	/System/Library/Frameworks/Foundation.framework/Versions/C/Foundation
0x00007ff821257000 	/System/Library/PrivateFrameworks/UIFoundation.framework/Versions/A/UIFoundation
0x00007ff82e4f4000 	/System/Library/PrivateFrameworks/RemoteViewServices.framework/Versions/A/RemoteViewServices
0x00007ff8268e4000 	/System/Library/PrivateFrameworks/XCTTargetBootstrap.framework/Versions/A/XCTTargetBootstrap
0x00007ff82a48e000 	/System/Library/PrivateFrameworks/InternationalSupport.framework/Versions/A/InternationalSupport
0x00007ff82a518000 	/System/Library/PrivateFrameworks/UserActivity.framework/Versions/A/UserActivity
0x00007ff82986e000 	/usr/lib/libspindump.dylib
0x00007ff8214e5000 	/System/Library/Frameworks/UniformTypeIdentifiers.framework/Versions/A/UniformTypeIdentifiers
0x00007ff825021000 	/usr/lib/libapp_launch_measurement.dylib
0x00007ff82428a000 	/System/Library/PrivateFrameworks/CoreAnalytics.framework/Versions/A/CoreAnalytics
0x00007ff825024000 	/System/Library/PrivateFrameworks/CoreAutoLayout.framework/Versions/A/CoreAutoLayout
0x00007ff826244000 	/System/Library/Frameworks/Metal.framework/Versions/A/Metal
0x00007ff826f5a000 	/usr/lib/liblangid.dylib
0x00007ff8268e8000 	/System/Library/PrivateFrameworks/CoreSVG.framework/Versions/A/CoreSVG
0x00007ff8228ac000 	/System/Library/PrivateFrameworks/SkyLight.framework/Versions/A/SkyLight
0x00007ff822c3f000 	/System/Library/Frameworks/CoreGraphics.framework/Versions/A/CoreGraphics
0x00007ff82eb63000 	/System/Library/Frameworks/Accelerate.framework/Versions/A/Accelerate
0x00007ff8292e9000 	/System/Library/PrivateFrameworks/IconServices.framework/Versions/A/IconServices
0x00007ff826229000 	/System/Library/Frameworks/IOSurface.framework/Versions/A/IOSurface
0x00007ff8242b8000 	/usr/lib/libDiagnosticMessagesClient.dylib
0x00007ff8321d2000 	/System/Library/Frameworks/ApplicationServices.framework/Versions/A/ApplicationServices
0x00007ff8268d0000 	/System/Library/PrivateFrameworks/DFRFoundation.framework/Versions/A/DFRFoundation
0x00007ff81fcb9000 	/usr/lib/libicucore.A.dylib
0x00007ff82b1b3000 	/System/Library/Frameworks/AudioToolbox.framework/Versions/A/AudioToolbox
0x00007ff82a49a000 	/System/Library/PrivateFrameworks/DataDetectorsCore.framework/Versions/A/DataDetectorsCore
0x00007ff925df9000 	/System/Library/PrivateFrameworks/TextInput.framework/Versions/A/TextInput
0x00007ff822830000 	/usr/lib/libMobileGestalt.dylib
0x00007ff8265d8000 	/System/Library/Frameworks/Carbon.framework/Versions/A/Frameworks/HIToolbox.framework/Versions/A/HIToolbox
0x00007ff824a4e000 	/System/Library/Frameworks/QuartzCore.framework/Versions/A/QuartzCore
0x00007ff81f959000 	/System/Library/Frameworks/Security.framework/Versions/A/Security
0x00007ff82e52c000 	/System/Library/Frameworks/Carbon.framework/Versions/A/Frameworks/SpeechRecognition.framework/Versions/A/SpeechRecognition
0x00007ff824d81000 	/System/Library/PrivateFrameworks/CoreUI.framework/Versions/A/CoreUI
0x00007ff81f231000 	/System/Library/Frameworks/CoreAudio.framework/Versions/A/CoreAudio
0x00007ff8243a6000 	/System/Library/Frameworks/DiskArbitration.framework/Versions/A/DiskArbitration
0x00007ff829c55000 	/System/Library/PrivateFrameworks/MultitouchSupport.framework/Versions/A/MultitouchSupport
0x00007ff82282f000 	/usr/lib/libenergytrace.dylib
0x00007ff8202b4000 	/System/Library/Frameworks/IOKit.framework/Versions/A/IOKit
0x00007ff82e918000 	/System/Library/Frameworks/CoreServices.framework/Versions/A/CoreServices
0x00007ff824fbb000 	/System/Library/PrivateFrameworks/PerformanceAnalysis.framework/Versions/A/PerformanceAnalysis
0x00007ffa355c4000 	/System/Library/Frameworks/OpenGL.framework/Versions/A/OpenGL
0x00007ff827bcf000 	/System/Library/PrivateFrameworks/MobileKeyBag.framework/Versions/A/MobileKeyBag
0x00007ff82330b000 	/System/Library/Frameworks/ColorSync.framework/Versions/A/ColorSync
0x00007ff81d959000 	/System/Library/Frameworks/CoreFoundation.framework/Versions/A/CoreFoundation
0x00007ff826b61000 	/System/Library/Frameworks/CoreImage.framework/Versions/A/CoreImage
0x00007ff81f047000 	/System/Library/Frameworks/CoreText.framework/Versions/A/CoreText
0x00007ff826917000 	/System/Library/Frameworks/ImageIO.framework/Versions/A/ImageIO
0x00007ff828684000 	/System/Library/PrivateFrameworks/SoftLinking.framework/Versions/A/SoftLinking
0x00007ff82506c000 	/usr/lib/libxml2.2.dylib
0x00007ff828908000 	/usr/lib/libcompression.dylib
0x00007ff82a3c4000 	/System/Library/PrivateFrameworks/TextureIO.framework/Versions/A/TextureIO
0x00007ff828ffb000 	/usr/lib/libate.dylib
0x00007ff828dd9000 	/usr/lib/liblzma.5.dylib
0x00007ff81e4f0000 	/System/Library/Frameworks/SystemConfiguration.framework/Versions/A/SystemConfiguration
0x00007ff828680000 	/usr/lib/libfakelink.dylib
0x00007ff822382000 	/System/Library/Frameworks/CFNetwork.framework/Versions/A/CFNetwork
0x00007ff8287bf000 	/usr/lib/libarchive.2.dylib
0x00007ff826f56000 	/System/Library/PrivateFrameworks/AppleSystemInfo.framework/Versions/A/AppleSystemInfo
0x00007ff827cca000 	/usr/lib/libbsm.0.dylib
0x00007ff8219b8000 	/usr/lib/libnetwork.dylib
0x00007ff828619000 	/usr/lib/system/libkxld.dylib
0x00007ff8278f8000 	/System/Library/PrivateFrameworks/IOMobileFramebuffer.framework/Versions/A/IOMobileFramebuffer
0x00007ffb33372000 	/usr/lib/libCoreEntitlements.dylib
0x00007ff828332000 	/System/Library/PrivateFrameworks/AppleFSCompression.framework/Versions/A/AppleFSCompression
0x00007ff827cb2000 	/usr/lib/libcoretls.dylib
0x00007ff828df3000 	/usr/lib/libcoretls_cfhelpers.dylib
0x00007ff828903000 	/usr/lib/libpam.2.dylib
0x00007ff823cf3000 	/usr/lib/libsqlite3.dylib
0x00007ff828e62000 	/usr/lib/libxar.1.dylib
0x00007ff828342000 	/usr/lib/libbz2.1.0.dylib
0x00007ff828685000 	/usr/lib/libpcap.A.dylib
0x00007ff8240c8000 	/usr/lib/libdns_services.dylib
0x00007ff8288d2000 	/usr/lib/libapple_nghttp2.dylib
0x00007ff8286bc000 	/usr/lib/libiconv.2.dylib
0x00007ff828612000 	/usr/lib/libcharset.1.dylib
0x00007ff824fef000 	/System/Library/Frameworks/CoreServices.framework/Versions/A/Frameworks/FSEvents.framework/Versions/A/FSEvents
0x00007ff81ff4c000 	/System/Library/Frameworks/CoreServices.framework/Versions/A/Frameworks/CarbonCore.framework/Versions/A/CarbonCore
0x00007ff82430b000 	/System/Library/Frameworks/CoreServices.framework/Versions/A/Frameworks/Metadata.framework/Versions/A/Metadata
0x00007ff828355000 	/System/Library/Frameworks/CoreServices.framework/Versions/A/Frameworks/OSServices.framework/Versions/A/OSServices
0x00007ff828846000 	/System/Library/Frameworks/CoreServices.framework/Versions/A/Frameworks/SearchKit.framework/Versions/A/SearchKit
0x00007ff82405a000 	/System/Library/Frameworks/CoreServices.framework/Versions/A/Frameworks/AE.framework/Versions/A/AE
0x00007ff81de5c000 	/System/Library/Frameworks/CoreServices.framework/Versions/A/Frameworks/LaunchServices.framework/Versions/A/LaunchServices
0x00007ff828d8a000 	/System/Library/Frameworks/CoreServices.framework/Versions/A/Frameworks/DictionaryServices.framework/Versions/A/DictionaryServices
0x00007ff824ffc000 	/System/Library/Frameworks/CoreServices.framework/Versions/A/Frameworks/SharedFileList.framework/Versions/A/SharedFileList
0x00007ff827ca6000 	/usr/lib/libCheckFix.dylib
0x00007ff822893000 	/System/Library/PrivateFrameworks/TCC.framework/Versions/A/TCC
0x00007ff826f5c000 	/System/Library/PrivateFrameworks/CoreNLP.framework/Versions/A/CoreNLP
0x00007ff8242bb000 	/System/Library/PrivateFrameworks/MetadataUtilities.framework/Versions/A/MetadataUtilities
0x00007ff81e5a0000 	/usr/lib/libmecabra.dylib
0x00007ff827cda000 	/usr/lib/libmecab.dylib
0x00007ff81e56b000 	/usr/lib/libCRFSuite.dylib
0x00007ff827d37000 	/usr/lib/libgermantok.dylib
0x00007ff8288ad000 	/usr/lib/libThaiTokenizer.dylib
0x00007ff8243ad000 	/System/Library/Frameworks/Accelerate.framework/Versions/A/Frameworks/vImage.framework/Versions/A/vImage
0x00007ff82e8ef000 	/System/Library/Frameworks/Accelerate.framework/Versions/A/Frameworks/vecLib.framework/Versions/A/vecLib
0x00007ff828ea3000 	/System/Library/Frameworks/Accelerate.framework/Versions/A/Frameworks/vecLib.framework/Versions/A/libvMisc.dylib
0x00007ff827716000 	/System/Library/Frameworks/Accelerate.framework/Versions/A/Frameworks/vecLib.framework/Versions/A/libvDSP.dylib
0x00007ff81e1d4000 	/System/Library/Frameworks/Accelerate.framework/Versions/A/Frameworks/vecLib.framework/Versions/A/libBLAS.dylib
0x00007ff8289e4000 	/System/Library/Frameworks/Accelerate.framework/Versions/A/Frameworks/vecLib.framework/Versions/A/libLAPACK.dylib
0x00007ff827d3a000 	/System/Library/Frameworks/Accelerate.framework/Versions/A/Frameworks/vecLib.framework/Versions/A/libLinearAlgebra.dylib
0x00007ff8288eb000 	/System/Library/Frameworks/Accelerate.framework/Versions/A/Frameworks/vecLib.framework/Versions/A/libSparseBLAS.dylib
0x00007ff8289de000 	/System/Library/Frameworks/Accelerate.framework/Versions/A/Frameworks/vecLib.framework/Versions/A/libQuadrature.dylib
0x00007ff827046000 	/System/Library/Frameworks/Accelerate.framework/Versions/A/Frameworks/vecLib.framework/Versions/A/libBNNS.dylib
0x00007ff81e481000 	/System/Library/Frameworks/Accelerate.framework/Versions/A/Frameworks/vecLib.framework/Versions/A/libSparse.dylib
0x00007ff82703f000 	/System/Library/PrivateFrameworks/LinguisticData.framework/Versions/A/LinguisticData
0x00007ff81e436000 	/System/Library/PrivateFrameworks/Lexicon.framework/Versions/A/Lexicon
0x00007ff828e9c000 	/usr/lib/libChineseTokenizer.dylib
0x00007ff81eb9a000 	/System/Library/PrivateFrameworks/LanguageModeling.framework/Versions/A/LanguageModeling
0x00007ff8288af000 	/System/Library/PrivateFrameworks/AppleSauce.framework/Versions/A/AppleSauce
0x00007ff8278e6000 	/System/Library/PrivateFrameworks/CoreEmoji.framework/Versions/A/CoreEmoji
0x00007ff8287ae000 	/usr/lib/libcmph.dylib
0x00007ff824fd3000 	/System/Library/Frameworks/OpenDirectory.framework/Versions/A/Frameworks/CFOpenDirectory.framework/Versions/A/CFOpenDirectory
0x00007ff824fc7000 	/System/Library/Frameworks/OpenDirectory.framework/Versions/A/OpenDirectory
0x00007ff828df5000 	/System/Library/PrivateFrameworks/APFS.framework/Versions/A/APFS
0x00007ff827c07000 	/System/Library/Frameworks/SecurityFoundation.framework/Versions/A/SecurityFoundation
0x00007ff828e70000 	/usr/lib/libutil.dylib
0x00007ff820277000 	/System/Library/PrivateFrameworks/CoreServicesStore.framework/Versions/A/CoreServicesStore
0x00007ff828e74000 	/usr/lib/libxslt.1.dylib
0x00007ff827c94000 	/System/Library/PrivateFrameworks/BackgroundTaskManagement.framework/Versions/A/BackgroundTaskManagement
0x00007ff82a2e4000 	/System/Library/Frameworks/ImageIO.framework/Versions/A/Resources/libRadiance.dylib
0x00007ff82a2ed000 	/System/Library/Frameworks/ImageIO.framework/Versions/A/Resources/libJPEG.dylib
0x00007ff82a23d000 	/System/Library/Frameworks/ImageIO.framework/Versions/A/Resources/libPng.dylib
0x00007ff82a25e000 	/System/Library/Frameworks/ImageIO.framework/Versions/A/Resources/libTIFF.dylib
0x00007ff82a34d000 	/System/Library/Frameworks/ImageIO.framework/Versions/A/Resources/libGIF.dylib
0x00007ff829b6e000 	/System/Library/Frameworks/ImageIO.framework/Versions/A/Resources/libJP2.dylib
0x00007ff8292b0000 	/usr/lib/libexpat.1.dylib
0x00007ff829b23000 	/System/Library/PrivateFrameworks/AppleJPEG.framework/Versions/A/AppleJPEG
0x00007ff82649f000 	/System/Library/PrivateFrameworks/FontServices.framework/libFontParser.dylib
0x00007ff824004000 	/System/Library/PrivateFrameworks/RunningBoardServices.framework/Versions/A/RunningBoardServices
0x00007ff834abd000 	/System/Library/PrivateFrameworks/IOSurfaceAccelerator.framework/Versions/A/IOSurfaceAccelerator
0x00007ff829c51000 	/System/Library/PrivateFrameworks/WatchdogClient.framework/Versions/A/WatchdogClient
0x00007ff81ec89000 	/System/Library/Frameworks/CoreDisplay.framework/Versions/A/CoreDisplay
0x00007ff82639e000 	/System/Library/Frameworks/CoreMedia.framework/Versions/A/CoreMedia
0x00007ff82623b000 	/System/Library/PrivateFrameworks/IOAccelerator.framework/Versions/A/IOAccelerator
0x00007ff82514f000 	/System/Library/Frameworks/CoreVideo.framework/Versions/A/CoreVideo
0x00007ff828901000 	/System/Library/Frameworks/MetalPerformanceShaders.framework/Versions/A/MetalPerformanceShaders
0x00007ff829c8c000 	/System/Library/Frameworks/VideoToolbox.framework/Versions/A/VideoToolbox
0x00007ff823f4c000 	/System/Library/PrivateFrameworks/BaseBoard.framework/Versions/A/BaseBoard
0x00007ff823cd9000 	/System/Library/PrivateFrameworks/ProtocolBuffer.framework/Versions/A/ProtocolBuffer
0x00007ff82a2dd000 	/System/Library/PrivateFrameworks/GPUWrangler.framework/Versions/A/GPUWrangler
0x00007ff82a2c0000 	/System/Library/PrivateFrameworks/IOPresentment.framework/Versions/A/IOPresentment
0x00007ff82a2e7000 	/System/Library/PrivateFrameworks/DSExternalDisplay.framework/Versions/A/DSExternalDisplay
0x00007ffa355b8000 	/System/Library/Frameworks/OpenGL.framework/Versions/A/Libraries/libCoreFSCache.dylib
0x00007ffb2165c000 	/System/Library/PrivateFrameworks/GPUCompiler.framework/Versions/31001/Libraries/libGPUCompilerUtils.dylib
0x00007ff82a352000 	/System/Library/PrivateFrameworks/CMCaptureCore.framework/Versions/A/CMCaptureCore
0x00007ff82985c000 	/System/Library/PrivateFrameworks/AppServerSupport.framework/Versions/A/AppServerSupport
0x00007ff82ba39000 	/System/Library/PrivateFrameworks/perfdata.framework/Versions/A/perfdata
0x00007ff81edb5000 	/System/Library/PrivateFrameworks/AudioToolboxCore.framework/Versions/A/AudioToolboxCore
0x00007ff82637b000 	/System/Library/PrivateFrameworks/caulk.framework/Versions/A/caulk
0x00007ff82b35d000 	/usr/lib/libAudioStatistics.dylib
0x00007ff92268a000 	/System/Library/PrivateFrameworks/SystemPolicy.framework/Versions/A/SystemPolicy
0x00007ff82b5b2000 	/usr/lib/libSMC.dylib
0x00007ff8343f6000 	/System/Library/Frameworks/CoreMIDI.framework/Versions/A/CoreMIDI
0x00007ff82a20d000 	/usr/lib/libAudioToolboxUtility.dylib
0x00007ff91ea9c000 	/System/Library/PrivateFrameworks/OSAServicesClient.framework/Versions/A/OSAServicesClient
0x00007ff82ba46000 	/usr/lib/libperfcheck.dylib
0x00007ff92311c000 	/usr/lib/libmis.dylib
0x00007ffa35614000 	/System/Library/Frameworks/OpenGL.framework/Versions/A/Libraries/libGLU.dylib
0x00007ffa355d7000 	/System/Library/Frameworks/OpenGL.framework/Versions/A/Libraries/libGFXShared.dylib
0x00007ffa357e5000 	/System/Library/Frameworks/OpenGL.framework/Versions/A/Libraries/libGL.dylib
0x00007ffa355e0000 	/System/Library/Frameworks/OpenGL.framework/Versions/A/Libraries/libGLImage.dylib
0x00007ffa355d4000 	/System/Library/Frameworks/OpenGL.framework/Versions/A/Libraries/libCVMSPluginSupport.dylib
0x00007ffa355bf000 	/System/Library/Frameworks/OpenGL.framework/Versions/A/Libraries/libCoreVMClient.dylib
0x00007ff826eda000 	/System/Library/Frameworks/MetalPerformanceShaders.framework/Versions/A/Frameworks/MPSCore.framework/Versions/A/MPSCore
0x00007ff82829d000 	/System/Library/Frameworks/MetalPerformanceShaders.framework/Versions/A/Frameworks/MPSImage.framework/Versions/A/MPSImage
0x00007ff827d50000 	/System/Library/Frameworks/MetalPerformanceShaders.framework/Versions/A/Frameworks/MPSNeuralNetwork.framework/Versions/A/MPSNeuralNetwork
0x00007ff8281c5000 	/System/Library/Frameworks/MetalPerformanceShaders.framework/Versions/A/Frameworks/MPSMatrix.framework/Versions/A/MPSMatrix
0x00007ff827f81000 	/System/Library/Frameworks/MetalPerformanceShaders.framework/Versions/A/Frameworks/MPSRayIntersector.framework/Versions/A/MPSRayIntersector
0x00007ff8281fe000 	/System/Library/Frameworks/MetalPerformanceShaders.framework/Versions/A/Frameworks/MPSNDArray.framework/Versions/A/MPSNDArray
0x00007ffa3a1d6000 	/System/Library/Frameworks/MetalPerformanceShaders.framework/Versions/A/Frameworks/MPSFunctions.framework/Versions/A/MPSFunctions
0x00007ff81e0b7000 	/System/Library/PrivateFrameworks/MetalTools.framework/Versions/A/MetalTools
0x00007ff826f54000 	/System/Library/PrivateFrameworks/AggregateDictionary.framework/Versions/A/AggregateDictionary
0x00007ff829092000 	/usr/lib/libIOReport.dylib
0x00007ffa36bf4000 	/System/Library/Frameworks/OpenCL.framework/Versions/A/OpenCL
0x00007ff8293f6000 	/System/Library/PrivateFrameworks/FaceCore.framework/Versions/A/FaceCore
0x00007ff8293e7000 	/System/Library/PrivateFrameworks/GraphVisualizer.framework/Versions/A/GraphVisualizer
0x00007ffb21567000 	/System/Library/PrivateFrameworks/FontServices.framework/Versions/A/FontServices
0x00007ff829813000 	/System/Library/PrivateFrameworks/OTSVG.framework/Versions/A/OTSVG
0x00007ff824d37000 	/System/Library/Frameworks/ApplicationServices.framework/Versions/A/Frameworks/ATS.framework/Versions/A/Resources/libFontRegistry.dylib
0x00007ff829864000 	/System/Library/PrivateFrameworks/FontServices.framework/libhvf.dylib
0x00007ffb21568000 	/System/Library/PrivateFrameworks/FontServices.framework/libXTFontStaticRegistryData.dylib
0x00007ff829260000 	/System/Library/PrivateFrameworks/AppleVA.framework/Versions/A/AppleVA
0x00007ff82b381000 	/System/Library/Frameworks/ApplicationServices.framework/Versions/A/Frameworks/ATS.framework/Versions/A/ATS
0x00007ff823407000 	/System/Library/Frameworks/ApplicationServices.framework/Versions/A/Frameworks/HIServices.framework/Versions/A/HIServices
0x00007ff82a35c000 	/System/Library/Frameworks/ApplicationServices.framework/Versions/A/Frameworks/PrintCore.framework/Versions/A/PrintCore
0x00007ff82b705000 	/System/Library/Frameworks/ApplicationServices.framework/Versions/A/Frameworks/QD.framework/Versions/A/QD
0x00007ff82b6fd000 	/System/Library/Frameworks/ApplicationServices.framework/Versions/A/Frameworks/ColorSyncLegacy.framework/Versions/A/ColorSyncLegacy
0x00007ff82b371000 	/System/Library/Frameworks/ApplicationServices.framework/Versions/A/Frameworks/SpeechSynthesis.framework/Versions/A/SpeechSynthesis
0x00007ff82a31d000 	/System/Library/Frameworks/ApplicationServices.framework/Versions/A/Frameworks/ATSUI.framework/Versions/A/ATSUI
0x00007ff82b692000 	/usr/lib/libcups.2.dylib
0x00007ff82ba55000 	/System/Library/Frameworks/Kerberos.framework/Versions/A/Kerberos
0x00007ff82ba64000 	/System/Library/Frameworks/GSS.framework/Versions/A/GSS
0x00007ff82b3ed000 	/usr/lib/libresolv.9.dylib
0x00007ff829873000 	/System/Library/PrivateFrameworks/Heimdal.framework/Versions/A/Heimdal
0x00007ff83254d000 	/System/Library/Frameworks/Kerberos.framework/Versions/A/Libraries/libHeimdalProxy.dylib
0x00007ff8240d9000 	/System/Library/Frameworks/Network.framework/Versions/A/Network
0x00007ff8292ca000 	/usr/lib/libheimdal-asn1.dylib
0x00007ff82bab0000 	/System/Library/PrivateFrameworks/CommonAuth.framework/Versions/A/CommonAuth
0x00007ff82b2ee000 	/System/Library/PrivateFrameworks/AudioSession.framework/Versions/A/AudioSession
0x00007ff82935a000 	/System/Library/PrivateFrameworks/MediaExperience.framework/Versions/A/MediaExperience
0x00007ff82b182000 	/System/Library/PrivateFrameworks/AudioSession.framework/libSessionUtility.dylib
0x00007ff82b711000 	/System/Library/PrivateFrameworks/AudioResourceArbitration.framework/Versions/A/AudioResourceArbitration
0x00007ff82f702000 	/System/Library/PrivateFrameworks/PowerLog.framework/Versions/A/PowerLog
0x00007ff8292d3000 	/System/Library/PrivateFrameworks/IconFoundation.framework/Versions/A/IconFoundation
0x00007ff82e51c000 	/System/Library/PrivateFrameworks/SpeechRecognitionCore.framework/Versions/A/SpeechRecognitionCore
0x00000001043e5000 	/Library/Java/JavaVirtualMachines/jdk-17.jdk/Contents/Home/lib/server/libjvm.dylib
0x00000001033ef000 	/Library/Java/JavaVirtualMachines/jdk-17.jdk/Contents/Home/lib/libjimage.dylib
0x000000010346d000 	/Library/Java/JavaVirtualMachines/jdk-17.jdk/Contents/Home/lib/libjava.dylib
0x00000001042d3000 	/Library/Java/JavaVirtualMachines/jdk-17.jdk/Contents/Home/lib/libnio.dylib
0x000000010430d000 	/Library/Java/JavaVirtualMachines/jdk-17.jdk/Contents/Home/lib/libnet.dylib
0x00000001042ef000 	/Library/Java/JavaVirtualMachines/jdk-17.jdk/Contents/Home/lib/libzip.dylib
0x000000010432d000 	/Users/benjamin/.openjfx/cache/17.0.1/libprism_es2.dylib
0x00007ff820238000 	/System/Library/PrivateFrameworks/CoreServicesInternal.framework/Versions/A/CoreServicesInternal
0x00007ffa357f0000 	/System/Library/Frameworks/OpenGL.framework/Versions/A/Resources/GLEngine.bundle/GLEngine
0x00007ffa35652000 	/System/Library/Frameworks/OpenGL.framework/Versions/A/Libraries/libGLProgrammability.dylib
0x00007ffa2d326000 	/System/Library/Extensions/AppleIntelBDWGraphicsGLDriver.bundle/Contents/MacOS/AppleIntelBDWGraphicsGLDriver
0x00007ff92cfe5000 	/System/Library/PrivateFrameworks/GPUSupport.framework/Versions/A/Libraries/libGPUSupportMercury.dylib
0x00007ffa3597f000 	/System/Library/Frameworks/OpenGL.framework/Versions/A/Resources/GLRendererFloat.bundle/GLRendererFloat
0x000000010d761000 	/Users/benjamin/.openjfx/cache/17.0.1/libglass.dylib
0x00007ff82fcf3000 	/System/Library/Frameworks/FileProvider.framework/Versions/A/FileProvider
0x00007ff823eb8000 	/System/Library/Frameworks/Accounts.framework/Versions/A/Accounts
0x00007ff82fe6a000 	/System/Library/PrivateFrameworks/GenerationalStorage.framework/Versions/A/GenerationalStorage
0x00007ff83097c000 	/System/Library/PrivateFrameworks/CoreSymbolication.framework/Versions/A/CoreSymbolication
0x00007ff82f6f7000 	/System/Library/PrivateFrameworks/SymptomDiagnosticReporter.framework/Versions/A/SymptomDiagnosticReporter
0x00007ff8214f9000 	/System/Library/PrivateFrameworks/DesktopServicesPriv.framework/Versions/A/DesktopServicesPriv
0x00007ff820379000 	/usr/lib/libsandbox.1.dylib
0x00007ff8251ce000 	/System/Library/PrivateFrameworks/UserManagement.framework/Versions/A/UserManagement
0x00007ff830941000 	/System/Library/PrivateFrameworks/DebugSymbols.framework/Versions/A/DebugSymbols
0x00007ff82b6f2000 	/System/Library/PrivateFrameworks/NetAuth.framework/Versions/A/NetAuth
0x00007ff82c5e0000 	/System/Library/PrivateFrameworks/Sharing.framework/Versions/A/Sharing
0x00007ff8251a1000 	/System/Library/PrivateFrameworks/login.framework/Versions/A/Frameworks/loginsupport.framework/Versions/A/loginsupport
0x00007ff831a81000 	/System/Library/PrivateFrameworks/Apple80211.framework/Versions/A/Apple80211
0x00007ff828382000 	/System/Library/PrivateFrameworks/AuthKit.framework/Versions/A/AuthKit
0x00007ff8279dc000 	/System/Library/PrivateFrameworks/CoreUtils.framework/Versions/A/CoreUtils
0x00007ff827903000 	/System/Library/Frameworks/CoreWLAN.framework/Versions/A/CoreWLAN
0x00007ff82c73b000 	/System/Library/Frameworks/IOBluetooth.framework/Versions/A/IOBluetooth
0x00007ff831ae9000 	/System/Library/PrivateFrameworks/CoreWiFi.framework/Versions/A/CoreWiFi
0x00007ff830516000 	/System/Library/PrivateFrameworks/FrontBoardServices.framework/Versions/A/FrontBoardServices
0x00007ff8305a8000 	/System/Library/PrivateFrameworks/BoardServices.framework/Versions/A/BoardServices
0x00007ff827bf6000 	/System/Library/PrivateFrameworks/AssertionServices.framework/Versions/A/AssertionServices
0x00007ff831c6d000 	/System/Library/PrivateFrameworks/BackBoardServices.framework/Versions/A/BackBoardServices
0x00007ff82bb3f000 	/System/Library/PrivateFrameworks/CorePhoneNumbers.framework/Versions/A/CorePhoneNumbers
0x00007ff82f814000 	/System/Library/PrivateFrameworks/DiskManagement.framework/Versions/A/DiskManagement
0x00007ff82f728000 	/System/Library/PrivateFrameworks/AppleIDAuthSupport.framework/Versions/A/AppleIDAuthSupport
0x00007ffa3c16c000 	/System/Library/PrivateFrameworks/AAAFoundation.framework/Versions/A/AAAFoundation
0x00007ff82bb20000 	/System/Library/PrivateFrameworks/KeychainCircle.framework/Versions/A/KeychainCircle
0x00007ff82f7e0000 	/System/Library/PrivateFrameworks/MediaKit.framework/Versions/A/MediaKit
0x00007ff82f734000 	/System/Library/Frameworks/DiscRecording.framework/Versions/A/DiscRecording
0x00007ff8291d8000 	/usr/lib/libCoreStorage.dylib
0x00007ff831f5c000 	/usr/lib/libcsfde.dylib
0x00007ff82c808000 	/System/Library/PrivateFrameworks/ProtectedCloudStorage.framework/Versions/A/ProtectedCloudStorage
0x00007ff831f58000 	/System/Library/PrivateFrameworks/EFILogin.framework/Versions/A/EFILogin
0x00007ff82fe90000 	/System/Library/PrivateFrameworks/OctagonTrust.framework/Versions/A/OctagonTrust
0x00007ffb20889000 	/System/Library/PrivateFrameworks/CoreUtilsExtras.framework/Versions/A/CoreUtilsExtras
0x00007ff82f66a000 	/System/Library/Frameworks/CoreBluetooth.framework/Versions/A/CoreBluetooth
0x00007ff8325d2000 	/System/Library/Frameworks/AudioUnit.framework/Versions/A/AudioUnit
0x00007ff8291d0000 	/usr/lib/libMatch.1.dylib
0x00007ff92756b000 	/System/Library/Frameworks/Accelerate.framework/Versions/A/Frameworks/vImage.framework/Versions/A/Libraries/libCGInterfaces.dylib
0x000000010e020000 	/usr/lib/libobjc-trampolines.dylib
0x00007ff824ec7000 	/System/Library/PrivateFrameworks/ViewBridge.framework/Versions/A/ViewBridge
0x00007ffb33480000 	/usr/lib/libRosetta.dylib


VM Arguments:
jvm_args: -Dfile.encoding=UTF-8 -Duser.country=FR -Duser.language=fr -Duser.variant --module-path=/Users/benjamin/Dropbox/Travail/Etudes/BTS SIO - SLAM/ANNÉE 2/Matières spécialisées/Projets/AP4 - GSB/GSB - Médecins/gsb_medecins/build/libs/gsb_medecin_mac-1.0-SNAPSHOT.jar:/Users/benjamin/Dropbox/Travail/Etudes/BTS SIO - SLAM/ANNÉE 2/Matières spécialisées/Projets/AP4 - GSB/GSB - Médecins/gsb_medecins/build/classes/java/main:/Users/benjamin/.gradle/caches/modules-2/files-2.1/org.openjfx/javafx-fxml/17.0.1/4ec9abf3948b347b5ce0e09813add3f25a6dbc0b/javafx-fxml-17.0.1-mac.jar:/Users/benjamin/.gradle/caches/modules-2/files-2.1/org.openjfx/javafx-controls/17.0.1/9c4e3c7ee4fe3f2d71cb94811910695f43040dc5/javafx-controls-17.0.1-mac.jar:/Users/benjamin/.gradle/caches/modules-2/files-2.1/org.openjfx/javafx-controls/17.0.1/4aa202089425f7b3bac4566e98da4b94ad10ee00/javafx-controls-17.0.1.jar:/Users/benjamin/.gradle/caches/modules-2/files-2.1/org.openjfx/javafx-graphics/17.0.1/60505369f7528056d4d8c5ea080df5447bdb0264/javafx-graphics-17.0.1-mac.jar:/Users/benjamin/.gradle/caches/modules-2/files-2.1/org.openjfx/javafx-graphics/17.0.1/324fd0f6c9c55330fc64a44dde0887d9646e800a/javafx-graphics-17.0.1.jar:/Users/benjamin/.gradle/caches/modules-2/files-2.1/org.openjfx/javafx-base/17.0.1/75cfa6f780ea3b3fd4ae336161e9e136ebb91ef2/javafx-base-17.0.1-mac.jar:/Users/benjamin/.gradle/caches/modules-2/files-2.1/org.openjfx/javafx-base/17.0.1/2c53dcf0d89ff42a63b09d941cab75c5a052ef32/javafx-base-17.0.1.jar:/Users/benjamin/.gradle/caches/modules-2/files-2.1/com.dlsc.formsfx/formsfx-core/11.4.2/64a96bb0ec2ad4ab7be1df09070f0af3901a7db6/formsfx-core-11.4.2.jar:/Users/benjamin/.gradle/caches/modules-2/files-2.1/com.google.protobuf/protobuf-java/3.11.4/7ec0925cc3aef0335bbc7d57edfd42b0f86f8267/protobuf-java-3.11.4.jar -Djdk.module.main=fr.skaayz.project 
java_command: fr.skaayz.project/fr.skaayz.gsb_medecin_mac.Main
java_class_path (initial): /Users/benjamin/Dropbox/Travail/Etudes/BTS SIO - SLAM/ANNÉE 2/Matières spécialisées/Projets/AP4 - GSB/GSB - Médecins/gsb_medecins/build/resources/main:/Users/benjamin/.gradle/caches/modules-2/files-2.1/mysql/mysql-connector-java/8.0.28/33678b1729d4f832b9e4bcb2d5bbd67940920a7a/mysql-connector-java-8.0.28.jar
Launcher Type: SUN_STANDARD

[Global flags]
     intx CICompilerCount                          = 3                                         {product} {ergonomic}
     uint ConcGCThreads                            = 1                                         {product} {ergonomic}
     uint G1ConcRefinementThreads                  = 4                                         {product} {ergonomic}
   size_t G1HeapRegionSize                         = 1048576                                   {product} {ergonomic}
    uintx GCDrainStackTargetSize                   = 64                                        {product} {ergonomic}
   size_t InitialHeapSize                          = 134217728                                 {product} {ergonomic}
   size_t MarkStackSize                            = 4194304                                   {product} {ergonomic}
   size_t MaxHeapSize                              = 2147483648                                {product} {ergonomic}
   size_t MaxNewSize                               = 1287651328                                {product} {ergonomic}
   size_t MinHeapDeltaBytes                        = 1048576                                   {product} {ergonomic}
   size_t MinHeapSize                              = 8388608                                   {product} {ergonomic}
    uintx NonNMethodCodeHeapSize                   = 5832780                                {pd product} {ergonomic}
    uintx NonProfiledCodeHeapSize                  = 122912730                              {pd product} {ergonomic}
    uintx ProfiledCodeHeapSize                     = 122912730                              {pd product} {ergonomic}
    uintx ReservedCodeCacheSize                    = 251658240                              {pd product} {ergonomic}
     bool SegmentedCodeCache                       = true                                      {product} {ergonomic}
   size_t SoftMaxHeapSize                          = 2147483648                             {manageable} {ergonomic}
     bool UseCompressedClassPointers               = true                           {product lp64_product} {ergonomic}
     bool UseCompressedOops                        = true                           {product lp64_product} {ergonomic}
     bool UseG1GC                                  = true                                      {product} {ergonomic}
     bool UseNUMA                                  = false                                     {product} {ergonomic}
     bool UseNUMAInterleaving                      = false                                     {product} {ergonomic}

Logging:
Log output configuration:
 #0: stdout all=warning uptime,level,tags
 #1: stderr all=off uptime,level,tags

Environment Variables:
PATH=/usr/local/bin:/usr/bin:/bin:/usr/sbin:/sbin:/Applications/VMware Fusion.app/Contents/Public:/Library/Apple/usr/bin
SHELL=/bin/zsh
LC_CTYPE=fr_FR.UTF-8

Signal Handlers:
   SIGSEGV: crash_handler in libjvm.dylib, mask=11100110000111110111111111111111, flags=SA_RESTART|SA_SIGINFO
    SIGBUS: crash_handler in libjvm.dylib, mask=11100110000111110111111111111111, flags=SA_RESTART|SA_SIGINFO
    SIGFPE: crash_handler in libjvm.dylib, mask=11100110000111110111111111111111, flags=SA_RESTART|SA_SIGINFO
   SIGPIPE: javaSignalHandler in libjvm.dylib, mask=11100110000111110111111111111111, flags=SA_RESTART|SA_SIGINFO
   SIGXFSZ: javaSignalHandler in libjvm.dylib, mask=11100110000111110111111111111111, flags=SA_RESTART|SA_SIGINFO
    SIGILL: crash_handler in libjvm.dylib, mask=11100110000111110111111111111111, flags=SA_RESTART|SA_SIGINFO
   SIGUSR2: SR_handler in libjvm.dylib, mask=00100000000000000000000000000000, flags=SA_RESTART|SA_SIGINFO
    SIGHUP: UserHandler in libjvm.dylib, mask=11100110000111110111111111111111, flags=SA_RESTART|SA_SIGINFO
    SIGINT: UserHandler in libjvm.dylib, mask=11100110000111110111111111111111, flags=SA_RESTART|SA_SIGINFO
   SIGTERM: UserHandler in libjvm.dylib, mask=11100110000111110111111111111111, flags=SA_RESTART|SA_SIGINFO
   SIGQUIT: UserHandler in libjvm.dylib, mask=11100110000111110111111111111111, flags=SA_RESTART|SA_SIGINFO
   SIGTRAP: crash_handler in libjvm.dylib, mask=11100110000111110111111111111111, flags=SA_RESTART|SA_SIGINFO


---------------  S Y S T E M  ---------------

OS:
uname: Darwin 21.2.0 Darwin Kernel Version 21.2.0: Sun Nov 28 20:28:54 PST 2021; root:xnu-8019.61.5~1/RELEASE_X86_64 x86_64
OS uptime: 20 days 0:42 hours
rlimit (soft/hard): STACK 8192k/65532k , CORE 0k/infinity , NPROC 1392/2088 , NOFILE 10240/infinity , AS infinity/infinity , CPU infinity/infinity , DATA infinity/infinity , FSIZE infinity/infinity , MEMLOCK infinity/infinity , RSS infinity/infinity
load average: 2.40 2.89 2.99

CPU: total 4 (initial active 4) (2 cores per cpu, 2 threads per core) family 6 model 61 stepping 4 microcode 0x2f, cx8, cmov, fxsr, ht, mmx, 3dnowpref, sse, sse2, sse3, ssse3, sse4.1, sse4.2, popcnt, lzcnt, tsc, tscinvbit, avx, avx2, aes, erms, clmul, bmi1, bmi2, rtm, adx, fma, vzeroupper, clflush

Memory: 4k page, physical 8388608k(29684k free), swap 2097152k(795392k free)

vm_info: Java HotSpot(TM) 64-Bit Server VM (17+35-LTS-2724) for bsd-amd64 JRE (17+35-LTS-2724), built on Aug  5 2021 22:37:01 by "mach5one" with clang Apple LLVM 12.0.0 (clang-1200.0.32.29)

END.
