#
# A fatal error has been detected by the Java Runtime Environment:
#
#  SIGSEGV (0xb) at pc=0x000000010663cf86, pid=11171, tid=259
#
# JRE version: Java(TM) SE Runtime Environment (17.0+35) (build 17+35-LTS-2724)
# Java VM: Java HotSpot(TM) 64-Bit Server VM (17+35-LTS-2724, mixed mode, sharing, tiered, compressed oops, compressed class ptrs, g1 gc, bsd-amd64)
# Problematic frame:
# V  [libjvm.dylib+0x2d6f86]  _ZN15ClassFileParserC2EP15ClassFileStreamP6SymbolP15ClassLoaderDataPK13ClassLoadInfoNS_9PublicityEP10JavaThread+0x1e6
#
# No core dump will be written. Core dumps have been disabled. To enable core dumping, try "ulimit -c unlimited" before starting Java again
#
# If you would like to submit a bug report, please visit:
#   https://bugreport.java.com/bugreport/crash.jsp
# The crash happened outside the Java Virtual Machine in native code.
# See problematic frame for where to report the bug.
#

---------------  S U M M A R Y ------------

Command Line: -agentlib:jdwp=transport=dt_socket,server=n,suspend=y,address=127.0.0.1:55843 -Dfile.encoding=UTF-8 -Duser.country=FR -Duser.language=fr -Duser.variant --module-path=/Users/benjamin/Dropbox/Travail/Etudes/BTS SIO - SLAM/ANNÉE 2/Matières spécialisées/Projets/AP4 - GSB/GSB - Médecins/gsb_medecins/build/libs/gsb_medecin_mac-1.0-SNAPSHOT.jar:/Users/benjamin/Dropbox/Travail/Etudes/BTS SIO - SLAM/ANNÉE 2/Matières spécialisées/Projets/AP4 - GSB/GSB - Médecins/gsb_medecins/build/classes/java/main:/Users/benjamin/.gradle/caches/modules-2/files-2.1/org.openjfx/javafx-fxml/17.0.1/4ec9abf3948b347b5ce0e09813add3f25a6dbc0b/javafx-fxml-17.0.1-mac.jar:/Users/benjamin/.gradle/caches/modules-2/files-2.1/org.openjfx/javafx-controls/17.0.1/9c4e3c7ee4fe3f2d71cb94811910695f43040dc5/javafx-controls-17.0.1-mac.jar:/Users/benjamin/.gradle/caches/modules-2/files-2.1/org.openjfx/javafx-controls/17.0.1/4aa202089425f7b3bac4566e98da4b94ad10ee00/javafx-controls-17.0.1.jar:/Users/benjamin/.gradle/caches/modules-2/files-2.1/org.openjfx/javafx-graphics/17.0.1/60505369f7528056d4d8c5ea080df5447bdb0264/javafx-graphics-17.0.1-mac.jar:/Users/benjamin/.gradle/caches/modules-2/files-2.1/org.openjfx/javafx-graphics/17.0.1/324fd0f6c9c55330fc64a44dde0887d9646e800a/javafx-graphics-17.0.1.jar:/Users/benjamin/.gradle/caches/modules-2/files-2.1/org.openjfx/javafx-base/17.0.1/75cfa6f780ea3b3fd4ae336161e9e136ebb91ef2/javafx-base-17.0.1-mac.jar:/Users/benjamin/.gradle/caches/modules-2/files-2.1/org.openjfx/javafx-base/17.0.1/2c53dcf0d89ff42a63b09d941cab75c5a052ef32/javafx-base-17.0.1.jar:/Users/benjamin/.gradle/caches/modules-2/files-2.1/com.dlsc.formsfx/formsfx-core/11.4.2/64a96bb0ec2ad4ab7be1df09070f0af3901a7db6/formsfx-core-11.4.2.jar:/Users/benjamin/.gradle/caches/modules-2/files-2.1/com.google.protobuf/protobuf-java/3.11.4/7ec0925cc3aef0335bbc7d57edfd42b0f86f8267/protobuf-java-3.11.4.jar -Djdk.module.main=fr.skaayz.project fr.skaayz.project/fr.skaayz.gsb_medecin_mac.Main

Host: "MacBookAir7,2" x86_64 1800 MHz, 4 cores, 8G, Darwin 21.2.0, macOS 12.1 (21C52)
Time: Wed Mar 16 17:27:35 2022 CET elapsed time: 1.148886 seconds (0d 0h 0m 1s)

---------------  T H R E A D  ---------------

Current thread (0x00007fa013955000):  JavaThread "Thread-1" [_thread_in_native, id=259, stack(0x00007ff7ba4e8000,0x00007ff7bace8000)]

Stack: [0x00007ff7ba4e8000,0x00007ff7bace8000],  sp=0x00007ff7bace1e70,  free space=8167k
Native frames: (J=compiled Java code, j=interpreted, Vv=VM code, C=native code)
V  [libjvm.dylib+0x2d6f86]  _ZN15ClassFileParserC2EP15ClassFileStreamP6SymbolP15ClassLoaderDataPK13ClassLoadInfoNS_9PublicityEP10JavaThread+0x1e6
V  [libjvm.dylib+0x6e20c1]  _ZN12KlassFactory18create_from_streamEP15ClassFileStreamP6SymbolP15ClassLoaderDataRK13ClassLoadInfoP10JavaThread+0xb1
V  [libjvm.dylib+0x9ac324]  _ZN16SystemDictionary32resolve_hidden_class_from_streamEP15ClassFileStreamP6Symbol6HandleRK13ClassLoadInfoP10JavaThread+0x74
V  [libjvm.dylib+0x59d0b3]  JVM_LookupDefineClass+0x7d3
C  [libjava.dylib+0x300b]  Java_java_lang_ClassLoader_defineClass0+0x14b
j  java.lang.ClassLoader.defineClass0(Ljava/lang/ClassLoader;Ljava/lang/Class;Ljava/lang/String;[BIILjava/security/ProtectionDomain;ZILjava/lang/Object;)Ljava/lang/Class;+0 java.base@17
j  java.lang.System$2.defineClass(Ljava/lang/ClassLoader;Ljava/lang/Class;Ljava/lang/String;[BLjava/security/ProtectionDomain;ZILjava/lang/Object;)Ljava/lang/Class;+17 java.base@17
j  java.lang.invoke.MethodHandles$Lookup$ClassDefiner.defineClass(ZLjava/lang/Object;)Ljava/lang/Class;+54 java.base@17
j  java.lang.invoke.MethodHandles$Lookup$ClassDefiner.defineClassAsLookup(Z)Ljava/lang/invoke/MethodHandles$Lookup;+3 java.base@17
j  java.lang.invoke.MethodHandles$Lookup.defineHiddenClass([BZ[Ljava/lang/invoke/MethodHandles$Lookup$ClassOption;)Ljava/lang/invoke/MethodHandles$Lookup;+65 java.base@17
j  java.lang.invoke.InnerClassLambdaMetafactory.generateInnerClass()Ljava/lang/Class;+580 java.base@17
j  java.lang.invoke.InnerClassLambdaMetafactory.spinInnerClass()Ljava/lang/Class;+107 java.base@17
j  java.lang.invoke.InnerClassLambdaMetafactory.buildCallSite()Ljava/lang/invoke/CallSite;+1 java.base@17
j  java.lang.invoke.LambdaMetafactory.metafactory(Ljava/lang/invoke/MethodHandles$Lookup;Ljava/lang/String;Ljava/lang/invoke/MethodType;Ljava/lang/invoke/MethodType;Ljava/lang/invoke/MethodHandle;Ljava/lang/invoke/MethodType;)Ljava/lang/invoke/CallSite;+67 java.base@17
j  java.lang.invoke.DirectMethodHandle$Holder.invokeStatic(Ljava/lang/Object;Ljava/lang/Object;Ljava/lang/Object;Ljava/lang/Object;Ljava/lang/Object;Ljava/lang/Object;Ljava/lang/Object;)Ljava/lang/Object;+20 java.base@17
j  java.lang.invoke.Invokers$Holder.invokeExact_MT(Ljava/lang/Object;Ljava/lang/Object;Ljava/lang/Object;Ljava/lang/Object;Ljava/lang/Object;Ljava/lang/Object;Ljava/lang/Object;Ljava/lang/Object;)Ljava/lang/Object;+28 java.base@17
j  java.lang.invoke.BootstrapMethodInvoker.invoke(Ljava/lang/Class;Ljava/lang/invoke/MethodHandle;Ljava/lang/String;Ljava/lang/Object;Ljava/lang/Object;Ljava/lang/Class;)Ljava/lang/Object;+319 java.base@17
j  java.lang.invoke.CallSite.makeSite(Ljava/lang/invoke/MethodHandle;Ljava/lang/String;Ljava/lang/invoke/MethodType;Ljava/lang/Object;Ljava/lang/Class;)Ljava/lang/invoke/CallSite;+8 java.base@17
j  java.lang.invoke.MethodHandleNatives.linkCallSiteImpl(Ljava/lang/Class;Ljava/lang/invoke/MethodHandle;Ljava/lang/String;Ljava/lang/invoke/MethodType;Ljava/lang/Object;[Ljava/lang/Object;)Ljava/lang/invoke/MemberName;+6 java.base@17
j  java.lang.invoke.MethodHandleNatives.linkCallSite(Ljava/lang/Object;ILjava/lang/Object;Ljava/lang/Object;Ljava/lang/Object;Ljava/lang/Object;[Ljava/lang/Object;)Ljava/lang/invoke/MemberName;+46 java.base@17
v  ~StubRoutines::call_stub
V  [libjvm.dylib+0x503091]  _ZN9JavaCalls11call_helperEP9JavaValueRK12methodHandleP17JavaCallArgumentsP10JavaThread+0x2a1
V  [libjvm.dylib+0x502751]  _ZN9JavaCalls11call_staticEP9JavaValueP5KlassP6SymbolS5_P17JavaCallArgumentsP10JavaThread+0x111
V  [libjvm.dylib+0x9b059c]  _ZN16SystemDictionary23invoke_bootstrap_methodER13BootstrapInfoP10JavaThread+0x2dc
V  [libjvm.dylib+0x714e5e]  _ZN12LinkResolver20resolve_dynamic_callER8CallInfoR13BootstrapInfoP10JavaThread+0x1e
V  [libjvm.dylib+0x714860]  _ZN12LinkResolver21resolve_invokedynamicER8CallInfoRK18constantPoolHandleiP10JavaThread+0x80
V  [libjvm.dylib+0x4fcb84]  _ZN18InterpreterRuntime21resolve_invokedynamicEP10JavaThread+0x174
V  [libjvm.dylib+0x4fcc67]  _ZN18InterpreterRuntime18resolve_from_cacheEP10JavaThreadN9Bytecodes4CodeE+0x77
j  com.sun.glass.ui.Screen.<clinit>()V+4 javafx.graphics
v  ~StubRoutines::call_stub
V  [libjvm.dylib+0x503091]  _ZN9JavaCalls11call_helperEP9JavaValueRK12methodHandleP17JavaCallArgumentsP10JavaThread+0x2a1
V  [libjvm.dylib+0x4e14b4]  _ZN13InstanceKlass22call_class_initializerEP10JavaThread+0x254
V  [libjvm.dylib+0x4e0c75]  _ZN13InstanceKlass15initialize_implEP10JavaThread+0x415
V  [libjvm.dylib+0x7120a3]  _ZN12LinkResolver19resolve_static_callER8CallInfoRK8LinkInfobP10JavaThread+0x73
V  [libjvm.dylib+0x7143b0]  _ZN12LinkResolver14resolve_invokeER8CallInfo6HandleRK18constantPoolHandleiN9Bytecodes4CodeEP10JavaThread+0x80
V  [libjvm.dylib+0x4fc5a9]  _ZN18InterpreterRuntime14resolve_invokeEP10JavaThreadN9Bytecodes4CodeE+0x339
V  [libjvm.dylib+0x4fcc49]  _ZN18InterpreterRuntime18resolve_from_cacheEP10JavaThreadN9Bytecodes4CodeE+0x59
j  com.sun.glass.ui.Application.lambda$run$1(Ljava/lang/Runnable;)V+0 javafx.graphics
j  com.sun.glass.ui.Application$$Lambda$90+0x0000000800c2db10.run()V+4 javafx.graphics
j  com.sun.glass.ui.mac.MacApplication.lambda$runLoop$3(Ljava/lang/Runnable;)V+12 javafx.graphics
j  com.sun.glass.ui.mac.MacApplication$$Lambda$91+0x0000000800c2dd38.run()V+8 javafx.graphics
v  ~StubRoutines::call_stub
V  [libjvm.dylib+0x503091]  _ZN9JavaCalls11call_helperEP9JavaValueRK12methodHandleP17JavaCallArgumentsP10JavaThread+0x2a1
V  [libjvm.dylib+0x55c816]  _ZL20jni_invoke_nonstaticP7JNIEnv_P9JavaValueP8_jobject11JNICallTypeP10_jmethodIDP18JNI_ArgumentPusherP10JavaThread+0x2d6
V  [libjvm.dylib+0x560b9d]  jni_CallVoidMethod+0x19d
C  [libglass.dylib+0x8582]  -[GlassApplication applicationWillFinishLaunching:]+0x192
C  [CoreFoundation+0x75f23]  __CFNOTIFICATIONCENTER_IS_CALLING_OUT_TO_AN_OBSERVER__+0xc
C  [CoreFoundation+0x1133f9]  ___CFXRegistrationPost_block_invoke+0x31
C  [CoreFoundation+0x113376]  _CFXRegistrationPost+0x1f0
C  [CoreFoundation+0x47836]  _CFXNotificationPost+0x2dd
C  [Foundation+0x91ae]  -[NSNotificationCenter postNotificationName:object:userInfo:]+0x52
C  [AppKit+0x2f84f]  -[NSApplication finishLaunching]+0x146
C  [AppKit+0x2f459]  -[NSApplication run]+0xfa
C  [libglass.dylib+0xa2a5]  -[GlassApplication runLoop:]+0x795
C  [Foundation+0x80af3]  __NSThreadPerformPerform+0xb3
C  [CoreFoundation+0x808fd]  __CFRUNLOOP_IS_CALLING_OUT_TO_A_SOURCE0_PERFORM_FUNCTION__+0x11
C  [CoreFoundation+0x80865]  __CFRunLoopDoSource0+0xb4
C  [CoreFoundation+0x805e4]  __CFRunLoopDoSources0+0xf2
C  [CoreFoundation+0x7f01b]  __CFRunLoopRun+0x37d
C  [CoreFoundation+0x7e5dd]  CFRunLoopRunSpecific+0x233
C  [libjli.dylib+0x70b2]  CreateExecutionEnvironment+0x182
C  [libjli.dylib+0x2c15]  JLI_Launch+0x585
C  [java+0x3c09]  main+0x189
C  0x0000000113b5f4fe

Java frames: (J=compiled Java code, j=interpreted, Vv=VM code)
j  java.lang.ClassLoader.defineClass0(Ljava/lang/ClassLoader;Ljava/lang/Class;Ljava/lang/String;[BIILjava/security/ProtectionDomain;ZILjava/lang/Object;)Ljava/lang/Class;+0 java.base@17
j  java.lang.System$2.defineClass(Ljava/lang/ClassLoader;Ljava/lang/Class;Ljava/lang/String;[BLjava/security/ProtectionDomain;ZILjava/lang/Object;)Ljava/lang/Class;+17 java.base@17
j  java.lang.invoke.MethodHandles$Lookup$ClassDefiner.defineClass(ZLjava/lang/Object;)Ljava/lang/Class;+54 java.base@17
j  java.lang.invoke.MethodHandles$Lookup$ClassDefiner.defineClassAsLookup(Z)Ljava/lang/invoke/MethodHandles$Lookup;+3 java.base@17
j  java.lang.invoke.MethodHandles$Lookup.defineHiddenClass([BZ[Ljava/lang/invoke/MethodHandles$Lookup$ClassOption;)Ljava/lang/invoke/MethodHandles$Lookup;+65 java.base@17
j  java.lang.invoke.InnerClassLambdaMetafactory.generateInnerClass()Ljava/lang/Class;+580 java.base@17
j  java.lang.invoke.InnerClassLambdaMetafactory.spinInnerClass()Ljava/lang/Class;+107 java.base@17
j  java.lang.invoke.InnerClassLambdaMetafactory.buildCallSite()Ljava/lang/invoke/CallSite;+1 java.base@17
j  java.lang.invoke.LambdaMetafactory.metafactory(Ljava/lang/invoke/MethodHandles$Lookup;Ljava/lang/String;Ljava/lang/invoke/MethodType;Ljava/lang/invoke/MethodType;Ljava/lang/invoke/MethodHandle;Ljava/lang/invoke/MethodType;)Ljava/lang/invoke/CallSite;+67 java.base@17
j  java.lang.invoke.DirectMethodHandle$Holder.invokeStatic(Ljava/lang/Object;Ljava/lang/Object;Ljava/lang/Object;Ljava/lang/Object;Ljava/lang/Object;Ljava/lang/Object;Ljava/lang/Object;)Ljava/lang/Object;+20 java.base@17
j  java.lang.invoke.Invokers$Holder.invokeExact_MT(Ljava/lang/Object;Ljava/lang/Object;Ljava/lang/Object;Ljava/lang/Object;Ljava/lang/Object;Ljava/lang/Object;Ljava/lang/Object;Ljava/lang/Object;)Ljava/lang/Object;+28 java.base@17
j  java.lang.invoke.BootstrapMethodInvoker.invoke(Ljava/lang/Class;Ljava/lang/invoke/MethodHandle;Ljava/lang/String;Ljava/lang/Object;Ljava/lang/Object;Ljava/lang/Class;)Ljava/lang/Object;+319 java.base@17
j  java.lang.invoke.CallSite.makeSite(Ljava/lang/invoke/MethodHandle;Ljava/lang/String;Ljava/lang/invoke/MethodType;Ljava/lang/Object;Ljava/lang/Class;)Ljava/lang/invoke/CallSite;+8 java.base@17
j  java.lang.invoke.MethodHandleNatives.linkCallSiteImpl(Ljava/lang/Class;Ljava/lang/invoke/MethodHandle;Ljava/lang/String;Ljava/lang/invoke/MethodType;Ljava/lang/Object;[Ljava/lang/Object;)Ljava/lang/invoke/MemberName;+6 java.base@17
j  java.lang.invoke.MethodHandleNatives.linkCallSite(Ljava/lang/Object;ILjava/lang/Object;Ljava/lang/Object;Ljava/lang/Object;Ljava/lang/Object;[Ljava/lang/Object;)Ljava/lang/invoke/MemberName;+46 java.base@17
v  ~StubRoutines::call_stub
j  com.sun.glass.ui.Screen.<clinit>()V+4 javafx.graphics
v  ~StubRoutines::call_stub
j  com.sun.glass.ui.Application.lambda$run$1(Ljava/lang/Runnable;)V+0 javafx.graphics
j  com.sun.glass.ui.Application$$Lambda$90+0x0000000800c2db10.run()V+4 javafx.graphics
j  com.sun.glass.ui.mac.MacApplication.lambda$runLoop$3(Ljava/lang/Runnable;)V+12 javafx.graphics
j  com.sun.glass.ui.mac.MacApplication$$Lambda$91+0x0000000800c2dd38.run()V+8 javafx.graphics
v  ~StubRoutines::call_stub

siginfo: si_signo: 11 (SIGSEGV), si_code: 0 (unknown), si_addr: 0x0000000000000000

Register to memory mapping:

RAX=0xf0fe398af0f73c61 is an unknown value
RBX=0x00007ff7bace1f48 is pointing into the stack for thread: 0x00007fa013955000
RCX=0x00000000d5200001 is an unknown value
RDX=0x00000000d5200002 is an unknown value
RSP=0x00007ff7bace1e70 is pointing into the stack for thread: 0x00007fa013955000
RBP=0x00007ff7bace1ea0 is pointing into the stack for thread: 0x00007fa013955000
RSI=0x00007ff7bace2228 is pointing into the stack for thread: 0x00007fa013955000
RDI=0x0000600002f60150 points into unknown readable memory: 0x6f630022d5200002 | 02 00 20 d5 22 00 63 6f
R8 =0x00007ff7bace21d0 is pointing into the stack for thread: 0x00007fa013955000
R9 =0x0000000000000001 is an unknown value
R10=0x0000000000000022 is an unknown value
R11=0xffffe0084827ddc6 is an unknown value
R12=0xf0fe398af0f73c61 is an unknown value
R13=0x00007ff7bace2228 is pointing into the stack for thread: 0x00007fa013955000
R14=0x00007fa013955000 is a thread
R15=0x00007ff7bace2228 is pointing into the stack for thread: 0x00007fa013955000


Registers:
RAX=0xf0fe398af0f73c61, RBX=0x00007ff7bace1f48, RCX=0x00000000d5200001, RDX=0x00000000d5200002
RSP=0x00007ff7bace1e70, RBP=0x00007ff7bace1ea0, RSI=0x00007ff7bace2228, RDI=0x0000600002f60150
R8 =0x00007ff7bace21d0, R9 =0x0000000000000001, R10=0x0000000000000022, R11=0xffffe0084827ddc6
R12=0xf0fe398af0f73c61, R13=0x00007ff7bace2228, R14=0x00007fa013955000, R15=0x00007ff7bace2228
RIP=0x000000010663cf86, EFLAGS=0x0000000000010246, ERR=0x0000000000000000
  TRAPNO=0x000000000000000d

Top of Stack: (sp=0x00007ff7bace1e70)
0x00007ff7bace1e70:   00007ff7bace2dd0 00007fa013955000
0x00007ff7bace1e80:   f0fe398af0f73c61 00007ff7bace2228
0x00007ff7bace1e90:   00007ff7bace21d0 0000600002f60150
0x00007ff7bace1ea0:   00007ff7bace2120 0000000106a480c1
0x00007ff7bace1eb0:   00007fa013955000 00007fa013955000
0x00007ff7bace1ec0:   0000600003416ec0 00007fa015899200
0x00007ff7bace1ed0:   00007fa0158992f8 00007fa0158a11e8
0x00007ff7bace1ee0:   00000000000080b0 00007ff7bace2dd0
0x00007ff7bace1ef0:   00007fa013724550 00007fa013724580
0x00007ff7bace1f00:   0000000000000000 00007fa013724938
0x00007ff7bace1f10:   00000000000003d8 0000000000000001
0x00007ff7bace1f20:   0000000000000000 0000600002f006f0
0x00007ff7bace1f30:   00007ff7bace2228 f6b64000c0001001
0x00007ff7bace1f40:   000000010535ffff 00007ff7bace2228
0x00007ff7bace1f50:   0000600002f60150 f0fe398af0f73c61
0x00007ff7bace1f60:   0000000000000001 0000000000000000
0x00007ff7bace1f70:   0000000000000000 0000000000000000
0x00007ff7bace1f80:   0000000000000000 0000000000000000
0x00007ff7bace1f90:   0000000000000000 0000000000000000
0x00007ff7bace1fa0:   0000000000000000 0000000000000000
0x00007ff7bace1fb0:   0000000000000000 0000000000000000
0x00007ff7bace1fc0:   0000000000000000 0000000000000000
0x00007ff7bace1fd0:   0000000000000000 0000000000000000
0x00007ff7bace1fe0:   0000000000000000 0000000000000000
0x00007ff7bace1ff0:   0000000000000000 0000000000000000
0x00007ff7bace2000:   0000000000000000 0000000000000000
0x00007ff7bace2010:   0000000000000000 0000000000000000
0x00007ff7bace2020:   00007ff7bace2070 00000001064b5d91
0x00007ff7bace2030:   0000000000000000 0000000000000000
0x00007ff7bace2040:   0000000000000000 0000000000000000
0x00007ff7bace2050:   00007ff7bace2070 0000000106d1fd0e
0x00007ff7bace2060:   00006000023386a0 00007ff7bace2128 

Instructions: (pc=0x000000010663cf86)
0x000000010663ce86:   00 00 00 00 00 00 00 48 c7 87 c0 00 00 00 00 00
0x000000010663ce96:   00 00 48 c7 87 c8 00 00 00 00 00 00 00 48 c7 87
0x000000010663cea6:   d0 00 00 00 00 00 00 00 48 c7 87 60 01 00 00 00
0x000000010663ceb6:   00 00 00 48 c7 87 58 01 00 00 00 00 00 00 49 8b
0x000000010663cec6:   00 48 89 87 68 01 00 00 c7 87 70 01 00 00 00 00
0x000000010663ced6:   00 00 44 89 8f 74 01 00 00 66 c7 87 78 01 00 00
0x000000010663cee6:   00 00 c6 87 7a 01 00 00 00 48 c7 87 7c 01 00 00
0x000000010663cef6:   00 00 00 00 48 c7 87 84 01 00 00 00 00 00 00 48
0x000000010663cf06:   c7 87 8c 01 00 00 00 00 00 00 48 c7 87 94 01 00
0x000000010663cf16:   00 00 00 00 00 48 c7 87 99 01 00 00 00 00 00 00
0x000000010663cf26:   c7 87 a4 01 00 00 ff ff ff ff 48 85 d2 75 0e 48
0x000000010663cf36:   8d 05 74 14 9c 00 48 8b 90 98 1f 00 00 48 89 53
0x000000010663cf46:   08 48 89 d7 e8 71 b1 6c 00 48 8d 05 90 c3 9a 00
0x000000010663cf56:   80 38 00 74 27 48 8d 05 b6 cf 96 00 8a 00 24 01
0x000000010663cf66:   48 8d 0d 58 c2 9a 00 8a 09 80 e1 01 41 80 7f 28
0x000000010663cf76:   00 0f b6 c9 0f b6 c0 0f 44 c1 eb 24 48 8b 43 10
0x000000010663cf86:   48 8b 78 08 48 85 ff 74 0b ff 15 eb e5 96 00 48
0x000000010663cf96:   89 c7 eb 02 31 ff 41 0f b6 77 28 e8 5a a1 76 00
0x000000010663cfa6:   88 83 98 01 00 00 41 88 47 28 4c 8b 6b 10 48 8d
0x000000010663cfb6:   05 e5 38 9a 00 41 b4 01 4c 39 28 74 1f 49 8b 7d
0x000000010663cfc6:   08 48 85 ff 74 16 ff 15 ae e5 96 00 48 85 c0 74
0x000000010663cfd6:   0b 4c 89 ef e8 f1 c8 00 00 41 89 c4 48 8d 05 2f
0x000000010663cfe6:   cf 96 00 80 38 00 48 8d 05 d2 c1 9a 00 0f 94 c1
0x000000010663cff6:   80 38 00 0f 94 c0 0f 95 c2 08 c8 08 ca 44 08 e2
0x000000010663d006:   20 c2 88 93 99 01 00 00 48 89 df 4c 89 fe 4c 89
0x000000010663d016:   f2 e8 34 00 00 00 49 83 7e 08 00 74 0f 48 83 c4
0x000000010663d026:   08 5b 41 5c 41 5d 41 5e 41 5f 5d c3 48 8b 53 28
0x000000010663d036:   48 89 df 4c 89 f1 48 83 c4 08 5b 41 5c 41 5d 41
0x000000010663d046:   5e 41 5f 5d e9 e1 07 00 00 90 55 48 89 e5 41 57
0x000000010663d056:   41 56 41 55 41 54 53 48 81 ec f8 00 00 00 49 89
0x000000010663d066:   d7 48 89 f3 49 89 fe 48 8b 05 04 91 8a 00 48 8b
0x000000010663d076:   00 48 89 45 d0 48 8b 46 10 48 2b 46 18 48 83 f8 


Stack slot to memory mapping:
stack at sp + 0 slots: 0x00007ff7bace2dd0 is pointing into the stack for thread: 0x00007fa013955000
stack at sp + 1 slots: 0x00007fa013955000 is a thread
stack at sp + 2 slots: 0xf0fe398af0f73c61 is an unknown value
stack at sp + 3 slots: 0x00007ff7bace2228 is pointing into the stack for thread: 0x00007fa013955000
stack at sp + 4 slots: 0x00007ff7bace21d0 is pointing into the stack for thread: 0x00007fa013955000
stack at sp + 5 slots: 0x0000600002f60150 points into unknown readable memory: 0x6f630022d5200002 | 02 00 20 d5 22 00 63 6f
stack at sp + 6 slots: 0x00007ff7bace2120 is pointing into the stack for thread: 0x00007fa013955000
stack at sp + 7 slots: 0x0000000106a480c1: _ZN12KlassFactory18create_from_streamEP15ClassFileStreamP6SymbolP15ClassLoaderDataRK13ClassLoadInfoP10JavaThread+0xb1 in /Library/Java/JavaVirtualMachines/jdk-17.jdk/Contents/Home/lib/server/libjvm.dylib at 0x0000000106366000


---------------  P R O C E S S  ---------------

Threads class SMR info:
_java_thread_list=0x0000600002145d60, length=17, elements={
0x00007fa01500e000, 0x00007fa014014200, 0x00007fa014014800, 0x00007fa01507ba00,
0x00007fa014023600, 0x00007fa014023c00, 0x00007fa014026e00, 0x00007fa014027400,
0x00007fa014027a00, 0x00007fa015811200, 0x00007fa015860400, 0x00007fa014028000,
0x00007fa0138e1a00, 0x00007fa01507c400, 0x00007fa0138e8000, 0x00007fa014148c00,
0x00007fa013955000
}

Java Threads: ( => current thread )
  0x00007fa01500e000 JavaThread "main" [_thread_blocked, id=9731, stack(0x000070000494f000,0x0000700004a4f000)]
  0x00007fa014014200 JavaThread "Reference Handler" daemon [_thread_blocked, id=14595, stack(0x0000700005064000,0x0000700005164000)]
  0x00007fa014014800 JavaThread "Finalizer" daemon [_thread_blocked, id=14851, stack(0x0000700005167000,0x0000700005267000)]
  0x00007fa01507ba00 JavaThread "Signal Dispatcher" daemon [_thread_blocked, id=42243, stack(0x0000700005370000,0x0000700005470000)]
  0x00007fa014023600 JavaThread "Service Thread" daemon [_thread_blocked, id=41731, stack(0x0000700005473000,0x0000700005573000)]
  0x00007fa014023c00 JavaThread "Monitor Deflation Thread" daemon [_thread_blocked, id=22787, stack(0x0000700005576000,0x0000700005676000)]
  0x00007fa014026e00 JavaThread "C2 CompilerThread0" daemon [_thread_blocked, id=40963, stack(0x0000700005679000,0x0000700005779000)]
  0x00007fa014027400 JavaThread "C1 CompilerThread0" daemon [_thread_blocked, id=40451, stack(0x000070000577c000,0x000070000587c000)]
  0x00007fa014027a00 JavaThread "Sweeper thread" daemon [_thread_blocked, id=40195, stack(0x000070000587f000,0x000070000597f000)]
  0x00007fa015811200 JavaThread "Common-Cleaner" daemon [_thread_blocked, id=23299, stack(0x0000700005982000,0x0000700005a82000)]
  0x00007fa015860400 JavaThread "JDWP Transport Listener: dt_socket" daemon [_thread_blocked, id=39687, stack(0x0000700005a85000,0x0000700005b85000)]
  0x00007fa014028000 JavaThread "JDWP Event Helper Thread" daemon [_thread_blocked, id=24067, stack(0x0000700005b88000,0x0000700005c88000)]
  0x00007fa0138e1a00 JavaThread "JDWP Command Reader" daemon [_thread_in_native, id=39427, stack(0x0000700005c8b000,0x0000700005d8b000)]
  0x00007fa01507c400 JavaThread "Notification Thread" daemon [_thread_blocked, id=24579, stack(0x0000700005d8e000,0x0000700005e8e000)]
  0x00007fa0138e8000 JavaThread "QuantumRenderer-0" daemon [_thread_blocked, id=38659, stack(0x0000700005f94000,0x0000700006094000)]
  0x00007fa014148c00 JavaThread "InvokeLaterDispatcher" daemon [_thread_blocked, id=34831, stack(0x0000700006097000,0x0000700006197000)]
=>0x00007fa013955000 JavaThread "Thread-1" [_thread_in_native, id=259, stack(0x00007ff7ba4e8000,0x00007ff7bace8000)]

Other Threads:
  0x00007fa014b05570 VMThread "VM Thread" [stack: 0x0000700004f61000,0x0000700005061000] [id=16387]
  0x00007fa014912270 WatcherThread [stack: 0x0000700005e91000,0x0000700005f91000] [id=25091]
  0x00007fa013705e60 GCTaskThread "GC Thread#0" [stack: 0x0000700004a52000,0x0000700004b52000] [id=19971]
  0x00007fa013706500 ConcurrentGCThread "G1 Main Marker" [stack: 0x0000700004b55000,0x0000700004c55000] [id=12547]
  0x00007fa013706d80 ConcurrentGCThread "G1 Conc#0" [stack: 0x0000700004c58000,0x0000700004d58000] [id=13059]
  0x00007fa014906db0 ConcurrentGCThread "G1 Refine#0" [stack: 0x0000700004d5b000,0x0000700004e5b000] [id=18947]
  0x00007fa014907640 ConcurrentGCThread "G1 Service" [stack: 0x0000700004e5e000,0x0000700004f5e000] [id=13827]

Threads with active compile tasks:

VM state: not at safepoint (normal execution)

VM Mutex/Monitor currently owned by a thread: None

Heap address: 0x0000000780000000, size: 2048 MB, Compressed Oops mode: Zero based, Oop shift amount: 3

CDS archive(s) mapped at: [0x0000000800000000-0x0000000800bd0000-0x0000000800bd0000), size 12386304, SharedBaseAddress: 0x0000000800000000, ArchiveRelocationMode: 0.
Compressed class space mapped at: 0x0000000800c00000-0x0000000840c00000, reserved size: 1073741824
Narrow klass base: 0x0000000800000000, Narrow klass shift: 0, Narrow klass range: 0x100000000

GC Precious Log:
 CPUs: 4 total, 4 available
 Memory: 8192M
 Large Page Support: Disabled
 NUMA Support: Disabled
 Compressed Oops: Enabled (Zero based)
 Heap Region Size: 1M
 Heap Min Capacity: 8M
 Heap Initial Capacity: 128M
 Heap Max Capacity: 2G
 Pre-touch: Disabled
 Parallel Workers: 4
 Concurrent Workers: 1
 Concurrent Refinement Workers: 4
 Periodic GC: Disabled

Heap:
 garbage-first heap   total 133120K, used 11220K [0x0000000780000000, 0x0000000800000000)
  region size 1024K, 12 young (12288K), 0 survivors (0K)
 Metaspace       used 2990K, committed 3200K, reserved 1056768K
  class space    used 334K, committed 448K, reserved 1048576K

Heap Regions: E=young(eden), S=young(survivor), O=old, HS=humongous(starts), HC=humongous(continues), CS=collection set, F=free, OA=open archive, CA=closed archive, TAMS=top-at-mark-start (previous, next)
|   0|0x0000000780000000, 0x0000000780000000, 0x0000000780100000|  0%| F|  |TAMS 0x0000000780000000, 0x0000000780000000| Untracked 
|   1|0x0000000780100000, 0x0000000780100000, 0x0000000780200000|  0%| F|  |TAMS 0x0000000780100000, 0x0000000780100000| Untracked 
|   2|0x0000000780200000, 0x0000000780200000, 0x0000000780300000|  0%| F|  |TAMS 0x0000000780200000, 0x0000000780200000| Untracked 
|   3|0x0000000780300000, 0x0000000780300000, 0x0000000780400000|  0%| F|  |TAMS 0x0000000780300000, 0x0000000780300000| Untracked 
|   4|0x0000000780400000, 0x0000000780400000, 0x0000000780500000|  0%| F|  |TAMS 0x0000000780400000, 0x0000000780400000| Untracked 
|   5|0x0000000780500000, 0x0000000780500000, 0x0000000780600000|  0%| F|  |TAMS 0x0000000780500000, 0x0000000780500000| Untracked 
|   6|0x0000000780600000, 0x0000000780600000, 0x0000000780700000|  0%| F|  |TAMS 0x0000000780600000, 0x0000000780600000| Untracked 
|   7|0x0000000780700000, 0x0000000780700000, 0x0000000780800000|  0%| F|  |TAMS 0x0000000780700000, 0x0000000780700000| Untracked 
|   8|0x0000000780800000, 0x0000000780800000, 0x0000000780900000|  0%| F|  |TAMS 0x0000000780800000, 0x0000000780800000| Untracked 
|   9|0x0000000780900000, 0x0000000780900000, 0x0000000780a00000|  0%| F|  |TAMS 0x0000000780900000, 0x0000000780900000| Untracked 
|  10|0x0000000780a00000, 0x0000000780a00000, 0x0000000780b00000|  0%| F|  |TAMS 0x0000000780a00000, 0x0000000780a00000| Untracked 
|  11|0x0000000780b00000, 0x0000000780b00000, 0x0000000780c00000|  0%| F|  |TAMS 0x0000000780b00000, 0x0000000780b00000| Untracked 
|  12|0x0000000780c00000, 0x0000000780c00000, 0x0000000780d00000|  0%| F|  |TAMS 0x0000000780c00000, 0x0000000780c00000| Untracked 
|  13|0x0000000780d00000, 0x0000000780d00000, 0x0000000780e00000|  0%| F|  |TAMS 0x0000000780d00000, 0x0000000780d00000| Untracked 
|  14|0x0000000780e00000, 0x0000000780e00000, 0x0000000780f00000|  0%| F|  |TAMS 0x0000000780e00000, 0x0000000780e00000| Untracked 
|  15|0x0000000780f00000, 0x0000000780f00000, 0x0000000781000000|  0%| F|  |TAMS 0x0000000780f00000, 0x0000000780f00000| Untracked 
|  16|0x0000000781000000, 0x0000000781000000, 0x0000000781100000|  0%| F|  |TAMS 0x0000000781000000, 0x0000000781000000| Untracked 
|  17|0x0000000781100000, 0x0000000781100000, 0x0000000781200000|  0%| F|  |TAMS 0x0000000781100000, 0x0000000781100000| Untracked 
|  18|0x0000000781200000, 0x0000000781200000, 0x0000000781300000|  0%| F|  |TAMS 0x0000000781200000, 0x0000000781200000| Untracked 
|  19|0x0000000781300000, 0x0000000781300000, 0x0000000781400000|  0%| F|  |TAMS 0x0000000781300000, 0x0000000781300000| Untracked 
|  20|0x0000000781400000, 0x0000000781400000, 0x0000000781500000|  0%| F|  |TAMS 0x0000000781400000, 0x0000000781400000| Untracked 
|  21|0x0000000781500000, 0x0000000781500000, 0x0000000781600000|  0%| F|  |TAMS 0x0000000781500000, 0x0000000781500000| Untracked 
|  22|0x0000000781600000, 0x0000000781600000, 0x0000000781700000|  0%| F|  |TAMS 0x0000000781600000, 0x0000000781600000| Untracked 
|  23|0x0000000781700000, 0x0000000781700000, 0x0000000781800000|  0%| F|  |TAMS 0x0000000781700000, 0x0000000781700000| Untracked 
|  24|0x0000000781800000, 0x0000000781800000, 0x0000000781900000|  0%| F|  |TAMS 0x0000000781800000, 0x0000000781800000| Untracked 
|  25|0x0000000781900000, 0x0000000781900000, 0x0000000781a00000|  0%| F|  |TAMS 0x0000000781900000, 0x0000000781900000| Untracked 
|  26|0x0000000781a00000, 0x0000000781a00000, 0x0000000781b00000|  0%| F|  |TAMS 0x0000000781a00000, 0x0000000781a00000| Untracked 
|  27|0x0000000781b00000, 0x0000000781b00000, 0x0000000781c00000|  0%| F|  |TAMS 0x0000000781b00000, 0x0000000781b00000| Untracked 
|  28|0x0000000781c00000, 0x0000000781c00000, 0x0000000781d00000|  0%| F|  |TAMS 0x0000000781c00000, 0x0000000781c00000| Untracked 
|  29|0x0000000781d00000, 0x0000000781d00000, 0x0000000781e00000|  0%| F|  |TAMS 0x0000000781d00000, 0x0000000781d00000| Untracked 
|  30|0x0000000781e00000, 0x0000000781e00000, 0x0000000781f00000|  0%| F|  |TAMS 0x0000000781e00000, 0x0000000781e00000| Untracked 
|  31|0x0000000781f00000, 0x0000000781f00000, 0x0000000782000000|  0%| F|  |TAMS 0x0000000781f00000, 0x0000000781f00000| Untracked 
|  32|0x0000000782000000, 0x0000000782000000, 0x0000000782100000|  0%| F|  |TAMS 0x0000000782000000, 0x0000000782000000| Untracked 
|  33|0x0000000782100000, 0x0000000782100000, 0x0000000782200000|  0%| F|  |TAMS 0x0000000782100000, 0x0000000782100000| Untracked 
|  34|0x0000000782200000, 0x0000000782200000, 0x0000000782300000|  0%| F|  |TAMS 0x0000000782200000, 0x0000000782200000| Untracked 
|  35|0x0000000782300000, 0x0000000782300000, 0x0000000782400000|  0%| F|  |TAMS 0x0000000782300000, 0x0000000782300000| Untracked 
|  36|0x0000000782400000, 0x0000000782400000, 0x0000000782500000|  0%| F|  |TAMS 0x0000000782400000, 0x0000000782400000| Untracked 
|  37|0x0000000782500000, 0x0000000782500000, 0x0000000782600000|  0%| F|  |TAMS 0x0000000782500000, 0x0000000782500000| Untracked 
|  38|0x0000000782600000, 0x0000000782600000, 0x0000000782700000|  0%| F|  |TAMS 0x0000000782600000, 0x0000000782600000| Untracked 
|  39|0x0000000782700000, 0x0000000782700000, 0x0000000782800000|  0%| F|  |TAMS 0x0000000782700000, 0x0000000782700000| Untracked 
|  40|0x0000000782800000, 0x0000000782800000, 0x0000000782900000|  0%| F|  |TAMS 0x0000000782800000, 0x0000000782800000| Untracked 
|  41|0x0000000782900000, 0x0000000782900000, 0x0000000782a00000|  0%| F|  |TAMS 0x0000000782900000, 0x0000000782900000| Untracked 
|  42|0x0000000782a00000, 0x0000000782a00000, 0x0000000782b00000|  0%| F|  |TAMS 0x0000000782a00000, 0x0000000782a00000| Untracked 
|  43|0x0000000782b00000, 0x0000000782b00000, 0x0000000782c00000|  0%| F|  |TAMS 0x0000000782b00000, 0x0000000782b00000| Untracked 
|  44|0x0000000782c00000, 0x0000000782c00000, 0x0000000782d00000|  0%| F|  |TAMS 0x0000000782c00000, 0x0000000782c00000| Untracked 
|  45|0x0000000782d00000, 0x0000000782d00000, 0x0000000782e00000|  0%| F|  |TAMS 0x0000000782d00000, 0x0000000782d00000| Untracked 
|  46|0x0000000782e00000, 0x0000000782e00000, 0x0000000782f00000|  0%| F|  |TAMS 0x0000000782e00000, 0x0000000782e00000| Untracked 
|  47|0x0000000782f00000, 0x0000000782f00000, 0x0000000783000000|  0%| F|  |TAMS 0x0000000782f00000, 0x0000000782f00000| Untracked 
|  48|0x0000000783000000, 0x0000000783000000, 0x0000000783100000|  0%| F|  |TAMS 0x0000000783000000, 0x0000000783000000| Untracked 
|  49|0x0000000783100000, 0x0000000783100000, 0x0000000783200000|  0%| F|  |TAMS 0x0000000783100000, 0x0000000783100000| Untracked 
|  50|0x0000000783200000, 0x0000000783200000, 0x0000000783300000|  0%| F|  |TAMS 0x0000000783200000, 0x0000000783200000| Untracked 
|  51|0x0000000783300000, 0x0000000783300000, 0x0000000783400000|  0%| F|  |TAMS 0x0000000783300000, 0x0000000783300000| Untracked 
|  52|0x0000000783400000, 0x0000000783400000, 0x0000000783500000|  0%| F|  |TAMS 0x0000000783400000, 0x0000000783400000| Untracked 
|  53|0x0000000783500000, 0x0000000783500000, 0x0000000783600000|  0%| F|  |TAMS 0x0000000783500000, 0x0000000783500000| Untracked 
|  54|0x0000000783600000, 0x0000000783600000, 0x0000000783700000|  0%| F|  |TAMS 0x0000000783600000, 0x0000000783600000| Untracked 
|  55|0x0000000783700000, 0x0000000783700000, 0x0000000783800000|  0%| F|  |TAMS 0x0000000783700000, 0x0000000783700000| Untracked 
|  56|0x0000000783800000, 0x0000000783800000, 0x0000000783900000|  0%| F|  |TAMS 0x0000000783800000, 0x0000000783800000| Untracked 
|  57|0x0000000783900000, 0x0000000783900000, 0x0000000783a00000|  0%| F|  |TAMS 0x0000000783900000, 0x0000000783900000| Untracked 
|  58|0x0000000783a00000, 0x0000000783a00000, 0x0000000783b00000|  0%| F|  |TAMS 0x0000000783a00000, 0x0000000783a00000| Untracked 
|  59|0x0000000783b00000, 0x0000000783b00000, 0x0000000783c00000|  0%| F|  |TAMS 0x0000000783b00000, 0x0000000783b00000| Untracked 
|  60|0x0000000783c00000, 0x0000000783c00000, 0x0000000783d00000|  0%| F|  |TAMS 0x0000000783c00000, 0x0000000783c00000| Untracked 
|  61|0x0000000783d00000, 0x0000000783d00000, 0x0000000783e00000|  0%| F|  |TAMS 0x0000000783d00000, 0x0000000783d00000| Untracked 
|  62|0x0000000783e00000, 0x0000000783e00000, 0x0000000783f00000|  0%| F|  |TAMS 0x0000000783e00000, 0x0000000783e00000| Untracked 
|  63|0x0000000783f00000, 0x0000000783f00000, 0x0000000784000000|  0%| F|  |TAMS 0x0000000783f00000, 0x0000000783f00000| Untracked 
|  64|0x0000000784000000, 0x0000000784000000, 0x0000000784100000|  0%| F|  |TAMS 0x0000000784000000, 0x0000000784000000| Untracked 
|  65|0x0000000784100000, 0x0000000784100000, 0x0000000784200000|  0%| F|  |TAMS 0x0000000784100000, 0x0000000784100000| Untracked 
|  66|0x0000000784200000, 0x0000000784200000, 0x0000000784300000|  0%| F|  |TAMS 0x0000000784200000, 0x0000000784200000| Untracked 
|  67|0x0000000784300000, 0x0000000784300000, 0x0000000784400000|  0%| F|  |TAMS 0x0000000784300000, 0x0000000784300000| Untracked 
|  68|0x0000000784400000, 0x0000000784400000, 0x0000000784500000|  0%| F|  |TAMS 0x0000000784400000, 0x0000000784400000| Untracked 
|  69|0x0000000784500000, 0x0000000784500000, 0x0000000784600000|  0%| F|  |TAMS 0x0000000784500000, 0x0000000784500000| Untracked 
|  70|0x0000000784600000, 0x0000000784600000, 0x0000000784700000|  0%| F|  |TAMS 0x0000000784600000, 0x0000000784600000| Untracked 
|  71|0x0000000784700000, 0x0000000784700000, 0x0000000784800000|  0%| F|  |TAMS 0x0000000784700000, 0x0000000784700000| Untracked 
|  72|0x0000000784800000, 0x0000000784800000, 0x0000000784900000|  0%| F|  |TAMS 0x0000000784800000, 0x0000000784800000| Untracked 
|  73|0x0000000784900000, 0x0000000784900000, 0x0000000784a00000|  0%| F|  |TAMS 0x0000000784900000, 0x0000000784900000| Untracked 
|  74|0x0000000784a00000, 0x0000000784a00000, 0x0000000784b00000|  0%| F|  |TAMS 0x0000000784a00000, 0x0000000784a00000| Untracked 
|  75|0x0000000784b00000, 0x0000000784b00000, 0x0000000784c00000|  0%| F|  |TAMS 0x0000000784b00000, 0x0000000784b00000| Untracked 
|  76|0x0000000784c00000, 0x0000000784c00000, 0x0000000784d00000|  0%| F|  |TAMS 0x0000000784c00000, 0x0000000784c00000| Untracked 
|  77|0x0000000784d00000, 0x0000000784d00000, 0x0000000784e00000|  0%| F|  |TAMS 0x0000000784d00000, 0x0000000784d00000| Untracked 
|  78|0x0000000784e00000, 0x0000000784e00000, 0x0000000784f00000|  0%| F|  |TAMS 0x0000000784e00000, 0x0000000784e00000| Untracked 
|  79|0x0000000784f00000, 0x0000000784f00000, 0x0000000785000000|  0%| F|  |TAMS 0x0000000784f00000, 0x0000000784f00000| Untracked 
|  80|0x0000000785000000, 0x0000000785000000, 0x0000000785100000|  0%| F|  |TAMS 0x0000000785000000, 0x0000000785000000| Untracked 
|  81|0x0000000785100000, 0x0000000785100000, 0x0000000785200000|  0%| F|  |TAMS 0x0000000785100000, 0x0000000785100000| Untracked 
|  82|0x0000000785200000, 0x0000000785200000, 0x0000000785300000|  0%| F|  |TAMS 0x0000000785200000, 0x0000000785200000| Untracked 
|  83|0x0000000785300000, 0x0000000785300000, 0x0000000785400000|  0%| F|  |TAMS 0x0000000785300000, 0x0000000785300000| Untracked 
|  84|0x0000000785400000, 0x0000000785400000, 0x0000000785500000|  0%| F|  |TAMS 0x0000000785400000, 0x0000000785400000| Untracked 
|  85|0x0000000785500000, 0x0000000785500000, 0x0000000785600000|  0%| F|  |TAMS 0x0000000785500000, 0x0000000785500000| Untracked 
|  86|0x0000000785600000, 0x0000000785600000, 0x0000000785700000|  0%| F|  |TAMS 0x0000000785600000, 0x0000000785600000| Untracked 
|  87|0x0000000785700000, 0x0000000785700000, 0x0000000785800000|  0%| F|  |TAMS 0x0000000785700000, 0x0000000785700000| Untracked 
|  88|0x0000000785800000, 0x0000000785800000, 0x0000000785900000|  0%| F|  |TAMS 0x0000000785800000, 0x0000000785800000| Untracked 
|  89|0x0000000785900000, 0x0000000785900000, 0x0000000785a00000|  0%| F|  |TAMS 0x0000000785900000, 0x0000000785900000| Untracked 
|  90|0x0000000785a00000, 0x0000000785a00000, 0x0000000785b00000|  0%| F|  |TAMS 0x0000000785a00000, 0x0000000785a00000| Untracked 
|  91|0x0000000785b00000, 0x0000000785b00000, 0x0000000785c00000|  0%| F|  |TAMS 0x0000000785b00000, 0x0000000785b00000| Untracked 
|  92|0x0000000785c00000, 0x0000000785c00000, 0x0000000785d00000|  0%| F|  |TAMS 0x0000000785c00000, 0x0000000785c00000| Untracked 
|  93|0x0000000785d00000, 0x0000000785d00000, 0x0000000785e00000|  0%| F|  |TAMS 0x0000000785d00000, 0x0000000785d00000| Untracked 
|  94|0x0000000785e00000, 0x0000000785e00000, 0x0000000785f00000|  0%| F|  |TAMS 0x0000000785e00000, 0x0000000785e00000| Untracked 
|  95|0x0000000785f00000, 0x0000000785f00000, 0x0000000786000000|  0%| F|  |TAMS 0x0000000785f00000, 0x0000000785f00000| Untracked 
|  96|0x0000000786000000, 0x0000000786000000, 0x0000000786100000|  0%| F|  |TAMS 0x0000000786000000, 0x0000000786000000| Untracked 
|  97|0x0000000786100000, 0x0000000786100000, 0x0000000786200000|  0%| F|  |TAMS 0x0000000786100000, 0x0000000786100000| Untracked 
|  98|0x0000000786200000, 0x0000000786200000, 0x0000000786300000|  0%| F|  |TAMS 0x0000000786200000, 0x0000000786200000| Untracked 
|  99|0x0000000786300000, 0x0000000786300000, 0x0000000786400000|  0%| F|  |TAMS 0x0000000786300000, 0x0000000786300000| Untracked 
| 100|0x0000000786400000, 0x0000000786400000, 0x0000000786500000|  0%| F|  |TAMS 0x0000000786400000, 0x0000000786400000| Untracked 
| 101|0x0000000786500000, 0x0000000786500000, 0x0000000786600000|  0%| F|  |TAMS 0x0000000786500000, 0x0000000786500000| Untracked 
| 102|0x0000000786600000, 0x0000000786600000, 0x0000000786700000|  0%| F|  |TAMS 0x0000000786600000, 0x0000000786600000| Untracked 
| 103|0x0000000786700000, 0x0000000786700000, 0x0000000786800000|  0%| F|  |TAMS 0x0000000786700000, 0x0000000786700000| Untracked 
| 104|0x0000000786800000, 0x0000000786800000, 0x0000000786900000|  0%| F|  |TAMS 0x0000000786800000, 0x0000000786800000| Untracked 
| 105|0x0000000786900000, 0x0000000786900000, 0x0000000786a00000|  0%| F|  |TAMS 0x0000000786900000, 0x0000000786900000| Untracked 
| 106|0x0000000786a00000, 0x0000000786a00000, 0x0000000786b00000|  0%| F|  |TAMS 0x0000000786a00000, 0x0000000786a00000| Untracked 
| 107|0x0000000786b00000, 0x0000000786b00000, 0x0000000786c00000|  0%| F|  |TAMS 0x0000000786b00000, 0x0000000786b00000| Untracked 
| 108|0x0000000786c00000, 0x0000000786c00000, 0x0000000786d00000|  0%| F|  |TAMS 0x0000000786c00000, 0x0000000786c00000| Untracked 
| 109|0x0000000786d00000, 0x0000000786d00000, 0x0000000786e00000|  0%| F|  |TAMS 0x0000000786d00000, 0x0000000786d00000| Untracked 
| 110|0x0000000786e00000, 0x0000000786e00000, 0x0000000786f00000|  0%| F|  |TAMS 0x0000000786e00000, 0x0000000786e00000| Untracked 
| 111|0x0000000786f00000, 0x0000000786f00000, 0x0000000787000000|  0%| F|  |TAMS 0x0000000786f00000, 0x0000000786f00000| Untracked 
| 112|0x0000000787000000, 0x0000000787000000, 0x0000000787100000|  0%| F|  |TAMS 0x0000000787000000, 0x0000000787000000| Untracked 
| 113|0x0000000787100000, 0x0000000787100000, 0x0000000787200000|  0%| F|  |TAMS 0x0000000787100000, 0x0000000787100000| Untracked 
| 114|0x0000000787200000, 0x0000000787200000, 0x0000000787300000|  0%| F|  |TAMS 0x0000000787200000, 0x0000000787200000| Untracked 
| 115|0x0000000787300000, 0x0000000787300000, 0x0000000787400000|  0%| F|  |TAMS 0x0000000787300000, 0x0000000787300000| Untracked 
| 116|0x0000000787400000, 0x0000000787485a38, 0x0000000787500000| 52%| E|  |TAMS 0x0000000787400000, 0x0000000787400000| Complete 
| 117|0x0000000787500000, 0x0000000787600000, 0x0000000787600000|100%| E|CS|TAMS 0x0000000787500000, 0x0000000787500000| Complete 
| 118|0x0000000787600000, 0x0000000787700000, 0x0000000787700000|100%| E|CS|TAMS 0x0000000787600000, 0x0000000787600000| Complete 
| 119|0x0000000787700000, 0x0000000787800000, 0x0000000787800000|100%| E|CS|TAMS 0x0000000787700000, 0x0000000787700000| Complete 
| 120|0x0000000787800000, 0x0000000787900000, 0x0000000787900000|100%| E|CS|TAMS 0x0000000787800000, 0x0000000787800000| Complete 
| 121|0x0000000787900000, 0x0000000787a00000, 0x0000000787a00000|100%| E|CS|TAMS 0x0000000787900000, 0x0000000787900000| Complete 
| 122|0x0000000787a00000, 0x0000000787b00000, 0x0000000787b00000|100%| E|CS|TAMS 0x0000000787a00000, 0x0000000787a00000| Complete 
| 123|0x0000000787b00000, 0x0000000787c00000, 0x0000000787c00000|100%| E|CS|TAMS 0x0000000787b00000, 0x0000000787b00000| Complete 
| 124|0x0000000787c00000, 0x0000000787d00000, 0x0000000787d00000|100%| E|CS|TAMS 0x0000000787c00000, 0x0000000787c00000| Complete 
| 125|0x0000000787d00000, 0x0000000787e00000, 0x0000000787e00000|100%| E|  |TAMS 0x0000000787d00000, 0x0000000787d00000| Complete 
| 126|0x0000000787e00000, 0x0000000787f00000, 0x0000000787f00000|100%| E|CS|TAMS 0x0000000787e00000, 0x0000000787e00000| Complete 
| 127|0x0000000787f00000, 0x0000000788000000, 0x0000000788000000|100%| E|CS|TAMS 0x0000000787f00000, 0x0000000787f00000| Complete 
|2046|0x00000007ffe00000, 0x00000007ffe76000, 0x00000007fff00000| 46%|OA|  |TAMS 0x00000007ffe00000, 0x00000007ffe00000| Untracked 
|2047|0x00000007fff00000, 0x00000007fff7f000, 0x0000000800000000| 49%|CA|  |TAMS 0x00000007fff00000, 0x00000007fff00000| Untracked 

Card table byte_map: [0x0000000105a1a000,0x0000000105e1a000] _byte_map_base: 0x0000000101e1a000

Marking Bits (Prev, Next): (CMBitMap*) 0x00007fa013822010, (CMBitMap*) 0x00007fa013822050
 Prev Bits: [0x000000010eabd000, 0x0000000110abd000)
 Next Bits: [0x0000000110abd000, 0x0000000112abd000)

Polling page: 0x000000010533f000

Metaspace:

Usage:
  Non-class:      2.59 MB used.
      Class:    334.64 KB used.
       Both:      2.92 MB used.

Virtual space:
  Non-class space:        8.00 MB reserved,       2.69 MB ( 34%) committed,  1 nodes.
      Class space:        1.00 GB reserved,     448.00 KB ( <1%) committed,  1 nodes.
             Both:        1.01 GB reserved,       3.12 MB ( <1%) committed. 

Chunk freelists:
   Non-Class:  2.86 MB
       Class:  3.55 MB
        Both:  6.41 MB

MaxMetaspaceSize: unlimited
CompressedClassSpaceSize: 1.00 GB
Initial GC threshold: 21.00 MB
Current GC threshold: 21.00 MB
CDS: on
MetaspaceReclaimPolicy: balanced
 - commit_granule_bytes: 65536.
 - commit_granule_words: 8192.
 - virtual_space_node_default_size: 1048576.
 - enlarge_chunks_in_place: 1.
 - new_chunks_are_fully_committed: 0.
 - uncommit_free_chunks: 1.
 - use_allocation_guard: 0.
 - handle_deallocations: 1.


Internal statistics:

num_allocs_failed_limit: 0.
num_arena_births: 74.
num_arena_deaths: 0.
num_vsnodes_births: 2.
num_vsnodes_deaths: 0.
num_space_committed: 50.
num_space_uncommitted: 0.
num_chunks_returned_to_freelist: 0.
num_chunks_taken_from_freelist: 149.
num_chunk_merges: 0.
num_chunk_splits: 97.
num_chunks_enlarged: 68.
num_purges: 0.
num_inconsistent_stats: 0.

CodeHeap 'non-profiled nmethods': size=120032Kb used=218Kb max_used=218Kb free=119813Kb
 bounds [0x000000011b6da000, 0x000000011b94a000, 0x0000000122c12000]
CodeHeap 'profiled nmethods': size=120028Kb used=1023Kb max_used=1023Kb free=119004Kb
 bounds [0x00000001141a3000, 0x0000000114413000, 0x000000011b6da000]
CodeHeap 'non-nmethods': size=5700Kb used=1227Kb max_used=1240Kb free=4472Kb
 bounds [0x0000000113c12000, 0x0000000113e82000, 0x00000001141a3000]
 total_blobs=1150 nmethods=678 adapters=386
 compilation: enabled
              stopped_count=0, restarted_count=0
 full_count=0

Compilation events (20 events):
Event: 0.831 Thread 0x00007fa014027400  668       3       java.lang.StringConcatHelper::initialCoder (14 bytes)
Event: 0.831 Thread 0x00007fa014027400 nmethod 668 0x000000011429ad90 code [0x000000011429af20, 0x000000011429b030]
Event: 0.832 Thread 0x00007fa014027400  669       3       java.lang.StringConcatHelper::simpleConcat (94 bytes)
Event: 0.834 Thread 0x00007fa014027400 nmethod 669 0x000000011429b090 code [0x000000011429b3e0, 0x000000011429c870]
Event: 0.843 Thread 0x00007fa014026e00  670       4       sun.security.provider.MD5::implCompress (13 bytes)
Event: 0.844 Thread 0x00007fa014026e00 nmethod 670 0x000000011b710510 code [0x000000011b7106a0, 0x000000011b7107b8]
Event: 0.844 Thread 0x00007fa014027400  671       3       sun.security.provider.DigestBase::implCompressMultiBlock0 (23 bytes)
Event: 0.845 Thread 0x00007fa014027400 nmethod 671 0x000000011429d010 code [0x000000011429d1c0, 0x000000011429d460]
Event: 0.855 Thread 0x00007fa014027400  672       3       java.lang.String::concat (15 bytes)
Event: 0.857 Thread 0x00007fa014027400 nmethod 672 0x000000011429d590 code [0x000000011429d8e0, 0x000000011429edb0]
Event: 0.858 Thread 0x00007fa014027400  673       3       java.lang.reflect.Modifier::isFinal (13 bytes)
Event: 0.858 Thread 0x00007fa014027400 nmethod 673 0x000000011429f590 code [0x000000011429f720, 0x000000011429f870]
Event: 0.858 Thread 0x00007fa014027400  674       3       jdk.internal.org.objectweb.asm.Label::resolve (219 bytes)
Event: 0.859 Thread 0x00007fa014027400 nmethod 674 0x000000011429f910 code [0x000000011429fb00, 0x00000001142a0050]
Event: 0.859 Thread 0x00007fa014027400  675       3       jdk.internal.org.objectweb.asm.ByteVector::putByteArray (49 bytes)
Event: 0.860 Thread 0x00007fa014027400 nmethod 675 0x00000001142a0390 code [0x00000001142a0540, 0x00000001142a0810]
Event: 0.860 Thread 0x00007fa014027400  676       3       java.lang.invoke.MethodTypeForm::cachedLambdaForm (23 bytes)
Event: 0.860 Thread 0x00007fa014027400 nmethod 676 0x00000001142a0910 code [0x00000001142a0ae0, 0x00000001142a0e60]
Event: 1.032 Thread 0x00007fa014027400  677       3       java.lang.invoke.DirectMethodHandle::<init> (148 bytes)
Event: 1.034 Thread 0x00007fa014027400 nmethod 677 0x00000001142a0f90 code [0x00000001142a1260, 0x00000001142a21e0]

GC Heap History (0 events):
No events

Deoptimization events (20 events):
Event: 0.250 Thread 0x00007fa01500e000 DEOPT PACKING pc=0x00000001141d4955 sp=0x0000700004a4d750
Event: 0.250 Thread 0x00007fa01500e000 DEOPT UNPACKING pc=0x0000000113c6482f sp=0x0000700004a4cbf8 mode 0
Event: 0.272 Thread 0x00007fa01500e000 Uncommon trap: trap_request=0xffffff45 fr.pc=0x000000011b6ec3b4 relative=0x0000000000000194
Event: 0.272 Thread 0x00007fa01500e000 Uncommon trap: reason=unstable_if action=reinterpret pc=0x000000011b6ec3b4 method=java.lang.StringCoding.hasNegatives([BII)Z @ 12 c2
Event: 0.272 Thread 0x00007fa01500e000 DEOPT PACKING pc=0x000000011b6ec3b4 sp=0x0000700004a4df10
Event: 0.272 Thread 0x00007fa01500e000 DEOPT UNPACKING pc=0x0000000113c64099 sp=0x0000700004a4ded8 mode 2
Event: 0.327 Thread 0x00007fa01500e000 Uncommon trap: trap_request=0xfffffff4 fr.pc=0x000000011b6ef1c8 relative=0x00000000000001a8
Event: 0.327 Thread 0x00007fa01500e000 Uncommon trap: reason=null_check action=make_not_entrant pc=0x000000011b6ef1c8 method=java.lang.String.equals(Ljava/lang/Object;)Z @ 8 c2
Event: 0.327 Thread 0x00007fa01500e000 DEOPT PACKING pc=0x000000011b6ef1c8 sp=0x0000700004a4e8d0
Event: 0.327 Thread 0x00007fa01500e000 DEOPT UNPACKING pc=0x0000000113c64099 sp=0x0000700004a4e898 mode 2
Event: 0.611 Thread 0x00007fa0138e8000 Uncommon trap: trap_request=0xffffff45 fr.pc=0x000000011b6ea778 relative=0x0000000000000978
Event: 0.611 Thread 0x00007fa0138e8000 Uncommon trap: reason=unstable_if action=reinterpret pc=0x000000011b6ea778 method=java.lang.String.isEmpty()Z @ 5 c2
Event: 0.611 Thread 0x00007fa0138e8000 DEOPT PACKING pc=0x000000011b6ea778 sp=0x0000700006092d80
Event: 0.611 Thread 0x00007fa0138e8000 DEOPT UNPACKING pc=0x0000000113c64099 sp=0x0000700006092cf0 mode 2
Event: 0.630 Thread 0x00007fa0138e8000 Uncommon trap: trap_request=0xffffff45 fr.pc=0x000000011b709c70 relative=0x00000000000001d0
Event: 0.630 Thread 0x00007fa0138e8000 Uncommon trap: reason=unstable_if action=reinterpret pc=0x000000011b709c70 method=java.lang.String.startsWith(Ljava/lang/String;I)Z @ 1 c2
Event: 0.630 Thread 0x00007fa0138e8000 DEOPT PACKING pc=0x000000011b709c70 sp=0x0000700006092380
Event: 0.630 Thread 0x00007fa0138e8000 DEOPT UNPACKING pc=0x0000000113c64099 sp=0x0000700006092318 mode 2
Event: 0.803 Thread 0x00007fa0138e8000 DEOPT PACKING pc=0x000000011422b7d5 sp=0x00007000060926a0
Event: 0.803 Thread 0x00007fa0138e8000 DEOPT UNPACKING pc=0x0000000113c6482f sp=0x0000700006091b48 mode 0

Classes unloaded (0 events):
No events

Classes redefined (0 events):
No events

Internal exceptions (7 events):
Event: 0.145 Thread 0x00007fa01500e000 Exception <a 'java/lang/NoSuchMethodError'{0x0000000787e0db78}: 'void java.lang.invoke.DirectMethodHandle$Holder.invokeVirtual(java.lang.Object, java.lang.Object)'> (0x0000000787e0db78) 
thrown [open/src/hotspot/share/interpreter/linkResolver.cpp, line 766]
Event: 0.327 Thread 0x00007fa01500e000 Implicit null exception at 0x000000011b6ef055 to 0x000000011b6ef1b8
Event: 0.329 Thread 0x00007fa01500e000 Exception <a 'java/lang/NoSuchMethodError'{0x0000000787a4af10}: 'java.lang.Object java.lang.invoke.DirectMethodHandle$Holder.invokeStaticInit(java.lang.Object)'> (0x0000000787a4af10) 
thrown [open/src/hotspot/share/interpreter/linkResolver.cpp, line 766]
Event: 0.334 Thread 0x00007fa01500e000 Exception <a 'java/lang/NoSuchMethodError'{0x0000000787a58aa8}: 'void java.lang.invoke.DirectMethodHandle$Holder.invokeStatic(java.lang.Object, java.lang.Object)'> (0x0000000787a58aa8) 
thrown [open/src/hotspot/share/interpreter/linkResolver.cpp, line 766]
Event: 0.515 Thread 0x00007fa01500e000 Exception <a 'java/lang/NoSuchMethodError'{0x00000007878ebbe0}: 'void java.lang.invoke.DirectMethodHandle$Holder.invokeSpecial(java.lang.Object, java.lang.Object, java.lang.Object)'> (0x00000007878ebbe0) 
thrown [open/src/hotspot/share/interpreter/linkResolver.cpp, line 766]
Event: 0.546 Thread 0x00007fa01500e000 Exception <a 'java/lang/NoSuchMethodError'{0x0000000787728e30}: 'void java.lang.invoke.DirectMethodHandle$Holder.invokeStatic(java.lang.Object, java.lang.Object, java.lang.Object)'> (0x0000000787728e30) 
thrown [open/src/hotspot/share/interpreter/linkResolver.cpp, line 766]
Event: 0.812 Thread 0x00007fa01500e000 Exception <a 'java/lang/NoSuchMethodError'{0x00000007876d9bb0}: 'int java.lang.invoke.DirectMethodHandle$Holder.invokeStaticInit(java.lang.Object, java.lang.Object, java.lang.Object)'> (0x00000007876d9bb0) 
thrown [open/src/hotspot/share/interpreter/linkResolver.cpp, line 766]

VM Operations (8 events):
Event: 0.209 Executing VM operation: HandshakeAllThreads
Event: 0.209 Executing VM operation: HandshakeAllThreads done
Event: 0.218 Executing VM operation: HandshakeAllThreads
Event: 0.218 Executing VM operation: HandshakeAllThreads done
Event: 0.255 Executing VM operation: HandshakeAllThreads
Event: 0.255 Executing VM operation: HandshakeAllThreads done
Event: 0.279 Executing VM operation: ChangeBreakpoints
Event: 0.279 Executing VM operation: ChangeBreakpoints done

Events (20 events):
Event: 0.700 Loaded shared library /Users/benjamin/.openjfx/cache/17.0.1/libprism_es2.dylib
Event: 0.809 loading class java/util/concurrent/locks/AbstractQueuedSynchronizer$ConditionNode
Event: 0.809 loading class java/util/concurrent/ForkJoinPool$ManagedBlocker
Event: 0.809 loading class java/util/concurrent/ForkJoinPool$ManagedBlocker done
Event: 0.809 loading class java/util/concurrent/locks/AbstractQueuedSynchronizer$ConditionNode done
Event: 0.854 Loaded shared library /Users/benjamin/.openjfx/cache/17.0.1/libglass.dylib
Event: 0.856 loading class java/util/concurrent/BlockingDeque
Event: 0.856 loading class java/util/concurrent/BlockingDeque done
Event: 0.856 loading class java/util/concurrent/LinkedBlockingDeque
Event: 0.857 loading class java/util/concurrent/LinkedBlockingDeque done
Event: 0.857 Thread 0x00007fa014148c00 Thread added: 0x00007fa014148c00
Event: 0.857 Protecting memory [0x0000700006097000,0x000070000609b000] with protection modes 0
Event: 0.861 Protecting memory [0x00007ff7ba4e8000,0x00007ff7ba4ec000] with protection modes 0
Event: 0.861 Thread 0x00007fa013955000 Thread added: 0x00007fa013955000
Event: 1.034 Thread 0x00007fa01415b800 Thread added: 0x00007fa01415b800
Event: 1.054 Protecting memory [0x000070000619a000,0x000070000619e000] with protection modes 0
Event: 1.138 loading class java/util/concurrent/LinkedBlockingDeque$Node
Event: 1.139 loading class java/util/concurrent/LinkedBlockingDeque$Node done
Event: 1.139 Protecting memory [0x000070000619a000,0x000070000619e000] with protection modes 3
Event: 1.139 Thread 0x00007fa01415b800 Thread exited: 0x00007fa01415b800


Dynamic libraries:
0x0000000105341000 	/Library/Java/JavaVirtualMachines/jdk-17.jdk/Contents/Home/lib/libjli.dylib
0x00007ff82859e000 	/usr/lib/libz.1.dylib
0x00007ff82867e000 	/usr/lib/libSystem.B.dylib
0x00007ff828679000 	/usr/lib/system/libcache.dylib
0x00007ff828635000 	/usr/lib/system/libcommonCrypto.dylib
0x00007ff82865e000 	/usr/lib/system/libcompiler_rt.dylib
0x00007ff828654000 	/usr/lib/system/libcopyfile.dylib
0x00007ff81d69a000 	/usr/lib/system/libcorecrypto.dylib
0x00007ff81d759000 	/usr/lib/system/libdispatch.dylib
0x00007ff81d918000 	/usr/lib/system/libdyld.dylib
0x00007ff828670000 	/usr/lib/system/libkeymgr.dylib
0x00007ff828613000 	/usr/lib/system/libmacho.dylib
0x00007ff827ca3000 	/usr/lib/system/libquarantine.dylib
0x00007ff82866e000 	/usr/lib/system/libremovefile.dylib
0x00007ff82287c000 	/usr/lib/system/libsystem_asl.dylib
0x00007ff81d648000 	/usr/lib/system/libsystem_blocks.dylib
0x00007ff81d7dd000 	/usr/lib/system/libsystem_c.dylib
0x00007ff828666000 	/usr/lib/system/libsystem_collections.dylib
0x00007ff826f4b000 	/usr/lib/system/libsystem_configuration.dylib
0x00007ff82620c000 	/usr/lib/system/libsystem_containermanager.dylib
0x00007ff828350000 	/usr/lib/system/libsystem_coreservices.dylib
0x00007ff81ff42000 	/usr/lib/system/libsystem_darwin.dylib
0x00007ff828671000 	/usr/lib/system/libsystem_dnssd.dylib
0x00007ff81d7da000 	/usr/lib/system/libsystem_featureflags.dylib
0x00007ff81d92e000 	/usr/lib/system/libsystem_info.dylib
0x00007ff8285b1000 	/usr/lib/system/libsystem_m.dylib
0x00007ff81d72d000 	/usr/lib/system/libsystem_malloc.dylib
0x00007ff822819000 	/usr/lib/system/libsystem_networkextension.dylib
0x00007ff82036a000 	/usr/lib/system/libsystem_notify.dylib
0x00007ff82e7ed000 	/usr/lib/system/libsystem_product_info_filter.dylib
0x00007ff826f4f000 	/usr/lib/system/libsystem_sandbox.dylib
0x00007ff82866b000 	/usr/lib/system/libsystem_secinit.dylib
0x00007ff81d8d5000 	/usr/lib/system/libsystem_kernel.dylib
0x00007ff81d924000 	/usr/lib/system/libsystem_platform.dylib
0x00007ff81d90c000 	/usr/lib/system/libsystem_pthread.dylib
0x00007ff8240d1000 	/usr/lib/system/libsystem_symptoms.dylib
0x00007ff81d681000 	/usr/lib/system/libsystem_trace.dylib
0x00007ff828641000 	/usr/lib/system/libunwind.dylib
0x00007ff81d64a000 	/usr/lib/system/libxpc.dylib
0x00007ff81d8bf000 	/usr/lib/libc++abi.dylib
0x00007ff81d7a0000 	/usr/lib/libobjc.A.dylib
0x00007ff82864c000 	/usr/lib/liboah.dylib
0x00007ff81d866000 	/usr/lib/libc++.1.dylib
0x00007ff834543000 	/System/Library/Frameworks/Cocoa.framework/Versions/A/Cocoa
0x00007ff8203c8000 	/System/Library/Frameworks/AppKit.framework/Versions/C/AppKit
0x00007ff8238be000 	/System/Library/Frameworks/CoreData.framework/Versions/A/CoreData
0x00007ff81e7df000 	/System/Library/Frameworks/Foundation.framework/Versions/C/Foundation
0x00007ff821257000 	/System/Library/PrivateFrameworks/UIFoundation.framework/Versions/A/UIFoundation
0x00007ff82e4f4000 	/System/Library/PrivateFrameworks/RemoteViewServices.framework/Versions/A/RemoteViewServices
0x00007ff8268e4000 	/System/Library/PrivateFrameworks/XCTTargetBootstrap.framework/Versions/A/XCTTargetBootstrap
0x00007ff82a48e000 	/System/Library/PrivateFrameworks/InternationalSupport.framework/Versions/A/InternationalSupport
0x00007ff82a518000 	/System/Library/PrivateFrameworks/UserActivity.framework/Versions/A/UserActivity
0x00007ff82986e000 	/usr/lib/libspindump.dylib
0x00007ff8214e5000 	/System/Library/Frameworks/UniformTypeIdentifiers.framework/Versions/A/UniformTypeIdentifiers
0x00007ff825021000 	/usr/lib/libapp_launch_measurement.dylib
0x00007ff82428a000 	/System/Library/PrivateFrameworks/CoreAnalytics.framework/Versions/A/CoreAnalytics
0x00007ff825024000 	/System/Library/PrivateFrameworks/CoreAutoLayout.framework/Versions/A/CoreAutoLayout
0x00007ff826244000 	/System/Library/Frameworks/Metal.framework/Versions/A/Metal
0x00007ff826f5a000 	/usr/lib/liblangid.dylib
0x00007ff8268e8000 	/System/Library/PrivateFrameworks/CoreSVG.framework/Versions/A/CoreSVG
0x00007ff8228ac000 	/System/Library/PrivateFrameworks/SkyLight.framework/Versions/A/SkyLight
0x00007ff822c3f000 	/System/Library/Frameworks/CoreGraphics.framework/Versions/A/CoreGraphics
0x00007ff82eb63000 	/System/Library/Frameworks/Accelerate.framework/Versions/A/Accelerate
0x00007ff8292e9000 	/System/Library/PrivateFrameworks/IconServices.framework/Versions/A/IconServices
0x00007ff826229000 	/System/Library/Frameworks/IOSurface.framework/Versions/A/IOSurface
0x00007ff8242b8000 	/usr/lib/libDiagnosticMessagesClient.dylib
0x00007ff8321d2000 	/System/Library/Frameworks/ApplicationServices.framework/Versions/A/ApplicationServices
0x00007ff8268d0000 	/System/Library/PrivateFrameworks/DFRFoundation.framework/Versions/A/DFRFoundation
0x00007ff81fcb9000 	/usr/lib/libicucore.A.dylib
0x00007ff82b1b3000 	/System/Library/Frameworks/AudioToolbox.framework/Versions/A/AudioToolbox
0x00007ff82a49a000 	/System/Library/PrivateFrameworks/DataDetectorsCore.framework/Versions/A/DataDetectorsCore
0x00007ff925df9000 	/System/Library/PrivateFrameworks/TextInput.framework/Versions/A/TextInput
0x00007ff822830000 	/usr/lib/libMobileGestalt.dylib
0x00007ff8265d8000 	/System/Library/Frameworks/Carbon.framework/Versions/A/Frameworks/HIToolbox.framework/Versions/A/HIToolbox
0x00007ff824a4e000 	/System/Library/Frameworks/QuartzCore.framework/Versions/A/QuartzCore
0x00007ff81f959000 	/System/Library/Frameworks/Security.framework/Versions/A/Security
0x00007ff82e52c000 	/System/Library/Frameworks/Carbon.framework/Versions/A/Frameworks/SpeechRecognition.framework/Versions/A/SpeechRecognition
0x00007ff824d81000 	/System/Library/PrivateFrameworks/CoreUI.framework/Versions/A/CoreUI
0x00007ff81f231000 	/System/Library/Frameworks/CoreAudio.framework/Versions/A/CoreAudio
0x00007ff8243a6000 	/System/Library/Frameworks/DiskArbitration.framework/Versions/A/DiskArbitration
0x00007ff829c55000 	/System/Library/PrivateFrameworks/MultitouchSupport.framework/Versions/A/MultitouchSupport
0x00007ff82282f000 	/usr/lib/libenergytrace.dylib
0x00007ff8202b4000 	/System/Library/Frameworks/IOKit.framework/Versions/A/IOKit
0x00007ff82e918000 	/System/Library/Frameworks/CoreServices.framework/Versions/A/CoreServices
0x00007ff824fbb000 	/System/Library/PrivateFrameworks/PerformanceAnalysis.framework/Versions/A/PerformanceAnalysis
0x00007ffa355c4000 	/System/Library/Frameworks/OpenGL.framework/Versions/A/OpenGL
0x00007ff827bcf000 	/System/Library/PrivateFrameworks/MobileKeyBag.framework/Versions/A/MobileKeyBag
0x00007ff82330b000 	/System/Library/Frameworks/ColorSync.framework/Versions/A/ColorSync
0x00007ff81d959000 	/System/Library/Frameworks/CoreFoundation.framework/Versions/A/CoreFoundation
0x00007ff826b61000 	/System/Library/Frameworks/CoreImage.framework/Versions/A/CoreImage
0x00007ff81f047000 	/System/Library/Frameworks/CoreText.framework/Versions/A/CoreText
0x00007ff826917000 	/System/Library/Frameworks/ImageIO.framework/Versions/A/ImageIO
0x00007ff828684000 	/System/Library/PrivateFrameworks/SoftLinking.framework/Versions/A/SoftLinking
0x00007ff82506c000 	/usr/lib/libxml2.2.dylib
0x00007ff828908000 	/usr/lib/libcompression.dylib
0x00007ff82a3c4000 	/System/Library/PrivateFrameworks/TextureIO.framework/Versions/A/TextureIO
0x00007ff828ffb000 	/usr/lib/libate.dylib
0x00007ff828dd9000 	/usr/lib/liblzma.5.dylib
0x00007ff81e4f0000 	/System/Library/Frameworks/SystemConfiguration.framework/Versions/A/SystemConfiguration
0x00007ff828680000 	/usr/lib/libfakelink.dylib
0x00007ff822382000 	/System/Library/Frameworks/CFNetwork.framework/Versions/A/CFNetwork
0x00007ff8287bf000 	/usr/lib/libarchive.2.dylib
0x00007ff826f56000 	/System/Library/PrivateFrameworks/AppleSystemInfo.framework/Versions/A/AppleSystemInfo
0x00007ff827cca000 	/usr/lib/libbsm.0.dylib
0x00007ff8219b8000 	/usr/lib/libnetwork.dylib
0x00007ff828619000 	/usr/lib/system/libkxld.dylib
0x00007ff8278f8000 	/System/Library/PrivateFrameworks/IOMobileFramebuffer.framework/Versions/A/IOMobileFramebuffer
0x00007ffb33372000 	/usr/lib/libCoreEntitlements.dylib
0x00007ff828332000 	/System/Library/PrivateFrameworks/AppleFSCompression.framework/Versions/A/AppleFSCompression
0x00007ff827cb2000 	/usr/lib/libcoretls.dylib
0x00007ff828df3000 	/usr/lib/libcoretls_cfhelpers.dylib
0x00007ff828903000 	/usr/lib/libpam.2.dylib
0x00007ff823cf3000 	/usr/lib/libsqlite3.dylib
0x00007ff828e62000 	/usr/lib/libxar.1.dylib
0x00007ff828342000 	/usr/lib/libbz2.1.0.dylib
0x00007ff828685000 	/usr/lib/libpcap.A.dylib
0x00007ff8240c8000 	/usr/lib/libdns_services.dylib
0x00007ff8288d2000 	/usr/lib/libapple_nghttp2.dylib
0x00007ff8286bc000 	/usr/lib/libiconv.2.dylib
0x00007ff828612000 	/usr/lib/libcharset.1.dylib
0x00007ff824fef000 	/System/Library/Frameworks/CoreServices.framework/Versions/A/Frameworks/FSEvents.framework/Versions/A/FSEvents
0x00007ff81ff4c000 	/System/Library/Frameworks/CoreServices.framework/Versions/A/Frameworks/CarbonCore.framework/Versions/A/CarbonCore
0x00007ff82430b000 	/System/Library/Frameworks/CoreServices.framework/Versions/A/Frameworks/Metadata.framework/Versions/A/Metadata
0x00007ff828355000 	/System/Library/Frameworks/CoreServices.framework/Versions/A/Frameworks/OSServices.framework/Versions/A/OSServices
0x00007ff828846000 	/System/Library/Frameworks/CoreServices.framework/Versions/A/Frameworks/SearchKit.framework/Versions/A/SearchKit
0x00007ff82405a000 	/System/Library/Frameworks/CoreServices.framework/Versions/A/Frameworks/AE.framework/Versions/A/AE
0x00007ff81de5c000 	/System/Library/Frameworks/CoreServices.framework/Versions/A/Frameworks/LaunchServices.framework/Versions/A/LaunchServices
0x00007ff828d8a000 	/System/Library/Frameworks/CoreServices.framework/Versions/A/Frameworks/DictionaryServices.framework/Versions/A/DictionaryServices
0x00007ff824ffc000 	/System/Library/Frameworks/CoreServices.framework/Versions/A/Frameworks/SharedFileList.framework/Versions/A/SharedFileList
0x00007ff827ca6000 	/usr/lib/libCheckFix.dylib
0x00007ff822893000 	/System/Library/PrivateFrameworks/TCC.framework/Versions/A/TCC
0x00007ff826f5c000 	/System/Library/PrivateFrameworks/CoreNLP.framework/Versions/A/CoreNLP
0x00007ff8242bb000 	/System/Library/PrivateFrameworks/MetadataUtilities.framework/Versions/A/MetadataUtilities
0x00007ff81e5a0000 	/usr/lib/libmecabra.dylib
0x00007ff827cda000 	/usr/lib/libmecab.dylib
0x00007ff81e56b000 	/usr/lib/libCRFSuite.dylib
0x00007ff827d37000 	/usr/lib/libgermantok.dylib
0x00007ff8288ad000 	/usr/lib/libThaiTokenizer.dylib
0x00007ff8243ad000 	/System/Library/Frameworks/Accelerate.framework/Versions/A/Frameworks/vImage.framework/Versions/A/vImage
0x00007ff82e8ef000 	/System/Library/Frameworks/Accelerate.framework/Versions/A/Frameworks/vecLib.framework/Versions/A/vecLib
0x00007ff828ea3000 	/System/Library/Frameworks/Accelerate.framework/Versions/A/Frameworks/vecLib.framework/Versions/A/libvMisc.dylib
0x00007ff827716000 	/System/Library/Frameworks/Accelerate.framework/Versions/A/Frameworks/vecLib.framework/Versions/A/libvDSP.dylib
0x00007ff81e1d4000 	/System/Library/Frameworks/Accelerate.framework/Versions/A/Frameworks/vecLib.framework/Versions/A/libBLAS.dylib
0x00007ff8289e4000 	/System/Library/Frameworks/Accelerate.framework/Versions/A/Frameworks/vecLib.framework/Versions/A/libLAPACK.dylib
0x00007ff827d3a000 	/System/Library/Frameworks/Accelerate.framework/Versions/A/Frameworks/vecLib.framework/Versions/A/libLinearAlgebra.dylib
0x00007ff8288eb000 	/System/Library/Frameworks/Accelerate.framework/Versions/A/Frameworks/vecLib.framework/Versions/A/libSparseBLAS.dylib
0x00007ff8289de000 	/System/Library/Frameworks/Accelerate.framework/Versions/A/Frameworks/vecLib.framework/Versions/A/libQuadrature.dylib
0x00007ff827046000 	/System/Library/Frameworks/Accelerate.framework/Versions/A/Frameworks/vecLib.framework/Versions/A/libBNNS.dylib
0x00007ff81e481000 	/System/Library/Frameworks/Accelerate.framework/Versions/A/Frameworks/vecLib.framework/Versions/A/libSparse.dylib
0x00007ff82703f000 	/System/Library/PrivateFrameworks/LinguisticData.framework/Versions/A/LinguisticData
0x00007ff81e436000 	/System/Library/PrivateFrameworks/Lexicon.framework/Versions/A/Lexicon
0x00007ff828e9c000 	/usr/lib/libChineseTokenizer.dylib
0x00007ff81eb9a000 	/System/Library/PrivateFrameworks/LanguageModeling.framework/Versions/A/LanguageModeling
0x00007ff8288af000 	/System/Library/PrivateFrameworks/AppleSauce.framework/Versions/A/AppleSauce
0x00007ff8278e6000 	/System/Library/PrivateFrameworks/CoreEmoji.framework/Versions/A/CoreEmoji
0x00007ff8287ae000 	/usr/lib/libcmph.dylib
0x00007ff824fd3000 	/System/Library/Frameworks/OpenDirectory.framework/Versions/A/Frameworks/CFOpenDirectory.framework/Versions/A/CFOpenDirectory
0x00007ff824fc7000 	/System/Library/Frameworks/OpenDirectory.framework/Versions/A/OpenDirectory
0x00007ff828df5000 	/System/Library/PrivateFrameworks/APFS.framework/Versions/A/APFS
0x00007ff827c07000 	/System/Library/Frameworks/SecurityFoundation.framework/Versions/A/SecurityFoundation
0x00007ff828e70000 	/usr/lib/libutil.dylib
0x00007ff820277000 	/System/Library/PrivateFrameworks/CoreServicesStore.framework/Versions/A/CoreServicesStore
0x00007ff828e74000 	/usr/lib/libxslt.1.dylib
0x00007ff827c94000 	/System/Library/PrivateFrameworks/BackgroundTaskManagement.framework/Versions/A/BackgroundTaskManagement
0x00007ff82a2e4000 	/System/Library/Frameworks/ImageIO.framework/Versions/A/Resources/libRadiance.dylib
0x00007ff82a2ed000 	/System/Library/Frameworks/ImageIO.framework/Versions/A/Resources/libJPEG.dylib
0x00007ff82a23d000 	/System/Library/Frameworks/ImageIO.framework/Versions/A/Resources/libPng.dylib
0x00007ff82a25e000 	/System/Library/Frameworks/ImageIO.framework/Versions/A/Resources/libTIFF.dylib
0x00007ff82a34d000 	/System/Library/Frameworks/ImageIO.framework/Versions/A/Resources/libGIF.dylib
0x00007ff829b6e000 	/System/Library/Frameworks/ImageIO.framework/Versions/A/Resources/libJP2.dylib
0x00007ff8292b0000 	/usr/lib/libexpat.1.dylib
0x00007ff829b23000 	/System/Library/PrivateFrameworks/AppleJPEG.framework/Versions/A/AppleJPEG
0x00007ff82649f000 	/System/Library/PrivateFrameworks/FontServices.framework/libFontParser.dylib
0x00007ff824004000 	/System/Library/PrivateFrameworks/RunningBoardServices.framework/Versions/A/RunningBoardServices
0x00007ff834abd000 	/System/Library/PrivateFrameworks/IOSurfaceAccelerator.framework/Versions/A/IOSurfaceAccelerator
0x00007ff829c51000 	/System/Library/PrivateFrameworks/WatchdogClient.framework/Versions/A/WatchdogClient
0x00007ff81ec89000 	/System/Library/Frameworks/CoreDisplay.framework/Versions/A/CoreDisplay
0x00007ff82639e000 	/System/Library/Frameworks/CoreMedia.framework/Versions/A/CoreMedia
0x00007ff82623b000 	/System/Library/PrivateFrameworks/IOAccelerator.framework/Versions/A/IOAccelerator
0x00007ff82514f000 	/System/Library/Frameworks/CoreVideo.framework/Versions/A/CoreVideo
0x00007ff828901000 	/System/Library/Frameworks/MetalPerformanceShaders.framework/Versions/A/MetalPerformanceShaders
0x00007ff829c8c000 	/System/Library/Frameworks/VideoToolbox.framework/Versions/A/VideoToolbox
0x00007ff823f4c000 	/System/Library/PrivateFrameworks/BaseBoard.framework/Versions/A/BaseBoard
0x00007ff823cd9000 	/System/Library/PrivateFrameworks/ProtocolBuffer.framework/Versions/A/ProtocolBuffer
0x00007ff82a2dd000 	/System/Library/PrivateFrameworks/GPUWrangler.framework/Versions/A/GPUWrangler
0x00007ff82a2c0000 	/System/Library/PrivateFrameworks/IOPresentment.framework/Versions/A/IOPresentment
0x00007ff82a2e7000 	/System/Library/PrivateFrameworks/DSExternalDisplay.framework/Versions/A/DSExternalDisplay
0x00007ffa355b8000 	/System/Library/Frameworks/OpenGL.framework/Versions/A/Libraries/libCoreFSCache.dylib
0x00007ffb2165c000 	/System/Library/PrivateFrameworks/GPUCompiler.framework/Versions/31001/Libraries/libGPUCompilerUtils.dylib
0x00007ff82a352000 	/System/Library/PrivateFrameworks/CMCaptureCore.framework/Versions/A/CMCaptureCore
0x00007ff82985c000 	/System/Library/PrivateFrameworks/AppServerSupport.framework/Versions/A/AppServerSupport
0x00007ff82ba39000 	/System/Library/PrivateFrameworks/perfdata.framework/Versions/A/perfdata
0x00007ff81edb5000 	/System/Library/PrivateFrameworks/AudioToolboxCore.framework/Versions/A/AudioToolboxCore
0x00007ff82637b000 	/System/Library/PrivateFrameworks/caulk.framework/Versions/A/caulk
0x00007ff82b35d000 	/usr/lib/libAudioStatistics.dylib
0x00007ff92268a000 	/System/Library/PrivateFrameworks/SystemPolicy.framework/Versions/A/SystemPolicy
0x00007ff82b5b2000 	/usr/lib/libSMC.dylib
0x00007ff8343f6000 	/System/Library/Frameworks/CoreMIDI.framework/Versions/A/CoreMIDI
0x00007ff82a20d000 	/usr/lib/libAudioToolboxUtility.dylib
0x00007ff91ea9c000 	/System/Library/PrivateFrameworks/OSAServicesClient.framework/Versions/A/OSAServicesClient
0x00007ff82ba46000 	/usr/lib/libperfcheck.dylib
0x00007ff92311c000 	/usr/lib/libmis.dylib
0x00007ffa35614000 	/System/Library/Frameworks/OpenGL.framework/Versions/A/Libraries/libGLU.dylib
0x00007ffa355d7000 	/System/Library/Frameworks/OpenGL.framework/Versions/A/Libraries/libGFXShared.dylib
0x00007ffa357e5000 	/System/Library/Frameworks/OpenGL.framework/Versions/A/Libraries/libGL.dylib
0x00007ffa355e0000 	/System/Library/Frameworks/OpenGL.framework/Versions/A/Libraries/libGLImage.dylib
0x00007ffa355d4000 	/System/Library/Frameworks/OpenGL.framework/Versions/A/Libraries/libCVMSPluginSupport.dylib
0x00007ffa355bf000 	/System/Library/Frameworks/OpenGL.framework/Versions/A/Libraries/libCoreVMClient.dylib
0x00007ff826eda000 	/System/Library/Frameworks/MetalPerformanceShaders.framework/Versions/A/Frameworks/MPSCore.framework/Versions/A/MPSCore
0x00007ff82829d000 	/System/Library/Frameworks/MetalPerformanceShaders.framework/Versions/A/Frameworks/MPSImage.framework/Versions/A/MPSImage
0x00007ff827d50000 	/System/Library/Frameworks/MetalPerformanceShaders.framework/Versions/A/Frameworks/MPSNeuralNetwork.framework/Versions/A/MPSNeuralNetwork
0x00007ff8281c5000 	/System/Library/Frameworks/MetalPerformanceShaders.framework/Versions/A/Frameworks/MPSMatrix.framework/Versions/A/MPSMatrix
0x00007ff827f81000 	/System/Library/Frameworks/MetalPerformanceShaders.framework/Versions/A/Frameworks/MPSRayIntersector.framework/Versions/A/MPSRayIntersector
0x00007ff8281fe000 	/System/Library/Frameworks/MetalPerformanceShaders.framework/Versions/A/Frameworks/MPSNDArray.framework/Versions/A/MPSNDArray
0x00007ffa3a1d6000 	/System/Library/Frameworks/MetalPerformanceShaders.framework/Versions/A/Frameworks/MPSFunctions.framework/Versions/A/MPSFunctions
0x00007ff81e0b7000 	/System/Library/PrivateFrameworks/MetalTools.framework/Versions/A/MetalTools
0x00007ff826f54000 	/System/Library/PrivateFrameworks/AggregateDictionary.framework/Versions/A/AggregateDictionary
0x00007ff829092000 	/usr/lib/libIOReport.dylib
0x00007ffa36bf4000 	/System/Library/Frameworks/OpenCL.framework/Versions/A/OpenCL
0x00007ff8293f6000 	/System/Library/PrivateFrameworks/FaceCore.framework/Versions/A/FaceCore
0x00007ff8293e7000 	/System/Library/PrivateFrameworks/GraphVisualizer.framework/Versions/A/GraphVisualizer
0x00007ffb21567000 	/System/Library/PrivateFrameworks/FontServices.framework/Versions/A/FontServices
0x00007ff829813000 	/System/Library/PrivateFrameworks/OTSVG.framework/Versions/A/OTSVG
0x00007ff824d37000 	/System/Library/Frameworks/ApplicationServices.framework/Versions/A/Frameworks/ATS.framework/Versions/A/Resources/libFontRegistry.dylib
0x00007ff829864000 	/System/Library/PrivateFrameworks/FontServices.framework/libhvf.dylib
0x00007ffb21568000 	/System/Library/PrivateFrameworks/FontServices.framework/libXTFontStaticRegistryData.dylib
0x00007ff829260000 	/System/Library/PrivateFrameworks/AppleVA.framework/Versions/A/AppleVA
0x00007ff82b381000 	/System/Library/Frameworks/ApplicationServices.framework/Versions/A/Frameworks/ATS.framework/Versions/A/ATS
0x00007ff823407000 	/System/Library/Frameworks/ApplicationServices.framework/Versions/A/Frameworks/HIServices.framework/Versions/A/HIServices
0x00007ff82a35c000 	/System/Library/Frameworks/ApplicationServices.framework/Versions/A/Frameworks/PrintCore.framework/Versions/A/PrintCore
0x00007ff82b705000 	/System/Library/Frameworks/ApplicationServices.framework/Versions/A/Frameworks/QD.framework/Versions/A/QD
0x00007ff82b6fd000 	/System/Library/Frameworks/ApplicationServices.framework/Versions/A/Frameworks/ColorSyncLegacy.framework/Versions/A/ColorSyncLegacy
0x00007ff82b371000 	/System/Library/Frameworks/ApplicationServices.framework/Versions/A/Frameworks/SpeechSynthesis.framework/Versions/A/SpeechSynthesis
0x00007ff82a31d000 	/System/Library/Frameworks/ApplicationServices.framework/Versions/A/Frameworks/ATSUI.framework/Versions/A/ATSUI
0x00007ff82b692000 	/usr/lib/libcups.2.dylib
0x00007ff82ba55000 	/System/Library/Frameworks/Kerberos.framework/Versions/A/Kerberos
0x00007ff82ba64000 	/System/Library/Frameworks/GSS.framework/Versions/A/GSS
0x00007ff82b3ed000 	/usr/lib/libresolv.9.dylib
0x00007ff829873000 	/System/Library/PrivateFrameworks/Heimdal.framework/Versions/A/Heimdal
0x00007ff83254d000 	/System/Library/Frameworks/Kerberos.framework/Versions/A/Libraries/libHeimdalProxy.dylib
0x00007ff8240d9000 	/System/Library/Frameworks/Network.framework/Versions/A/Network
0x00007ff8292ca000 	/usr/lib/libheimdal-asn1.dylib
0x00007ff82bab0000 	/System/Library/PrivateFrameworks/CommonAuth.framework/Versions/A/CommonAuth
0x00007ff82b2ee000 	/System/Library/PrivateFrameworks/AudioSession.framework/Versions/A/AudioSession
0x00007ff82935a000 	/System/Library/PrivateFrameworks/MediaExperience.framework/Versions/A/MediaExperience
0x00007ff82b182000 	/System/Library/PrivateFrameworks/AudioSession.framework/libSessionUtility.dylib
0x00007ff82b711000 	/System/Library/PrivateFrameworks/AudioResourceArbitration.framework/Versions/A/AudioResourceArbitration
0x00007ff82f702000 	/System/Library/PrivateFrameworks/PowerLog.framework/Versions/A/PowerLog
0x00007ff8292d3000 	/System/Library/PrivateFrameworks/IconFoundation.framework/Versions/A/IconFoundation
0x00007ff82e51c000 	/System/Library/PrivateFrameworks/SpeechRecognitionCore.framework/Versions/A/SpeechRecognitionCore
0x0000000106366000 	/Library/Java/JavaVirtualMachines/jdk-17.jdk/Contents/Home/lib/server/libjvm.dylib
0x0000000105370000 	/Library/Java/JavaVirtualMachines/jdk-17.jdk/Contents/Home/lib/libjimage.dylib
0x00000001053c4000 	/Library/Java/JavaVirtualMachines/jdk-17.jdk/Contents/Home/lib/libjdwp.dylib
0x0000000105408000 	/Library/Java/JavaVirtualMachines/jdk-17.jdk/Contents/Home/lib/libjava.dylib
0x0000000106286000 	/Library/Java/JavaVirtualMachines/jdk-17.jdk/Contents/Home/lib/libnio.dylib
0x00000001062c0000 	/Library/Java/JavaVirtualMachines/jdk-17.jdk/Contents/Home/lib/libnet.dylib
0x00000001062a2000 	/Library/Java/JavaVirtualMachines/jdk-17.jdk/Contents/Home/lib/libzip.dylib
0x00000001062e0000 	/Library/Java/JavaVirtualMachines/jdk-17.jdk/Contents/Home/lib/libdt_socket.dylib
0x00000001062f0000 	/Users/benjamin/.openjfx/cache/17.0.1/libprism_es2.dylib
0x00007ff820238000 	/System/Library/PrivateFrameworks/CoreServicesInternal.framework/Versions/A/CoreServicesInternal
0x00007ffa357f0000 	/System/Library/Frameworks/OpenGL.framework/Versions/A/Resources/GLEngine.bundle/GLEngine
0x00007ffa35652000 	/System/Library/Frameworks/OpenGL.framework/Versions/A/Libraries/libGLProgrammability.dylib
0x00007ffa2d326000 	/System/Library/Extensions/AppleIntelBDWGraphicsGLDriver.bundle/Contents/MacOS/AppleIntelBDWGraphicsGLDriver
0x00007ff92cfe5000 	/System/Library/PrivateFrameworks/GPUSupport.framework/Versions/A/Libraries/libGPUSupportMercury.dylib
0x00007ffa3597f000 	/System/Library/Frameworks/OpenGL.framework/Versions/A/Resources/GLRendererFloat.bundle/GLRendererFloat
0x0000000113761000 	/Users/benjamin/.openjfx/cache/17.0.1/libglass.dylib
0x00007ff82fcf3000 	/System/Library/Frameworks/FileProvider.framework/Versions/A/FileProvider
0x00007ff823eb8000 	/System/Library/Frameworks/Accounts.framework/Versions/A/Accounts
0x00007ff82fe6a000 	/System/Library/PrivateFrameworks/GenerationalStorage.framework/Versions/A/GenerationalStorage
0x00007ff83097c000 	/System/Library/PrivateFrameworks/CoreSymbolication.framework/Versions/A/CoreSymbolication
0x00007ff82f6f7000 	/System/Library/PrivateFrameworks/SymptomDiagnosticReporter.framework/Versions/A/SymptomDiagnosticReporter
0x00007ff8214f9000 	/System/Library/PrivateFrameworks/DesktopServicesPriv.framework/Versions/A/DesktopServicesPriv
0x00007ff820379000 	/usr/lib/libsandbox.1.dylib
0x00007ff8251ce000 	/System/Library/PrivateFrameworks/UserManagement.framework/Versions/A/UserManagement
0x00007ff830941000 	/System/Library/PrivateFrameworks/DebugSymbols.framework/Versions/A/DebugSymbols
0x00007ff82b6f2000 	/System/Library/PrivateFrameworks/NetAuth.framework/Versions/A/NetAuth
0x00007ff82c5e0000 	/System/Library/PrivateFrameworks/Sharing.framework/Versions/A/Sharing
0x00007ff8251a1000 	/System/Library/PrivateFrameworks/login.framework/Versions/A/Frameworks/loginsupport.framework/Versions/A/loginsupport
0x00007ff831a81000 	/System/Library/PrivateFrameworks/Apple80211.framework/Versions/A/Apple80211
0x00007ff828382000 	/System/Library/PrivateFrameworks/AuthKit.framework/Versions/A/AuthKit
0x00007ff8279dc000 	/System/Library/PrivateFrameworks/CoreUtils.framework/Versions/A/CoreUtils
0x00007ff827903000 	/System/Library/Frameworks/CoreWLAN.framework/Versions/A/CoreWLAN
0x00007ff82c73b000 	/System/Library/Frameworks/IOBluetooth.framework/Versions/A/IOBluetooth
0x00007ff831ae9000 	/System/Library/PrivateFrameworks/CoreWiFi.framework/Versions/A/CoreWiFi
0x00007ff830516000 	/System/Library/PrivateFrameworks/FrontBoardServices.framework/Versions/A/FrontBoardServices
0x00007ff8305a8000 	/System/Library/PrivateFrameworks/BoardServices.framework/Versions/A/BoardServices
0x00007ff827bf6000 	/System/Library/PrivateFrameworks/AssertionServices.framework/Versions/A/AssertionServices
0x00007ff831c6d000 	/System/Library/PrivateFrameworks/BackBoardServices.framework/Versions/A/BackBoardServices
0x00007ff82bb3f000 	/System/Library/PrivateFrameworks/CorePhoneNumbers.framework/Versions/A/CorePhoneNumbers
0x00007ff82f814000 	/System/Library/PrivateFrameworks/DiskManagement.framework/Versions/A/DiskManagement
0x00007ff82f728000 	/System/Library/PrivateFrameworks/AppleIDAuthSupport.framework/Versions/A/AppleIDAuthSupport
0x00007ffa3c16c000 	/System/Library/PrivateFrameworks/AAAFoundation.framework/Versions/A/AAAFoundation
0x00007ff82bb20000 	/System/Library/PrivateFrameworks/KeychainCircle.framework/Versions/A/KeychainCircle
0x00007ff82f7e0000 	/System/Library/PrivateFrameworks/MediaKit.framework/Versions/A/MediaKit
0x00007ff82f734000 	/System/Library/Frameworks/DiscRecording.framework/Versions/A/DiscRecording
0x00007ff8291d8000 	/usr/lib/libCoreStorage.dylib
0x00007ff831f5c000 	/usr/lib/libcsfde.dylib
0x00007ff82c808000 	/System/Library/PrivateFrameworks/ProtectedCloudStorage.framework/Versions/A/ProtectedCloudStorage
0x00007ff831f58000 	/System/Library/PrivateFrameworks/EFILogin.framework/Versions/A/EFILogin
0x00007ff82fe90000 	/System/Library/PrivateFrameworks/OctagonTrust.framework/Versions/A/OctagonTrust
0x00007ffb20889000 	/System/Library/PrivateFrameworks/CoreUtilsExtras.framework/Versions/A/CoreUtilsExtras
0x00007ff82f66a000 	/System/Library/Frameworks/CoreBluetooth.framework/Versions/A/CoreBluetooth
0x00007ff8325d2000 	/System/Library/Frameworks/AudioUnit.framework/Versions/A/AudioUnit
0x00007ff8291d0000 	/usr/lib/libMatch.1.dylib
0x00007ff92756b000 	/System/Library/Frameworks/Accelerate.framework/Versions/A/Frameworks/vImage.framework/Versions/A/Libraries/libCGInterfaces.dylib
0x0000000127e37000 	/usr/lib/libobjc-trampolines.dylib
0x00007ff824ec7000 	/System/Library/PrivateFrameworks/ViewBridge.framework/Versions/A/ViewBridge


VM Arguments:
jvm_args: -agentlib:jdwp=transport=dt_socket,server=n,suspend=y,address=127.0.0.1:55843 -Dfile.encoding=UTF-8 -Duser.country=FR -Duser.language=fr -Duser.variant --module-path=/Users/benjamin/Dropbox/Travail/Etudes/BTS SIO - SLAM/ANNÉE 2/Matières spécialisées/Projets/AP4 - GSB/GSB - Médecins/gsb_medecins/build/libs/gsb_medecin_mac-1.0-SNAPSHOT.jar:/Users/benjamin/Dropbox/Travail/Etudes/BTS SIO - SLAM/ANNÉE 2/Matières spécialisées/Projets/AP4 - GSB/GSB - Médecins/gsb_medecins/build/classes/java/main:/Users/benjamin/.gradle/caches/modules-2/files-2.1/org.openjfx/javafx-fxml/17.0.1/4ec9abf3948b347b5ce0e09813add3f25a6dbc0b/javafx-fxml-17.0.1-mac.jar:/Users/benjamin/.gradle/caches/modules-2/files-2.1/org.openjfx/javafx-controls/17.0.1/9c4e3c7ee4fe3f2d71cb94811910695f43040dc5/javafx-controls-17.0.1-mac.jar:/Users/benjamin/.gradle/caches/modules-2/files-2.1/org.openjfx/javafx-controls/17.0.1/4aa202089425f7b3bac4566e98da4b94ad10ee00/javafx-controls-17.0.1.jar:/Users/benjamin/.gradle/caches/modules-2/files-2.1/org.openjfx/javafx-graphics/17.0.1/60505369f7528056d4d8c5ea080df5447bdb0264/javafx-graphics-17.0.1-mac.jar:/Users/benjamin/.gradle/caches/modules-2/files-2.1/org.openjfx/javafx-graphics/17.0.1/324fd0f6c9c55330fc64a44dde0887d9646e800a/javafx-graphics-17.0.1.jar:/Users/benjamin/.gradle/caches/modules-2/files-2.1/org.openjfx/javafx-base/17.0.1/75cfa6f780ea3b3fd4ae336161e9e136ebb91ef2/javafx-base-17.0.1-mac.jar:/Users/benjamin/.gradle/caches/modules-2/files-2.1/org.openjfx/javafx-base/17.0.1/2c53dcf0d89ff42a63b09d941cab75c5a052ef32/javafx-base-17.0.1.jar:/Users/benjamin/.gradle/caches/modules-2/files-2.1/com.dlsc.formsfx/formsfx-core/11.4.2/64a96bb0ec2ad4ab7be1df09070f0af3901a7db6/formsfx-core-11.4.2.jar:/Users/benjamin/.gradle/caches/modules-2/files-2.1/com.google.protobuf/protobuf-java/3.11.4/7ec0925cc3aef0335bbc7d57edfd42b0f86f8267/protobuf-java-3.11.4.jar -Djdk.module.main=fr.skaayz.project 
java_command: fr.skaayz.project/fr.skaayz.gsb_medecin_mac.Main
java_class_path (initial): /Users/benjamin/Dropbox/Travail/Etudes/BTS SIO - SLAM/ANNÉE 2/Matières spécialisées/Projets/AP4 - GSB/GSB - Médecins/gsb_medecins/build/resources/main:/Users/benjamin/.gradle/caches/modules-2/files-2.1/mysql/mysql-connector-java/8.0.28/33678b1729d4f832b9e4bcb2d5bbd67940920a7a/mysql-connector-java-8.0.28.jar
Launcher Type: SUN_STANDARD

[Global flags]
     intx CICompilerCount                          = 3                                         {product} {ergonomic}
     uint ConcGCThreads                            = 1                                         {product} {ergonomic}
     uint G1ConcRefinementThreads                  = 4                                         {product} {ergonomic}
   size_t G1HeapRegionSize                         = 1048576                                   {product} {ergonomic}
    uintx GCDrainStackTargetSize                   = 64                                        {product} {ergonomic}
   size_t InitialHeapSize                          = 134217728                                 {product} {ergonomic}
   size_t MarkStackSize                            = 4194304                                   {product} {ergonomic}
   size_t MaxHeapSize                              = 2147483648                                {product} {ergonomic}
   size_t MaxNewSize                               = 1287651328                                {product} {ergonomic}
   size_t MinHeapDeltaBytes                        = 1048576                                   {product} {ergonomic}
   size_t MinHeapSize                              = 8388608                                   {product} {ergonomic}
    uintx NonNMethodCodeHeapSize                   = 5832780                                {pd product} {ergonomic}
    uintx NonProfiledCodeHeapSize                  = 122912730                              {pd product} {ergonomic}
    uintx ProfiledCodeHeapSize                     = 122912730                              {pd product} {ergonomic}
    uintx ReservedCodeCacheSize                    = 251658240                              {pd product} {ergonomic}
     bool SegmentedCodeCache                       = true                                      {product} {ergonomic}
   size_t SoftMaxHeapSize                          = 2147483648                             {manageable} {ergonomic}
     bool UseCompressedClassPointers               = true                           {product lp64_product} {ergonomic}
     bool UseCompressedOops                        = true                           {product lp64_product} {ergonomic}
     bool UseG1GC                                  = true                                      {product} {ergonomic}
     bool UseNUMA                                  = false                                     {product} {ergonomic}
     bool UseNUMAInterleaving                      = false                                     {product} {ergonomic}

Logging:
Log output configuration:
 #0: stdout all=warning uptime,level,tags
 #1: stderr all=off uptime,level,tags

Environment Variables:
PATH=/usr/local/bin:/usr/bin:/bin:/usr/sbin:/sbin:/Applications/VMware Fusion.app/Contents/Public:/Library/Apple/usr/bin
SHELL=/bin/zsh
LC_CTYPE=fr_FR.UTF-8

Signal Handlers:
   SIGSEGV: _ZL13crash_handleriP9__siginfoPv in libjvm.dylib, mask=11100110000111110111111111111111, flags=SA_RESTART|SA_SIGINFO
    SIGBUS: _ZL13crash_handleriP9__siginfoPv in libjvm.dylib, mask=11100110000111110111111111111111, flags=SA_RESTART|SA_SIGINFO
    SIGFPE: _ZL13crash_handleriP9__siginfoPv in libjvm.dylib, mask=11100110000111110111111111111111, flags=SA_RESTART|SA_SIGINFO
   SIGPIPE: _ZL17javaSignalHandleriP9__siginfoPv in libjvm.dylib, mask=11100110000111110111111111111111, flags=SA_RESTART|SA_SIGINFO
   SIGXFSZ: _ZL17javaSignalHandleriP9__siginfoPv in libjvm.dylib, mask=11100110000111110111111111111111, flags=SA_RESTART|SA_SIGINFO
    SIGILL: _ZL13crash_handleriP9__siginfoPv in libjvm.dylib, mask=11100110000111110111111111111111, flags=SA_RESTART|SA_SIGINFO
   SIGUSR2: _ZL10SR_handleriP9__siginfoP17__darwin_ucontext in libjvm.dylib, mask=00100000000000000000000000000000, flags=SA_RESTART|SA_SIGINFO
    SIGHUP: _ZL11UserHandleriPvS_ in libjvm.dylib, mask=11100110000111110111111111111111, flags=SA_RESTART|SA_SIGINFO
    SIGINT: _ZL11UserHandleriPvS_ in libjvm.dylib, mask=11100110000111110111111111111111, flags=SA_RESTART|SA_SIGINFO
   SIGTERM: _ZL11UserHandleriPvS_ in libjvm.dylib, mask=11100110000111110111111111111111, flags=SA_RESTART|SA_SIGINFO
   SIGQUIT: _ZL11UserHandleriPvS_ in libjvm.dylib, mask=11100110000111110111111111111111, flags=SA_RESTART|SA_SIGINFO
   SIGTRAP: _ZL13crash_handleriP9__siginfoPv in libjvm.dylib, mask=11100110000111110111111111111111, flags=SA_RESTART|SA_SIGINFO


---------------  S Y S T E M  ---------------

OS:
uname: Darwin 21.2.0 Darwin Kernel Version 21.2.0: Sun Nov 28 20:28:54 PST 2021; root:xnu-8019.61.5~1/RELEASE_X86_64 x86_64
OS uptime: 6 days 8:21 hours
rlimit (soft/hard): STACK 8192k/65532k , CORE 0k/infinity , NPROC 1392/2088 , NOFILE 10240/infinity , AS infinity/infinity , CPU infinity/infinity , DATA infinity/infinity , FSIZE infinity/infinity , MEMLOCK infinity/infinity , RSS infinity/infinity
load average: 3.17 3.69 4.09

CPU: total 4 (initial active 4) (2 cores per cpu, 2 threads per core) family 6 model 61 stepping 4 microcode 0x2f, cx8, cmov, fxsr, ht, mmx, 3dnowpref, sse, sse2, sse3, ssse3, sse4.1, sse4.2, popcnt, lzcnt, tsc, tscinvbit, avx, avx2, aes, erms, clmul, bmi1, bmi2, rtm, adx, fma, vzeroupper, clflush

Memory: 4k page, physical 8388608k(20928k free), swap 2097152k(615680k free)

vm_info: Java HotSpot(TM) 64-Bit Server VM (17+35-LTS-2724) for bsd-amd64 JRE (17+35-LTS-2724), built on Aug  5 2021 22:37:01 by "mach5one" with clang Apple LLVM 12.0.0 (clang-1200.0.32.29)

END.
